[0.063s] DEBUG:colcon:Command line arguments: ['/usr/bin/colcon', 'build']
[0.063s] DEBUG:colcon:Parsed command line arguments: Namespace(log_base=None, log_level=None, verb_name='build', build_base='build', install_base='install', merge_install=False, symlink_install=False, test_result_base=None, continue_on_error=False, executor='parallel', parallel_workers=18, event_handlers=None, ignore_user_meta=False, metas=['./colcon.meta'], base_paths=['.'], packages_ignore=None, packages_ignore_regex=None, paths=None, packages_up_to=None, packages_up_to_regex=None, packages_above=None, packages_above_and_dependencies=None, packages_above_depth=None, packages_select_by_dep=None, packages_skip_by_dep=None, packages_skip_up_to=None, packages_select_build_failed=False, packages_skip_build_finished=False, packages_select_test_failures=False, packages_skip_test_passed=False, packages_select=None, packages_skip=None, packages_select_regex=None, packages_skip_regex=None, packages_start=None, packages_end=None, allow_overriding=[], cmake_args=None, cmake_target=None, cmake_target_skip_unavailable=False, cmake_clean_cache=False, cmake_clean_first=False, cmake_force_configure=False, ament_cmake_args=None, catkin_cmake_args=None, catkin_skip_building_tests=False, mixin_files=None, mixin=None, verb_parser=<colcon_mixin.mixin.mixin_argument.MixinArgumentDecorator object at 0x7f7a5d788040>, verb_extension=<colcon_core.verb.build.BuildVerb object at 0x7f7a5d890f40>, main=<bound method BuildVerb.main of <colcon_core.verb.build.BuildVerb object at 0x7f7a5d890f40>>, mixin_verb=('build',))
[0.156s] Level 1:colcon.colcon_core.package_discovery:discover_packages(colcon_meta) check parameters
[0.156s] Level 1:colcon.colcon_core.package_discovery:discover_packages(recursive) check parameters
[0.156s] Level 1:colcon.colcon_core.package_discovery:discover_packages(ignore) check parameters
[0.156s] Level 1:colcon.colcon_core.package_discovery:discover_packages(path) check parameters
[0.156s] Level 1:colcon.colcon_core.package_discovery:discover_packages(colcon_meta) discover
[0.156s] Level 1:colcon.colcon_core.package_discovery:discover_packages(recursive) discover
[0.156s] INFO:colcon.colcon_core.package_discovery:Crawling recursively for packages in '/home/jinwoo/webots_ros2_ws'
[0.156s] Level 1:colcon.colcon_core.package_identification:_identify(.) by extensions ['ignore', 'ignore_ament_install']
[0.156s] Level 1:colcon.colcon_core.package_identification:_identify(.) by extension 'ignore'
[0.157s] Level 1:colcon.colcon_core.package_identification:_identify(.) by extension 'ignore_ament_install'
[0.157s] Level 1:colcon.colcon_core.package_identification:_identify(.) by extensions ['colcon_pkg']
[0.157s] Level 1:colcon.colcon_core.package_identification:_identify(.) by extension 'colcon_pkg'
[0.157s] Level 1:colcon.colcon_core.package_identification:_identify(.) by extensions ['colcon_meta']
[0.157s] Level 1:colcon.colcon_core.package_identification:_identify(.) by extension 'colcon_meta'
[0.157s] Level 1:colcon.colcon_core.package_identification:_identify(.) by extensions ['ros']
[0.157s] Level 1:colcon.colcon_core.package_identification:_identify(.) by extension 'ros'
[0.163s] Level 1:colcon.colcon_core.package_identification:_identify(.) by extensions ['cmake', 'python']
[0.163s] Level 1:colcon.colcon_core.package_identification:_identify(.) by extension 'cmake'
[0.163s] Level 1:colcon.colcon_core.package_identification:_identify(.) by extension 'python'
[0.163s] Level 1:colcon.colcon_core.package_identification:_identify(.) by extensions ['python_setup_py']
[0.163s] Level 1:colcon.colcon_core.package_identification:_identify(.) by extension 'python_setup_py'
[0.163s] Level 1:colcon.colcon_core.package_identification:_identify(build) by extensions ['ignore', 'ignore_ament_install']
[0.163s] Level 1:colcon.colcon_core.package_identification:_identify(build) by extension 'ignore'
[0.163s] Level 1:colcon.colcon_core.package_identification:_identify(build) ignored
[0.163s] Level 1:colcon.colcon_core.package_identification:_identify(install) by extensions ['ignore', 'ignore_ament_install']
[0.163s] Level 1:colcon.colcon_core.package_identification:_identify(install) by extension 'ignore'
[0.163s] Level 1:colcon.colcon_core.package_identification:_identify(install) ignored
[0.163s] Level 1:colcon.colcon_core.package_identification:_identify(log) by extensions ['ignore', 'ignore_ament_install']
[0.163s] Level 1:colcon.colcon_core.package_identification:_identify(log) by extension 'ignore'
[0.163s] Level 1:colcon.colcon_core.package_identification:_identify(log) ignored
[0.163s] Level 1:colcon.colcon_core.package_identification:_identify(src) by extensions ['ignore', 'ignore_ament_install']
[0.163s] Level 1:colcon.colcon_core.package_identification:_identify(src) by extension 'ignore'
[0.163s] Level 1:colcon.colcon_core.package_identification:_identify(src) by extension 'ignore_ament_install'
[0.163s] Level 1:colcon.colcon_core.package_identification:_identify(src) by extensions ['colcon_pkg']
[0.163s] Level 1:colcon.colcon_core.package_identification:_identify(src) by extension 'colcon_pkg'
[0.163s] Level 1:colcon.colcon_core.package_identification:_identify(src) by extensions ['colcon_meta']
[0.163s] Level 1:colcon.colcon_core.package_identification:_identify(src) by extension 'colcon_meta'
[0.163s] Level 1:colcon.colcon_core.package_identification:_identify(src) by extensions ['ros']
[0.163s] Level 1:colcon.colcon_core.package_identification:_identify(src) by extension 'ros'
[0.163s] Level 1:colcon.colcon_core.package_identification:_identify(src) by extensions ['cmake', 'python']
[0.163s] Level 1:colcon.colcon_core.package_identification:_identify(src) by extension 'cmake'
[0.163s] Level 1:colcon.colcon_core.package_identification:_identify(src) by extension 'python'
[0.164s] Level 1:colcon.colcon_core.package_identification:_identify(src) by extensions ['python_setup_py']
[0.164s] Level 1:colcon.colcon_core.package_identification:_identify(src) by extension 'python_setup_py'
[0.164s] Level 1:colcon.colcon_core.package_identification:_identify(src/bt_image_capture) by extensions ['ignore', 'ignore_ament_install']
[0.164s] Level 1:colcon.colcon_core.package_identification:_identify(src/bt_image_capture) by extension 'ignore'
[0.164s] Level 1:colcon.colcon_core.package_identification:_identify(src/bt_image_capture) by extension 'ignore_ament_install'
[0.164s] Level 1:colcon.colcon_core.package_identification:_identify(src/bt_image_capture) by extensions ['colcon_pkg']
[0.164s] Level 1:colcon.colcon_core.package_identification:_identify(src/bt_image_capture) by extension 'colcon_pkg'
[0.164s] Level 1:colcon.colcon_core.package_identification:_identify(src/bt_image_capture) by extensions ['colcon_meta']
[0.164s] Level 1:colcon.colcon_core.package_identification:_identify(src/bt_image_capture) by extension 'colcon_meta'
[0.164s] Level 1:colcon.colcon_core.package_identification:_identify(src/bt_image_capture) by extensions ['ros']
[0.164s] Level 1:colcon.colcon_core.package_identification:_identify(src/bt_image_capture) by extension 'ros'
[0.165s] DEBUG:colcon.colcon_core.package_identification:Package 'src/bt_image_capture' with type 'ros.ament_python' and name 'bt_image_capture'
[0.165s] Level 1:colcon.colcon_core.package_identification:_identify(src/webots_ros2) by extensions ['ignore', 'ignore_ament_install']
[0.165s] Level 1:colcon.colcon_core.package_identification:_identify(src/webots_ros2) by extension 'ignore'
[0.165s] Level 1:colcon.colcon_core.package_identification:_identify(src/webots_ros2) by extension 'ignore_ament_install'
[0.165s] Level 1:colcon.colcon_core.package_identification:_identify(src/webots_ros2) by extensions ['colcon_pkg']
[0.165s] Level 1:colcon.colcon_core.package_identification:_identify(src/webots_ros2) by extension 'colcon_pkg'
[0.165s] Level 1:colcon.colcon_core.package_identification:_identify(src/webots_ros2) by extensions ['colcon_meta']
[0.165s] Level 1:colcon.colcon_core.package_identification:_identify(src/webots_ros2) by extension 'colcon_meta'
[0.165s] Level 1:colcon.colcon_core.package_identification:_identify(src/webots_ros2) by extensions ['ros']
[0.165s] Level 1:colcon.colcon_core.package_identification:_identify(src/webots_ros2) by extension 'ros'
[0.166s] Level 1:colcon.colcon_core.package_identification:_identify(src/webots_ros2) by extensions ['cmake', 'python']
[0.166s] Level 1:colcon.colcon_core.package_identification:_identify(src/webots_ros2) by extension 'cmake'
[0.166s] Level 1:colcon.colcon_core.package_identification:_identify(src/webots_ros2) by extension 'python'
[0.166s] Level 1:colcon.colcon_core.package_identification:_identify(src/webots_ros2) by extensions ['python_setup_py']
[0.166s] Level 1:colcon.colcon_core.package_identification:_identify(src/webots_ros2) by extension 'python_setup_py'
[0.166s] Level 1:colcon.colcon_core.package_identification:_identify(src/webots_ros2/docker) by extensions ['ignore', 'ignore_ament_install']
[0.166s] Level 1:colcon.colcon_core.package_identification:_identify(src/webots_ros2/docker) by extension 'ignore'
[0.166s] Level 1:colcon.colcon_core.package_identification:_identify(src/webots_ros2/docker) by extension 'ignore_ament_install'
[0.166s] Level 1:colcon.colcon_core.package_identification:_identify(src/webots_ros2/docker) by extensions ['colcon_pkg']
[0.166s] Level 1:colcon.colcon_core.package_identification:_identify(src/webots_ros2/docker) by extension 'colcon_pkg'
[0.166s] Level 1:colcon.colcon_core.package_identification:_identify(src/webots_ros2/docker) by extensions ['colcon_meta']
[0.166s] Level 1:colcon.colcon_core.package_identification:_identify(src/webots_ros2/docker) by extension 'colcon_meta'
[0.166s] Level 1:colcon.colcon_core.package_identification:_identify(src/webots_ros2/docker) by extensions ['ros']
[0.166s] Level 1:colcon.colcon_core.package_identification:_identify(src/webots_ros2/docker) by extension 'ros'
[0.166s] Level 1:colcon.colcon_core.package_identification:_identify(src/webots_ros2/docker) by extensions ['cmake', 'python']
[0.166s] Level 1:colcon.colcon_core.package_identification:_identify(src/webots_ros2/docker) by extension 'cmake'
[0.166s] Level 1:colcon.colcon_core.package_identification:_identify(src/webots_ros2/docker) by extension 'python'
[0.166s] Level 1:colcon.colcon_core.package_identification:_identify(src/webots_ros2/docker) by extensions ['python_setup_py']
[0.166s] Level 1:colcon.colcon_core.package_identification:_identify(src/webots_ros2/docker) by extension 'python_setup_py'
[0.166s] Level 1:colcon.colcon_core.package_identification:_identify(src/webots_ros2/images) by extensions ['ignore', 'ignore_ament_install']
[0.166s] Level 1:colcon.colcon_core.package_identification:_identify(src/webots_ros2/images) by extension 'ignore'
[0.166s] Level 1:colcon.colcon_core.package_identification:_identify(src/webots_ros2/images) by extension 'ignore_ament_install'
[0.166s] Level 1:colcon.colcon_core.package_identification:_identify(src/webots_ros2/images) by extensions ['colcon_pkg']
[0.166s] Level 1:colcon.colcon_core.package_identification:_identify(src/webots_ros2/images) by extension 'colcon_pkg'
[0.166s] Level 1:colcon.colcon_core.package_identification:_identify(src/webots_ros2/images) by extensions ['colcon_meta']
[0.166s] Level 1:colcon.colcon_core.package_identification:_identify(src/webots_ros2/images) by extension 'colcon_meta'
[0.166s] Level 1:colcon.colcon_core.package_identification:_identify(src/webots_ros2/images) by extensions ['ros']
[0.166s] Level 1:colcon.colcon_core.package_identification:_identify(src/webots_ros2/images) by extension 'ros'
[0.166s] Level 1:colcon.colcon_core.package_identification:_identify(src/webots_ros2/images) by extensions ['cmake', 'python']
[0.166s] Level 1:colcon.colcon_core.package_identification:_identify(src/webots_ros2/images) by extension 'cmake'
[0.166s] Level 1:colcon.colcon_core.package_identification:_identify(src/webots_ros2/images) by extension 'python'
[0.166s] Level 1:colcon.colcon_core.package_identification:_identify(src/webots_ros2/images) by extensions ['python_setup_py']
[0.166s] Level 1:colcon.colcon_core.package_identification:_identify(src/webots_ros2/images) by extension 'python_setup_py'
[0.166s] Level 1:colcon.colcon_core.package_identification:_identify(src/webots_ros2/scripts) by extensions ['ignore', 'ignore_ament_install']
[0.166s] Level 1:colcon.colcon_core.package_identification:_identify(src/webots_ros2/scripts) by extension 'ignore'
[0.166s] Level 1:colcon.colcon_core.package_identification:_identify(src/webots_ros2/scripts) by extension 'ignore_ament_install'
[0.166s] Level 1:colcon.colcon_core.package_identification:_identify(src/webots_ros2/scripts) by extensions ['colcon_pkg']
[0.166s] Level 1:colcon.colcon_core.package_identification:_identify(src/webots_ros2/scripts) by extension 'colcon_pkg'
[0.166s] Level 1:colcon.colcon_core.package_identification:_identify(src/webots_ros2/scripts) by extensions ['colcon_meta']
[0.166s] Level 1:colcon.colcon_core.package_identification:_identify(src/webots_ros2/scripts) by extension 'colcon_meta'
[0.166s] Level 1:colcon.colcon_core.package_identification:_identify(src/webots_ros2/scripts) by extensions ['ros']
[0.166s] Level 1:colcon.colcon_core.package_identification:_identify(src/webots_ros2/scripts) by extension 'ros'
[0.166s] Level 1:colcon.colcon_core.package_identification:_identify(src/webots_ros2/scripts) by extensions ['cmake', 'python']
[0.166s] Level 1:colcon.colcon_core.package_identification:_identify(src/webots_ros2/scripts) by extension 'cmake'
[0.166s] Level 1:colcon.colcon_core.package_identification:_identify(src/webots_ros2/scripts) by extension 'python'
[0.167s] Level 1:colcon.colcon_core.package_identification:_identify(src/webots_ros2/scripts) by extensions ['python_setup_py']
[0.167s] Level 1:colcon.colcon_core.package_identification:_identify(src/webots_ros2/scripts) by extension 'python_setup_py'
[0.167s] Level 1:colcon.colcon_core.package_identification:_identify(src/webots_ros2/tests) by extensions ['ignore', 'ignore_ament_install']
[0.167s] Level 1:colcon.colcon_core.package_identification:_identify(src/webots_ros2/tests) by extension 'ignore'
[0.167s] Level 1:colcon.colcon_core.package_identification:_identify(src/webots_ros2/tests) by extension 'ignore_ament_install'
[0.167s] Level 1:colcon.colcon_core.package_identification:_identify(src/webots_ros2/tests) by extensions ['colcon_pkg']
[0.167s] Level 1:colcon.colcon_core.package_identification:_identify(src/webots_ros2/tests) by extension 'colcon_pkg'
[0.167s] Level 1:colcon.colcon_core.package_identification:_identify(src/webots_ros2/tests) by extensions ['colcon_meta']
[0.167s] Level 1:colcon.colcon_core.package_identification:_identify(src/webots_ros2/tests) by extension 'colcon_meta'
[0.167s] Level 1:colcon.colcon_core.package_identification:_identify(src/webots_ros2/tests) by extensions ['ros']
[0.167s] Level 1:colcon.colcon_core.package_identification:_identify(src/webots_ros2/tests) by extension 'ros'
[0.167s] Level 1:colcon.colcon_core.package_identification:_identify(src/webots_ros2/tests) by extensions ['cmake', 'python']
[0.167s] Level 1:colcon.colcon_core.package_identification:_identify(src/webots_ros2/tests) by extension 'cmake'
[0.167s] Level 1:colcon.colcon_core.package_identification:_identify(src/webots_ros2/tests) by extension 'python'
[0.167s] Level 1:colcon.colcon_core.package_identification:_identify(src/webots_ros2/tests) by extensions ['python_setup_py']
[0.167s] Level 1:colcon.colcon_core.package_identification:_identify(src/webots_ros2/tests) by extension 'python_setup_py'
[0.167s] Level 1:colcon.colcon_core.package_identification:_identify(src/webots_ros2/tests/sources) by extensions ['ignore', 'ignore_ament_install']
[0.167s] Level 1:colcon.colcon_core.package_identification:_identify(src/webots_ros2/tests/sources) by extension 'ignore'
[0.167s] Level 1:colcon.colcon_core.package_identification:_identify(src/webots_ros2/tests/sources) by extension 'ignore_ament_install'
[0.167s] Level 1:colcon.colcon_core.package_identification:_identify(src/webots_ros2/tests/sources) by extensions ['colcon_pkg']
[0.167s] Level 1:colcon.colcon_core.package_identification:_identify(src/webots_ros2/tests/sources) by extension 'colcon_pkg'
[0.167s] Level 1:colcon.colcon_core.package_identification:_identify(src/webots_ros2/tests/sources) by extensions ['colcon_meta']
[0.167s] Level 1:colcon.colcon_core.package_identification:_identify(src/webots_ros2/tests/sources) by extension 'colcon_meta'
[0.167s] Level 1:colcon.colcon_core.package_identification:_identify(src/webots_ros2/tests/sources) by extensions ['ros']
[0.167s] Level 1:colcon.colcon_core.package_identification:_identify(src/webots_ros2/tests/sources) by extension 'ros'
[0.167s] Level 1:colcon.colcon_core.package_identification:_identify(src/webots_ros2/tests/sources) by extensions ['cmake', 'python']
[0.167s] Level 1:colcon.colcon_core.package_identification:_identify(src/webots_ros2/tests/sources) by extension 'cmake'
[0.167s] Level 1:colcon.colcon_core.package_identification:_identify(src/webots_ros2/tests/sources) by extension 'python'
[0.167s] Level 1:colcon.colcon_core.package_identification:_identify(src/webots_ros2/tests/sources) by extensions ['python_setup_py']
[0.167s] Level 1:colcon.colcon_core.package_identification:_identify(src/webots_ros2/tests/sources) by extension 'python_setup_py'
[0.167s] Level 1:colcon.colcon_core.package_identification:_identify(src/webots_ros2/webots_ros2) by extensions ['ignore', 'ignore_ament_install']
[0.167s] Level 1:colcon.colcon_core.package_identification:_identify(src/webots_ros2/webots_ros2) by extension 'ignore'
[0.167s] Level 1:colcon.colcon_core.package_identification:_identify(src/webots_ros2/webots_ros2) by extension 'ignore_ament_install'
[0.167s] Level 1:colcon.colcon_core.package_identification:_identify(src/webots_ros2/webots_ros2) by extensions ['colcon_pkg']
[0.167s] Level 1:colcon.colcon_core.package_identification:_identify(src/webots_ros2/webots_ros2) by extension 'colcon_pkg'
[0.167s] Level 1:colcon.colcon_core.package_identification:_identify(src/webots_ros2/webots_ros2) by extensions ['colcon_meta']
[0.167s] Level 1:colcon.colcon_core.package_identification:_identify(src/webots_ros2/webots_ros2) by extension 'colcon_meta'
[0.167s] Level 1:colcon.colcon_core.package_identification:_identify(src/webots_ros2/webots_ros2) by extensions ['ros']
[0.167s] Level 1:colcon.colcon_core.package_identification:_identify(src/webots_ros2/webots_ros2) by extension 'ros'
[0.168s] DEBUG:colcon.colcon_core.package_identification:Package 'src/webots_ros2/webots_ros2' with type 'ros.ament_python' and name 'webots_ros2'
[0.168s] Level 1:colcon.colcon_core.package_identification:_identify(src/webots_ros2/webots_ros2_control) by extensions ['ignore', 'ignore_ament_install']
[0.168s] Level 1:colcon.colcon_core.package_identification:_identify(src/webots_ros2/webots_ros2_control) by extension 'ignore'
[0.168s] Level 1:colcon.colcon_core.package_identification:_identify(src/webots_ros2/webots_ros2_control) by extension 'ignore_ament_install'
[0.168s] Level 1:colcon.colcon_core.package_identification:_identify(src/webots_ros2/webots_ros2_control) by extensions ['colcon_pkg']
[0.168s] Level 1:colcon.colcon_core.package_identification:_identify(src/webots_ros2/webots_ros2_control) by extension 'colcon_pkg'
[0.168s] Level 1:colcon.colcon_core.package_identification:_identify(src/webots_ros2/webots_ros2_control) by extensions ['colcon_meta']
[0.168s] Level 1:colcon.colcon_core.package_identification:_identify(src/webots_ros2/webots_ros2_control) by extension 'colcon_meta'
[0.168s] Level 1:colcon.colcon_core.package_identification:_identify(src/webots_ros2/webots_ros2_control) by extensions ['ros']
[0.168s] Level 1:colcon.colcon_core.package_identification:_identify(src/webots_ros2/webots_ros2_control) by extension 'ros'
[0.168s] DEBUG:colcon.colcon_core.package_identification:Package 'src/webots_ros2/webots_ros2_control' with type 'ros.ament_cmake' and name 'webots_ros2_control'
[0.169s] Level 1:colcon.colcon_core.package_identification:_identify(src/webots_ros2/webots_ros2_driver) by extensions ['ignore', 'ignore_ament_install']
[0.169s] Level 1:colcon.colcon_core.package_identification:_identify(src/webots_ros2/webots_ros2_driver) by extension 'ignore'
[0.169s] Level 1:colcon.colcon_core.package_identification:_identify(src/webots_ros2/webots_ros2_driver) by extension 'ignore_ament_install'
[0.169s] Level 1:colcon.colcon_core.package_identification:_identify(src/webots_ros2/webots_ros2_driver) by extensions ['colcon_pkg']
[0.169s] Level 1:colcon.colcon_core.package_identification:_identify(src/webots_ros2/webots_ros2_driver) by extension 'colcon_pkg'
[0.169s] Level 1:colcon.colcon_core.package_identification:_identify(src/webots_ros2/webots_ros2_driver) by extensions ['colcon_meta']
[0.169s] Level 1:colcon.colcon_core.package_identification:_identify(src/webots_ros2/webots_ros2_driver) by extension 'colcon_meta'
[0.169s] Level 1:colcon.colcon_core.package_identification:_identify(src/webots_ros2/webots_ros2_driver) by extensions ['ros']
[0.169s] Level 1:colcon.colcon_core.package_identification:_identify(src/webots_ros2/webots_ros2_driver) by extension 'ros'
[0.170s] DEBUG:colcon.colcon_core.package_identification:Package 'src/webots_ros2/webots_ros2_driver' with type 'ros.ament_cmake' and name 'webots_ros2_driver'
[0.170s] Level 1:colcon.colcon_core.package_identification:_identify(src/webots_ros2/webots_ros2_msgs) by extensions ['ignore', 'ignore_ament_install']
[0.170s] Level 1:colcon.colcon_core.package_identification:_identify(src/webots_ros2/webots_ros2_msgs) by extension 'ignore'
[0.170s] Level 1:colcon.colcon_core.package_identification:_identify(src/webots_ros2/webots_ros2_msgs) by extension 'ignore_ament_install'
[0.170s] Level 1:colcon.colcon_core.package_identification:_identify(src/webots_ros2/webots_ros2_msgs) by extensions ['colcon_pkg']
[0.170s] Level 1:colcon.colcon_core.package_identification:_identify(src/webots_ros2/webots_ros2_msgs) by extension 'colcon_pkg'
[0.170s] Level 1:colcon.colcon_core.package_identification:_identify(src/webots_ros2/webots_ros2_msgs) by extensions ['colcon_meta']
[0.170s] Level 1:colcon.colcon_core.package_identification:_identify(src/webots_ros2/webots_ros2_msgs) by extension 'colcon_meta'
[0.170s] Level 1:colcon.colcon_core.package_identification:_identify(src/webots_ros2/webots_ros2_msgs) by extensions ['ros']
[0.170s] Level 1:colcon.colcon_core.package_identification:_identify(src/webots_ros2/webots_ros2_msgs) by extension 'ros'
[0.170s] DEBUG:colcon.colcon_core.package_identification:Package 'src/webots_ros2/webots_ros2_msgs' with type 'ros.ament_cmake' and name 'webots_ros2_msgs'
[0.170s] Level 1:colcon.colcon_core.package_identification:_identify(src/webots_ros2/webots_ros2_tests) by extensions ['ignore', 'ignore_ament_install']
[0.170s] Level 1:colcon.colcon_core.package_identification:_identify(src/webots_ros2/webots_ros2_tests) by extension 'ignore'
[0.170s] Level 1:colcon.colcon_core.package_identification:_identify(src/webots_ros2/webots_ros2_tests) by extension 'ignore_ament_install'
[0.170s] Level 1:colcon.colcon_core.package_identification:_identify(src/webots_ros2/webots_ros2_tests) by extensions ['colcon_pkg']
[0.170s] Level 1:colcon.colcon_core.package_identification:_identify(src/webots_ros2/webots_ros2_tests) by extension 'colcon_pkg'
[0.170s] Level 1:colcon.colcon_core.package_identification:_identify(src/webots_ros2/webots_ros2_tests) by extensions ['colcon_meta']
[0.170s] Level 1:colcon.colcon_core.package_identification:_identify(src/webots_ros2/webots_ros2_tests) by extension 'colcon_meta'
[0.170s] Level 1:colcon.colcon_core.package_identification:_identify(src/webots_ros2/webots_ros2_tests) by extensions ['ros']
[0.170s] Level 1:colcon.colcon_core.package_identification:_identify(src/webots_ros2/webots_ros2_tests) by extension 'ros'
[0.171s] DEBUG:colcon.colcon_core.package_identification:Package 'src/webots_ros2/webots_ros2_tests' with type 'ros.ament_python' and name 'webots_ros2_tests'
[0.171s] Level 1:colcon.colcon_core.package_identification:_identify(src/webots_ros2/webots_ros2_turtlebot) by extensions ['ignore', 'ignore_ament_install']
[0.171s] Level 1:colcon.colcon_core.package_identification:_identify(src/webots_ros2/webots_ros2_turtlebot) by extension 'ignore'
[0.171s] Level 1:colcon.colcon_core.package_identification:_identify(src/webots_ros2/webots_ros2_turtlebot) by extension 'ignore_ament_install'
[0.171s] Level 1:colcon.colcon_core.package_identification:_identify(src/webots_ros2/webots_ros2_turtlebot) by extensions ['colcon_pkg']
[0.171s] Level 1:colcon.colcon_core.package_identification:_identify(src/webots_ros2/webots_ros2_turtlebot) by extension 'colcon_pkg'
[0.171s] Level 1:colcon.colcon_core.package_identification:_identify(src/webots_ros2/webots_ros2_turtlebot) by extensions ['colcon_meta']
[0.171s] Level 1:colcon.colcon_core.package_identification:_identify(src/webots_ros2/webots_ros2_turtlebot) by extension 'colcon_meta'
[0.171s] Level 1:colcon.colcon_core.package_identification:_identify(src/webots_ros2/webots_ros2_turtlebot) by extensions ['ros']
[0.171s] Level 1:colcon.colcon_core.package_identification:_identify(src/webots_ros2/webots_ros2_turtlebot) by extension 'ros'
[0.172s] DEBUG:colcon.colcon_core.package_identification:Package 'src/webots_ros2/webots_ros2_turtlebot' with type 'ros.ament_python' and name 'webots_ros2_turtlebot'
[0.172s] Level 1:colcon.colcon_core.package_discovery:discover_packages(recursive) using defaults
[0.172s] Level 1:colcon.colcon_core.package_discovery:discover_packages(ignore) discover
[0.172s] Level 1:colcon.colcon_core.package_discovery:discover_packages(ignore) using defaults
[0.172s] Level 1:colcon.colcon_core.package_discovery:discover_packages(path) discover
[0.172s] Level 1:colcon.colcon_core.package_discovery:discover_packages(path) using defaults
[0.191s] Level 1:colcon.colcon_core.package_discovery:discover_packages(prefix_path) check parameters
[0.191s] Level 1:colcon.colcon_core.package_discovery:discover_packages(prefix_path) discover
[0.192s] DEBUG:colcon.colcon_installed_package_information.package_discovery:Found 7 installed packages in /home/jinwoo/webots_ros2_ws/install
[0.193s] DEBUG:colcon.colcon_installed_package_information.package_discovery:Found 351 installed packages in /opt/ros/humble
[0.194s] Level 1:colcon.colcon_core.package_discovery:discover_packages(prefix_path) using defaults
[0.218s] Level 5:colcon.colcon_core.verb:set package 'bt_image_capture' build argument 'cmake_args' from command line to 'None'
[0.218s] Level 5:colcon.colcon_core.verb:set package 'bt_image_capture' build argument 'cmake_target' from command line to 'None'
[0.218s] Level 5:colcon.colcon_core.verb:set package 'bt_image_capture' build argument 'cmake_target_skip_unavailable' from command line to 'False'
[0.218s] Level 5:colcon.colcon_core.verb:set package 'bt_image_capture' build argument 'cmake_clean_cache' from command line to 'False'
[0.218s] Level 5:colcon.colcon_core.verb:set package 'bt_image_capture' build argument 'cmake_clean_first' from command line to 'False'
[0.218s] Level 5:colcon.colcon_core.verb:set package 'bt_image_capture' build argument 'cmake_force_configure' from command line to 'False'
[0.218s] Level 5:colcon.colcon_core.verb:set package 'bt_image_capture' build argument 'ament_cmake_args' from command line to 'None'
[0.218s] Level 5:colcon.colcon_core.verb:set package 'bt_image_capture' build argument 'catkin_cmake_args' from command line to 'None'
[0.218s] Level 5:colcon.colcon_core.verb:set package 'bt_image_capture' build argument 'catkin_skip_building_tests' from command line to 'False'
[0.218s] DEBUG:colcon.colcon_core.verb:Building package 'bt_image_capture' with the following arguments: {'ament_cmake_args': None, 'build_base': '/home/jinwoo/webots_ros2_ws/build/bt_image_capture', 'catkin_cmake_args': None, 'catkin_skip_building_tests': False, 'cmake_args': None, 'cmake_clean_cache': False, 'cmake_clean_first': False, 'cmake_force_configure': False, 'cmake_target': None, 'cmake_target_skip_unavailable': False, 'install_base': '/home/jinwoo/webots_ros2_ws/install/bt_image_capture', 'merge_install': False, 'path': '/home/jinwoo/webots_ros2_ws/src/bt_image_capture', 'symlink_install': False, 'test_result_base': None}
[0.219s] Level 5:colcon.colcon_core.verb:set package 'webots_ros2_msgs' build argument 'cmake_args' from command line to 'None'
[0.219s] Level 5:colcon.colcon_core.verb:set package 'webots_ros2_msgs' build argument 'cmake_target' from command line to 'None'
[0.219s] Level 5:colcon.colcon_core.verb:set package 'webots_ros2_msgs' build argument 'cmake_target_skip_unavailable' from command line to 'False'
[0.219s] Level 5:colcon.colcon_core.verb:set package 'webots_ros2_msgs' build argument 'cmake_clean_cache' from command line to 'False'
[0.219s] Level 5:colcon.colcon_core.verb:set package 'webots_ros2_msgs' build argument 'cmake_clean_first' from command line to 'False'
[0.219s] Level 5:colcon.colcon_core.verb:set package 'webots_ros2_msgs' build argument 'cmake_force_configure' from command line to 'False'
[0.219s] Level 5:colcon.colcon_core.verb:set package 'webots_ros2_msgs' build argument 'ament_cmake_args' from command line to 'None'
[0.219s] Level 5:colcon.colcon_core.verb:set package 'webots_ros2_msgs' build argument 'catkin_cmake_args' from command line to 'None'
[0.219s] Level 5:colcon.colcon_core.verb:set package 'webots_ros2_msgs' build argument 'catkin_skip_building_tests' from command line to 'False'
[0.219s] DEBUG:colcon.colcon_core.verb:Building package 'webots_ros2_msgs' with the following arguments: {'ament_cmake_args': None, 'build_base': '/home/jinwoo/webots_ros2_ws/build/webots_ros2_msgs', 'catkin_cmake_args': None, 'catkin_skip_building_tests': False, 'cmake_args': None, 'cmake_clean_cache': False, 'cmake_clean_first': False, 'cmake_force_configure': False, 'cmake_target': None, 'cmake_target_skip_unavailable': False, 'install_base': '/home/jinwoo/webots_ros2_ws/install/webots_ros2_msgs', 'merge_install': False, 'path': '/home/jinwoo/webots_ros2_ws/src/webots_ros2/webots_ros2_msgs', 'symlink_install': False, 'test_result_base': None}
[0.219s] Level 5:colcon.colcon_core.verb:set package 'webots_ros2_driver' build argument 'cmake_args' from command line to 'None'
[0.219s] Level 5:colcon.colcon_core.verb:set package 'webots_ros2_driver' build argument 'cmake_target' from command line to 'None'
[0.219s] Level 5:colcon.colcon_core.verb:set package 'webots_ros2_driver' build argument 'cmake_target_skip_unavailable' from command line to 'False'
[0.219s] Level 5:colcon.colcon_core.verb:set package 'webots_ros2_driver' build argument 'cmake_clean_cache' from command line to 'False'
[0.219s] Level 5:colcon.colcon_core.verb:set package 'webots_ros2_driver' build argument 'cmake_clean_first' from command line to 'False'
[0.219s] Level 5:colcon.colcon_core.verb:set package 'webots_ros2_driver' build argument 'cmake_force_configure' from command line to 'False'
[0.219s] Level 5:colcon.colcon_core.verb:set package 'webots_ros2_driver' build argument 'ament_cmake_args' from command line to 'None'
[0.219s] Level 5:colcon.colcon_core.verb:set package 'webots_ros2_driver' build argument 'catkin_cmake_args' from command line to 'None'
[0.219s] Level 5:colcon.colcon_core.verb:set package 'webots_ros2_driver' build argument 'catkin_skip_building_tests' from command line to 'False'
[0.219s] DEBUG:colcon.colcon_core.verb:Building package 'webots_ros2_driver' with the following arguments: {'ament_cmake_args': None, 'build_base': '/home/jinwoo/webots_ros2_ws/build/webots_ros2_driver', 'catkin_cmake_args': None, 'catkin_skip_building_tests': False, 'cmake_args': None, 'cmake_clean_cache': False, 'cmake_clean_first': False, 'cmake_force_configure': False, 'cmake_target': None, 'cmake_target_skip_unavailable': False, 'install_base': '/home/jinwoo/webots_ros2_ws/install/webots_ros2_driver', 'merge_install': False, 'path': '/home/jinwoo/webots_ros2_ws/src/webots_ros2/webots_ros2_driver', 'symlink_install': False, 'test_result_base': None}
[0.219s] Level 5:colcon.colcon_core.verb:set package 'webots_ros2_control' build argument 'cmake_args' from command line to 'None'
[0.219s] Level 5:colcon.colcon_core.verb:set package 'webots_ros2_control' build argument 'cmake_target' from command line to 'None'
[0.219s] Level 5:colcon.colcon_core.verb:set package 'webots_ros2_control' build argument 'cmake_target_skip_unavailable' from command line to 'False'
[0.219s] Level 5:colcon.colcon_core.verb:set package 'webots_ros2_control' build argument 'cmake_clean_cache' from command line to 'False'
[0.219s] Level 5:colcon.colcon_core.verb:set package 'webots_ros2_control' build argument 'cmake_clean_first' from command line to 'False'
[0.219s] Level 5:colcon.colcon_core.verb:set package 'webots_ros2_control' build argument 'cmake_force_configure' from command line to 'False'
[0.219s] Level 5:colcon.colcon_core.verb:set package 'webots_ros2_control' build argument 'ament_cmake_args' from command line to 'None'
[0.219s] Level 5:colcon.colcon_core.verb:set package 'webots_ros2_control' build argument 'catkin_cmake_args' from command line to 'None'
[0.219s] Level 5:colcon.colcon_core.verb:set package 'webots_ros2_control' build argument 'catkin_skip_building_tests' from command line to 'False'
[0.219s] DEBUG:colcon.colcon_core.verb:Building package 'webots_ros2_control' with the following arguments: {'ament_cmake_args': None, 'build_base': '/home/jinwoo/webots_ros2_ws/build/webots_ros2_control', 'catkin_cmake_args': None, 'catkin_skip_building_tests': False, 'cmake_args': None, 'cmake_clean_cache': False, 'cmake_clean_first': False, 'cmake_force_configure': False, 'cmake_target': None, 'cmake_target_skip_unavailable': False, 'install_base': '/home/jinwoo/webots_ros2_ws/install/webots_ros2_control', 'merge_install': False, 'path': '/home/jinwoo/webots_ros2_ws/src/webots_ros2/webots_ros2_control', 'symlink_install': False, 'test_result_base': None}
[0.220s] Level 5:colcon.colcon_core.verb:set package 'webots_ros2_turtlebot' build argument 'cmake_args' from command line to 'None'
[0.220s] Level 5:colcon.colcon_core.verb:set package 'webots_ros2_turtlebot' build argument 'cmake_target' from command line to 'None'
[0.220s] Level 5:colcon.colcon_core.verb:set package 'webots_ros2_turtlebot' build argument 'cmake_target_skip_unavailable' from command line to 'False'
[0.220s] Level 5:colcon.colcon_core.verb:set package 'webots_ros2_turtlebot' build argument 'cmake_clean_cache' from command line to 'False'
[0.220s] Level 5:colcon.colcon_core.verb:set package 'webots_ros2_turtlebot' build argument 'cmake_clean_first' from command line to 'False'
[0.220s] Level 5:colcon.colcon_core.verb:set package 'webots_ros2_turtlebot' build argument 'cmake_force_configure' from command line to 'False'
[0.220s] Level 5:colcon.colcon_core.verb:set package 'webots_ros2_turtlebot' build argument 'ament_cmake_args' from command line to 'None'
[0.220s] Level 5:colcon.colcon_core.verb:set package 'webots_ros2_turtlebot' build argument 'catkin_cmake_args' from command line to 'None'
[0.220s] Level 5:colcon.colcon_core.verb:set package 'webots_ros2_turtlebot' build argument 'catkin_skip_building_tests' from command line to 'False'
[0.220s] DEBUG:colcon.colcon_core.verb:Building package 'webots_ros2_turtlebot' with the following arguments: {'ament_cmake_args': None, 'build_base': '/home/jinwoo/webots_ros2_ws/build/webots_ros2_turtlebot', 'catkin_cmake_args': None, 'catkin_skip_building_tests': False, 'cmake_args': None, 'cmake_clean_cache': False, 'cmake_clean_first': False, 'cmake_force_configure': False, 'cmake_target': None, 'cmake_target_skip_unavailable': False, 'install_base': '/home/jinwoo/webots_ros2_ws/install/webots_ros2_turtlebot', 'merge_install': False, 'path': '/home/jinwoo/webots_ros2_ws/src/webots_ros2/webots_ros2_turtlebot', 'symlink_install': False, 'test_result_base': None}
[0.220s] Level 5:colcon.colcon_core.verb:set package 'webots_ros2_tests' build argument 'cmake_args' from command line to 'None'
[0.220s] Level 5:colcon.colcon_core.verb:set package 'webots_ros2_tests' build argument 'cmake_target' from command line to 'None'
[0.220s] Level 5:colcon.colcon_core.verb:set package 'webots_ros2_tests' build argument 'cmake_target_skip_unavailable' from command line to 'False'
[0.220s] Level 5:colcon.colcon_core.verb:set package 'webots_ros2_tests' build argument 'cmake_clean_cache' from command line to 'False'
[0.220s] Level 5:colcon.colcon_core.verb:set package 'webots_ros2_tests' build argument 'cmake_clean_first' from command line to 'False'
[0.220s] Level 5:colcon.colcon_core.verb:set package 'webots_ros2_tests' build argument 'cmake_force_configure' from command line to 'False'
[0.220s] Level 5:colcon.colcon_core.verb:set package 'webots_ros2_tests' build argument 'ament_cmake_args' from command line to 'None'
[0.220s] Level 5:colcon.colcon_core.verb:set package 'webots_ros2_tests' build argument 'catkin_cmake_args' from command line to 'None'
[0.220s] Level 5:colcon.colcon_core.verb:set package 'webots_ros2_tests' build argument 'catkin_skip_building_tests' from command line to 'False'
[0.220s] DEBUG:colcon.colcon_core.verb:Building package 'webots_ros2_tests' with the following arguments: {'ament_cmake_args': None, 'build_base': '/home/jinwoo/webots_ros2_ws/build/webots_ros2_tests', 'catkin_cmake_args': None, 'catkin_skip_building_tests': False, 'cmake_args': None, 'cmake_clean_cache': False, 'cmake_clean_first': False, 'cmake_force_configure': False, 'cmake_target': None, 'cmake_target_skip_unavailable': False, 'install_base': '/home/jinwoo/webots_ros2_ws/install/webots_ros2_tests', 'merge_install': False, 'path': '/home/jinwoo/webots_ros2_ws/src/webots_ros2/webots_ros2_tests', 'symlink_install': False, 'test_result_base': None}
[0.220s] Level 5:colcon.colcon_core.verb:set package 'webots_ros2' build argument 'cmake_args' from command line to 'None'
[0.220s] Level 5:colcon.colcon_core.verb:set package 'webots_ros2' build argument 'cmake_target' from command line to 'None'
[0.220s] Level 5:colcon.colcon_core.verb:set package 'webots_ros2' build argument 'cmake_target_skip_unavailable' from command line to 'False'
[0.220s] Level 5:colcon.colcon_core.verb:set package 'webots_ros2' build argument 'cmake_clean_cache' from command line to 'False'
[0.220s] Level 5:colcon.colcon_core.verb:set package 'webots_ros2' build argument 'cmake_clean_first' from command line to 'False'
[0.220s] Level 5:colcon.colcon_core.verb:set package 'webots_ros2' build argument 'cmake_force_configure' from command line to 'False'
[0.220s] Level 5:colcon.colcon_core.verb:set package 'webots_ros2' build argument 'ament_cmake_args' from command line to 'None'
[0.220s] Level 5:colcon.colcon_core.verb:set package 'webots_ros2' build argument 'catkin_cmake_args' from command line to 'None'
[0.220s] Level 5:colcon.colcon_core.verb:set package 'webots_ros2' build argument 'catkin_skip_building_tests' from command line to 'False'
[0.220s] DEBUG:colcon.colcon_core.verb:Building package 'webots_ros2' with the following arguments: {'ament_cmake_args': None, 'build_base': '/home/jinwoo/webots_ros2_ws/build/webots_ros2', 'catkin_cmake_args': None, 'catkin_skip_building_tests': False, 'cmake_args': None, 'cmake_clean_cache': False, 'cmake_clean_first': False, 'cmake_force_configure': False, 'cmake_target': None, 'cmake_target_skip_unavailable': False, 'install_base': '/home/jinwoo/webots_ros2_ws/install/webots_ros2', 'merge_install': False, 'path': '/home/jinwoo/webots_ros2_ws/src/webots_ros2/webots_ros2', 'symlink_install': False, 'test_result_base': None}
[0.220s] INFO:colcon.colcon_core.executor:Executing jobs using 'parallel' executor
[0.221s] DEBUG:colcon.colcon_parallel_executor.executor.parallel:run_until_complete
[0.221s] INFO:colcon.colcon_ros.task.ament_cmake.build:Building ROS package in '/home/jinwoo/webots_ros2_ws/src/webots_ros2/webots_ros2_msgs' with build type 'ament_cmake'
[0.222s] INFO:colcon.colcon_cmake.task.cmake.build:Building CMake package in '/home/jinwoo/webots_ros2_ws/src/webots_ros2/webots_ros2_msgs'
[0.223s] INFO:colcon.colcon_core.plugin_system:Skipping extension 'colcon_core.shell.bat': Not used on non-Windows systems
[0.223s] INFO:colcon.colcon_core.shell:Skip shell extension 'powershell' for command environment: Not usable outside of PowerShell
[0.223s] DEBUG:colcon.colcon_core.shell:Skip shell extension 'dsv' for command environment
[0.225s] INFO:colcon.colcon_ros.task.ament_python.build:Building ROS package in '/home/jinwoo/webots_ros2_ws/src/bt_image_capture' with build type 'ament_python'
[0.225s] Level 1:colcon.colcon_core.shell:create_environment_hook('bt_image_capture', 'ament_prefix_path')
[0.226s] INFO:colcon.colcon_core.shell:Creating environment hook '/home/jinwoo/webots_ros2_ws/install/bt_image_capture/share/bt_image_capture/hook/ament_prefix_path.ps1'
[0.226s] INFO:colcon.colcon_core.shell:Creating environment descriptor '/home/jinwoo/webots_ros2_ws/install/bt_image_capture/share/bt_image_capture/hook/ament_prefix_path.dsv'
[0.226s] INFO:colcon.colcon_core.shell:Creating environment hook '/home/jinwoo/webots_ros2_ws/install/bt_image_capture/share/bt_image_capture/hook/ament_prefix_path.sh'
[0.227s] INFO:colcon.colcon_core.shell:Skip shell extension 'powershell' for command environment: Not usable outside of PowerShell
[0.227s] DEBUG:colcon.colcon_core.shell:Skip shell extension 'dsv' for command environment
[0.232s] DEBUG:colcon.colcon_core.event_handler.log_command:Invoking command in '/home/jinwoo/webots_ros2_ws/build/webots_ros2_msgs': CMAKE_PREFIX_PATH=${CMAKE_PREFIX_PATH}:/home/jinwoo/webots_ros2_ws/install/webots_ros2:/home/jinwoo/webots_ros2_ws/install/webots_ros2_turtlebot:/home/jinwoo/webots_ros2_ws/install/webots_ros2_tests:/home/jinwoo/webots_ros2_ws/install/bt_image_capture:/opt/ros/humble /usr/bin/cmake --build /home/jinwoo/webots_ros2_ws/build/webots_ros2_msgs -- -j18 -l18
[0.387s] INFO:colcon.colcon_core.task.python.build:Building Python package in '/home/jinwoo/webots_ros2_ws/src/bt_image_capture'
[0.387s] INFO:colcon.colcon_core.shell:Skip shell extension 'powershell' for command environment: Not usable outside of PowerShell
[0.387s] DEBUG:colcon.colcon_core.shell:Skip shell extension 'dsv' for command environment
[0.460s] DEBUG:colcon.colcon_core.event_handler.log_command:Invoked command in '/home/jinwoo/webots_ros2_ws/build/webots_ros2_msgs' returned '0': CMAKE_PREFIX_PATH=${CMAKE_PREFIX_PATH}:/home/jinwoo/webots_ros2_ws/install/webots_ros2:/home/jinwoo/webots_ros2_ws/install/webots_ros2_turtlebot:/home/jinwoo/webots_ros2_ws/install/webots_ros2_tests:/home/jinwoo/webots_ros2_ws/install/bt_image_capture:/opt/ros/humble /usr/bin/cmake --build /home/jinwoo/webots_ros2_ws/build/webots_ros2_msgs -- -j18 -l18
[0.468s] DEBUG:colcon.colcon_core.event_handler.log_command:Invoking command in '/home/jinwoo/webots_ros2_ws/build/webots_ros2_msgs': CMAKE_PREFIX_PATH=${CMAKE_PREFIX_PATH}:/home/jinwoo/webots_ros2_ws/install/webots_ros2:/home/jinwoo/webots_ros2_ws/install/webots_ros2_turtlebot:/home/jinwoo/webots_ros2_ws/install/webots_ros2_tests:/home/jinwoo/webots_ros2_ws/install/bt_image_capture:/opt/ros/humble /usr/bin/cmake --install /home/jinwoo/webots_ros2_ws/build/webots_ros2_msgs
[0.511s] Level 1:colcon.colcon_core.environment:create_environment_scripts_only(webots_ros2_msgs)
[0.512s] DEBUG:colcon.colcon_core.event_handler.log_command:Invoked command in '/home/jinwoo/webots_ros2_ws/build/webots_ros2_msgs' returned '0': CMAKE_PREFIX_PATH=${CMAKE_PREFIX_PATH}:/home/jinwoo/webots_ros2_ws/install/webots_ros2:/home/jinwoo/webots_ros2_ws/install/webots_ros2_turtlebot:/home/jinwoo/webots_ros2_ws/install/webots_ros2_tests:/home/jinwoo/webots_ros2_ws/install/bt_image_capture:/opt/ros/humble /usr/bin/cmake --install /home/jinwoo/webots_ros2_ws/build/webots_ros2_msgs
[0.514s] Level 1:colcon.colcon_core.environment:checking '/home/jinwoo/webots_ros2_ws/install/webots_ros2_msgs' for CMake module files
[0.514s] Level 1:colcon.colcon_core.environment:checking '/home/jinwoo/webots_ros2_ws/install/webots_ros2_msgs' for CMake config files
[0.514s] Level 1:colcon.colcon_core.shell:create_environment_hook('webots_ros2_msgs', 'cmake_prefix_path')
[0.514s] INFO:colcon.colcon_core.shell:Creating environment hook '/home/jinwoo/webots_ros2_ws/install/webots_ros2_msgs/share/webots_ros2_msgs/hook/cmake_prefix_path.ps1'
[0.515s] INFO:colcon.colcon_core.shell:Creating environment descriptor '/home/jinwoo/webots_ros2_ws/install/webots_ros2_msgs/share/webots_ros2_msgs/hook/cmake_prefix_path.dsv'
[0.515s] INFO:colcon.colcon_core.shell:Creating environment hook '/home/jinwoo/webots_ros2_ws/install/webots_ros2_msgs/share/webots_ros2_msgs/hook/cmake_prefix_path.sh'
[0.515s] Level 1:colcon.colcon_core.environment:checking '/home/jinwoo/webots_ros2_ws/install/webots_ros2_msgs/lib'
[0.515s] Level 1:colcon.colcon_core.shell:create_environment_hook('webots_ros2_msgs', 'ld_library_path_lib')
[0.516s] INFO:colcon.colcon_core.shell:Creating environment hook '/home/jinwoo/webots_ros2_ws/install/webots_ros2_msgs/share/webots_ros2_msgs/hook/ld_library_path_lib.ps1'
[0.516s] INFO:colcon.colcon_core.shell:Creating environment descriptor '/home/jinwoo/webots_ros2_ws/install/webots_ros2_msgs/share/webots_ros2_msgs/hook/ld_library_path_lib.dsv'
[0.516s] INFO:colcon.colcon_core.shell:Creating environment hook '/home/jinwoo/webots_ros2_ws/install/webots_ros2_msgs/share/webots_ros2_msgs/hook/ld_library_path_lib.sh'
[0.516s] Level 1:colcon.colcon_core.environment:checking '/home/jinwoo/webots_ros2_ws/install/webots_ros2_msgs/bin'
[0.516s] Level 1:colcon.colcon_core.environment:checking '/home/jinwoo/webots_ros2_ws/install/webots_ros2_msgs/lib/pkgconfig/webots_ros2_msgs.pc'
[0.516s] Level 1:colcon.colcon_core.environment:checking '/home/jinwoo/webots_ros2_ws/install/webots_ros2_msgs/lib/python3.10/site-packages'
[0.516s] Level 1:colcon.colcon_core.environment:checking '/home/jinwoo/webots_ros2_ws/install/webots_ros2_msgs/bin'
[0.517s] INFO:colcon.colcon_core.shell:Creating package script '/home/jinwoo/webots_ros2_ws/install/webots_ros2_msgs/share/webots_ros2_msgs/package.ps1'
[0.517s] INFO:colcon.colcon_core.shell:Creating package descriptor '/home/jinwoo/webots_ros2_ws/install/webots_ros2_msgs/share/webots_ros2_msgs/package.dsv'
[0.517s] INFO:colcon.colcon_core.shell:Creating package script '/home/jinwoo/webots_ros2_ws/install/webots_ros2_msgs/share/webots_ros2_msgs/package.sh'
[0.518s] INFO:colcon.colcon_core.shell:Creating package script '/home/jinwoo/webots_ros2_ws/install/webots_ros2_msgs/share/webots_ros2_msgs/package.bash'
[0.518s] INFO:colcon.colcon_core.shell:Creating package script '/home/jinwoo/webots_ros2_ws/install/webots_ros2_msgs/share/webots_ros2_msgs/package.zsh'
[0.518s] Level 1:colcon.colcon_core.environment:create_file_with_runtime_dependencies(/home/jinwoo/webots_ros2_ws/install/webots_ros2_msgs/share/colcon-core/packages/webots_ros2_msgs)
[0.519s] Level 1:colcon.colcon_core.environment:create_environment_scripts_only(webots_ros2_msgs)
[0.519s] Level 1:colcon.colcon_core.environment:checking '/home/jinwoo/webots_ros2_ws/install/webots_ros2_msgs' for CMake module files
[0.519s] Level 1:colcon.colcon_core.environment:checking '/home/jinwoo/webots_ros2_ws/install/webots_ros2_msgs' for CMake config files
[0.519s] Level 1:colcon.colcon_core.shell:create_environment_hook('webots_ros2_msgs', 'cmake_prefix_path')
[0.519s] INFO:colcon.colcon_core.shell:Creating environment hook '/home/jinwoo/webots_ros2_ws/install/webots_ros2_msgs/share/webots_ros2_msgs/hook/cmake_prefix_path.ps1'
[0.520s] INFO:colcon.colcon_core.shell:Creating environment descriptor '/home/jinwoo/webots_ros2_ws/install/webots_ros2_msgs/share/webots_ros2_msgs/hook/cmake_prefix_path.dsv'
[0.520s] INFO:colcon.colcon_core.shell:Creating environment hook '/home/jinwoo/webots_ros2_ws/install/webots_ros2_msgs/share/webots_ros2_msgs/hook/cmake_prefix_path.sh'
[0.520s] Level 1:colcon.colcon_core.environment:checking '/home/jinwoo/webots_ros2_ws/install/webots_ros2_msgs/lib'
[0.520s] Level 1:colcon.colcon_core.shell:create_environment_hook('webots_ros2_msgs', 'ld_library_path_lib')
[0.520s] INFO:colcon.colcon_core.shell:Creating environment hook '/home/jinwoo/webots_ros2_ws/install/webots_ros2_msgs/share/webots_ros2_msgs/hook/ld_library_path_lib.ps1'
[0.521s] INFO:colcon.colcon_core.shell:Creating environment descriptor '/home/jinwoo/webots_ros2_ws/install/webots_ros2_msgs/share/webots_ros2_msgs/hook/ld_library_path_lib.dsv'
[0.521s] INFO:colcon.colcon_core.shell:Creating environment hook '/home/jinwoo/webots_ros2_ws/install/webots_ros2_msgs/share/webots_ros2_msgs/hook/ld_library_path_lib.sh'
[0.521s] Level 1:colcon.colcon_core.environment:checking '/home/jinwoo/webots_ros2_ws/install/webots_ros2_msgs/bin'
[0.521s] Level 1:colcon.colcon_core.environment:checking '/home/jinwoo/webots_ros2_ws/install/webots_ros2_msgs/lib/pkgconfig/webots_ros2_msgs.pc'
[0.521s] Level 1:colcon.colcon_core.environment:checking '/home/jinwoo/webots_ros2_ws/install/webots_ros2_msgs/lib/python3.10/site-packages'
[0.521s] Level 1:colcon.colcon_core.environment:checking '/home/jinwoo/webots_ros2_ws/install/webots_ros2_msgs/bin'
[0.521s] INFO:colcon.colcon_core.shell:Creating package script '/home/jinwoo/webots_ros2_ws/install/webots_ros2_msgs/share/webots_ros2_msgs/package.ps1'
[0.522s] INFO:colcon.colcon_core.shell:Creating package descriptor '/home/jinwoo/webots_ros2_ws/install/webots_ros2_msgs/share/webots_ros2_msgs/package.dsv'
[0.522s] INFO:colcon.colcon_core.shell:Creating package script '/home/jinwoo/webots_ros2_ws/install/webots_ros2_msgs/share/webots_ros2_msgs/package.sh'
[0.522s] INFO:colcon.colcon_core.shell:Creating package script '/home/jinwoo/webots_ros2_ws/install/webots_ros2_msgs/share/webots_ros2_msgs/package.bash'
[0.522s] INFO:colcon.colcon_core.shell:Creating package script '/home/jinwoo/webots_ros2_ws/install/webots_ros2_msgs/share/webots_ros2_msgs/package.zsh'
[0.523s] Level 1:colcon.colcon_core.environment:create_file_with_runtime_dependencies(/home/jinwoo/webots_ros2_ws/install/webots_ros2_msgs/share/colcon-core/packages/webots_ros2_msgs)
[0.523s] INFO:colcon.colcon_ros.task.ament_cmake.build:Building ROS package in '/home/jinwoo/webots_ros2_ws/src/webots_ros2/webots_ros2_driver' with build type 'ament_cmake'
[0.523s] INFO:colcon.colcon_cmake.task.cmake.build:Building CMake package in '/home/jinwoo/webots_ros2_ws/src/webots_ros2/webots_ros2_driver'
[0.523s] INFO:colcon.colcon_core.shell:Skip shell extension 'powershell' for command environment: Not usable outside of PowerShell
[0.523s] DEBUG:colcon.colcon_core.shell:Skip shell extension 'dsv' for command environment
[0.533s] DEBUG:colcon.colcon_core.event_handler.log_command:Invoking command in '/home/jinwoo/webots_ros2_ws/build/webots_ros2_driver': CMAKE_PREFIX_PATH=/home/jinwoo/webots_ros2_ws/install/webots_ros2_msgs:/home/jinwoo/webots_ros2_ws/install/webots_ros2_control:/home/jinwoo/webots_ros2_ws/install/webots_ros2_driver:/home/jinwoo/webots_ros2_ws/install/webots_ros2:/home/jinwoo/webots_ros2_ws/install/webots_ros2_turtlebot:/home/jinwoo/webots_ros2_ws/install/webots_ros2_tests:/home/jinwoo/webots_ros2_ws/install/bt_image_capture:/opt/ros/humble LD_LIBRARY_PATH=/home/jinwoo/webots_ros2_ws/install/webots_ros2_msgs/lib:/home/jinwoo/webots_ros2_ws/install/webots_ros2_control/lib:/home/jinwoo/webots_ros2_ws/install/webots_ros2_driver/lib:/opt/ros/humble/opt/rviz_ogre_vendor/lib:/opt/ros/humble/lib/x86_64-linux-gnu:/opt/ros/humble/lib /usr/bin/cmake --build /home/jinwoo/webots_ros2_ws/build/webots_ros2_driver -- -j18 -l18
[0.621s] DEBUG:colcon.colcon_core.event_handler.log_command:Invoking command in '/home/jinwoo/webots_ros2_ws/src/bt_image_capture': PYTHONPATH=/home/jinwoo/webots_ros2_ws/build/bt_image_capture/prefix_override:/usr/lib/python3/dist-packages/colcon_core/task/python/colcon_distutils_commands:/home/jinwoo/webots_ros2_ws/install/bt_image_capture/lib/python3.10/site-packages:${PYTHONPATH} /usr/bin/python3 -W ignore:setup.py install is deprecated -W ignore:easy_install command is deprecated setup.py egg_info --egg-base ../../build/bt_image_capture build --build-base /home/jinwoo/webots_ros2_ws/build/bt_image_capture/build install --record /home/jinwoo/webots_ros2_ws/build/bt_image_capture/install.log --single-version-externally-managed install_data
[0.796s] Level 1:colcon.colcon_core.environment:checking '/home/jinwoo/webots_ros2_ws/install/bt_image_capture' for CMake module files
[0.797s] DEBUG:colcon.colcon_core.event_handler.log_command:Invoked command in '/home/jinwoo/webots_ros2_ws/src/bt_image_capture' returned '0': PYTHONPATH=/home/jinwoo/webots_ros2_ws/build/bt_image_capture/prefix_override:/usr/lib/python3/dist-packages/colcon_core/task/python/colcon_distutils_commands:/home/jinwoo/webots_ros2_ws/install/bt_image_capture/lib/python3.10/site-packages:${PYTHONPATH} /usr/bin/python3 -W ignore:setup.py install is deprecated -W ignore:easy_install command is deprecated setup.py egg_info --egg-base ../../build/bt_image_capture build --build-base /home/jinwoo/webots_ros2_ws/build/bt_image_capture/build install --record /home/jinwoo/webots_ros2_ws/build/bt_image_capture/install.log --single-version-externally-managed install_data
[0.797s] Level 1:colcon.colcon_core.environment:checking '/home/jinwoo/webots_ros2_ws/install/bt_image_capture' for CMake config files
[0.797s] Level 1:colcon.colcon_core.environment:checking '/home/jinwoo/webots_ros2_ws/install/bt_image_capture/lib'
[0.797s] Level 1:colcon.colcon_core.environment:checking '/home/jinwoo/webots_ros2_ws/install/bt_image_capture/bin'
[0.797s] Level 1:colcon.colcon_core.environment:checking '/home/jinwoo/webots_ros2_ws/install/bt_image_capture/lib/pkgconfig/bt_image_capture.pc'
[0.798s] Level 1:colcon.colcon_core.environment:checking '/home/jinwoo/webots_ros2_ws/install/bt_image_capture/lib/python3.10/site-packages'
[0.798s] Level 1:colcon.colcon_core.shell:create_environment_hook('bt_image_capture', 'pythonpath')
[0.798s] INFO:colcon.colcon_core.shell:Creating environment hook '/home/jinwoo/webots_ros2_ws/install/bt_image_capture/share/bt_image_capture/hook/pythonpath.ps1'
[0.798s] INFO:colcon.colcon_core.shell:Creating environment descriptor '/home/jinwoo/webots_ros2_ws/install/bt_image_capture/share/bt_image_capture/hook/pythonpath.dsv'
[0.798s] INFO:colcon.colcon_core.shell:Creating environment hook '/home/jinwoo/webots_ros2_ws/install/bt_image_capture/share/bt_image_capture/hook/pythonpath.sh'
[0.799s] Level 1:colcon.colcon_core.environment:checking '/home/jinwoo/webots_ros2_ws/install/bt_image_capture/bin'
[0.799s] Level 1:colcon.colcon_core.environment:create_environment_scripts_only(bt_image_capture)
[0.799s] INFO:colcon.colcon_core.shell:Creating package script '/home/jinwoo/webots_ros2_ws/install/bt_image_capture/share/bt_image_capture/package.ps1'
[0.799s] INFO:colcon.colcon_core.shell:Creating package descriptor '/home/jinwoo/webots_ros2_ws/install/bt_image_capture/share/bt_image_capture/package.dsv'
[0.799s] INFO:colcon.colcon_core.shell:Creating package script '/home/jinwoo/webots_ros2_ws/install/bt_image_capture/share/bt_image_capture/package.sh'
[0.800s] INFO:colcon.colcon_core.shell:Creating package script '/home/jinwoo/webots_ros2_ws/install/bt_image_capture/share/bt_image_capture/package.bash'
[0.800s] INFO:colcon.colcon_core.shell:Creating package script '/home/jinwoo/webots_ros2_ws/install/bt_image_capture/share/bt_image_capture/package.zsh'
[0.800s] Level 1:colcon.colcon_core.environment:create_file_with_runtime_dependencies(/home/jinwoo/webots_ros2_ws/install/bt_image_capture/share/colcon-core/packages/bt_image_capture)
[1.343s] DEBUG:colcon.colcon_core.event_handler.log_command:Invoked command in '/home/jinwoo/webots_ros2_ws/build/webots_ros2_driver' returned '0': CMAKE_PREFIX_PATH=/home/jinwoo/webots_ros2_ws/install/webots_ros2_msgs:/home/jinwoo/webots_ros2_ws/install/webots_ros2_control:/home/jinwoo/webots_ros2_ws/install/webots_ros2_driver:/home/jinwoo/webots_ros2_ws/install/webots_ros2:/home/jinwoo/webots_ros2_ws/install/webots_ros2_turtlebot:/home/jinwoo/webots_ros2_ws/install/webots_ros2_tests:/home/jinwoo/webots_ros2_ws/install/bt_image_capture:/opt/ros/humble LD_LIBRARY_PATH=/home/jinwoo/webots_ros2_ws/install/webots_ros2_msgs/lib:/home/jinwoo/webots_ros2_ws/install/webots_ros2_control/lib:/home/jinwoo/webots_ros2_ws/install/webots_ros2_driver/lib:/opt/ros/humble/opt/rviz_ogre_vendor/lib:/opt/ros/humble/lib/x86_64-linux-gnu:/opt/ros/humble/lib /usr/bin/cmake --build /home/jinwoo/webots_ros2_ws/build/webots_ros2_driver -- -j18 -l18
[1.344s] DEBUG:colcon.colcon_core.event_handler.log_command:Invoking command in '/home/jinwoo/webots_ros2_ws/build/webots_ros2_driver': CMAKE_PREFIX_PATH=/home/jinwoo/webots_ros2_ws/install/webots_ros2_msgs:/home/jinwoo/webots_ros2_ws/install/webots_ros2_control:/home/jinwoo/webots_ros2_ws/install/webots_ros2_driver:/home/jinwoo/webots_ros2_ws/install/webots_ros2:/home/jinwoo/webots_ros2_ws/install/webots_ros2_turtlebot:/home/jinwoo/webots_ros2_ws/install/webots_ros2_tests:/home/jinwoo/webots_ros2_ws/install/bt_image_capture:/opt/ros/humble LD_LIBRARY_PATH=/home/jinwoo/webots_ros2_ws/install/webots_ros2_msgs/lib:/home/jinwoo/webots_ros2_ws/install/webots_ros2_control/lib:/home/jinwoo/webots_ros2_ws/install/webots_ros2_driver/lib:/opt/ros/humble/opt/rviz_ogre_vendor/lib:/opt/ros/humble/lib/x86_64-linux-gnu:/opt/ros/humble/lib /usr/bin/cmake --install /home/jinwoo/webots_ros2_ws/build/webots_ros2_driver
[1.437s] Level 1:colcon.colcon_core.environment:create_environment_scripts_only(webots_ros2_driver)
[1.437s] Level 1:colcon.colcon_core.environment:checking '/home/jinwoo/webots_ros2_ws/install/webots_ros2_driver' for CMake module files
[1.440s] DEBUG:colcon.colcon_core.event_handler.log_command:Invoked command in '/home/jinwoo/webots_ros2_ws/build/webots_ros2_driver' returned '0': CMAKE_PREFIX_PATH=/home/jinwoo/webots_ros2_ws/install/webots_ros2_msgs:/home/jinwoo/webots_ros2_ws/install/webots_ros2_control:/home/jinwoo/webots_ros2_ws/install/webots_ros2_driver:/home/jinwoo/webots_ros2_ws/install/webots_ros2:/home/jinwoo/webots_ros2_ws/install/webots_ros2_turtlebot:/home/jinwoo/webots_ros2_ws/install/webots_ros2_tests:/home/jinwoo/webots_ros2_ws/install/bt_image_capture:/opt/ros/humble LD_LIBRARY_PATH=/home/jinwoo/webots_ros2_ws/install/webots_ros2_msgs/lib:/home/jinwoo/webots_ros2_ws/install/webots_ros2_control/lib:/home/jinwoo/webots_ros2_ws/install/webots_ros2_driver/lib:/opt/ros/humble/opt/rviz_ogre_vendor/lib:/opt/ros/humble/lib/x86_64-linux-gnu:/opt/ros/humble/lib /usr/bin/cmake --install /home/jinwoo/webots_ros2_ws/build/webots_ros2_driver
[1.440s] Level 1:colcon.colcon_core.environment:checking '/home/jinwoo/webots_ros2_ws/install/webots_ros2_driver' for CMake config files
[1.440s] Level 1:colcon.colcon_core.shell:create_environment_hook('webots_ros2_driver', 'cmake_prefix_path')
[1.440s] INFO:colcon.colcon_core.shell:Creating environment hook '/home/jinwoo/webots_ros2_ws/install/webots_ros2_driver/share/webots_ros2_driver/hook/cmake_prefix_path.ps1'
[1.441s] INFO:colcon.colcon_core.shell:Creating environment descriptor '/home/jinwoo/webots_ros2_ws/install/webots_ros2_driver/share/webots_ros2_driver/hook/cmake_prefix_path.dsv'
[1.441s] INFO:colcon.colcon_core.shell:Creating environment hook '/home/jinwoo/webots_ros2_ws/install/webots_ros2_driver/share/webots_ros2_driver/hook/cmake_prefix_path.sh'
[1.442s] Level 1:colcon.colcon_core.environment:checking '/home/jinwoo/webots_ros2_ws/install/webots_ros2_driver/lib'
[1.442s] Level 1:colcon.colcon_core.shell:create_environment_hook('webots_ros2_driver', 'ld_library_path_lib')
[1.442s] INFO:colcon.colcon_core.shell:Creating environment hook '/home/jinwoo/webots_ros2_ws/install/webots_ros2_driver/share/webots_ros2_driver/hook/ld_library_path_lib.ps1'
[1.442s] INFO:colcon.colcon_core.shell:Creating environment descriptor '/home/jinwoo/webots_ros2_ws/install/webots_ros2_driver/share/webots_ros2_driver/hook/ld_library_path_lib.dsv'
[1.443s] INFO:colcon.colcon_core.shell:Creating environment hook '/home/jinwoo/webots_ros2_ws/install/webots_ros2_driver/share/webots_ros2_driver/hook/ld_library_path_lib.sh'
[1.443s] Level 1:colcon.colcon_core.environment:checking '/home/jinwoo/webots_ros2_ws/install/webots_ros2_driver/bin'
[1.443s] Level 1:colcon.colcon_core.environment:checking '/home/jinwoo/webots_ros2_ws/install/webots_ros2_driver/lib/pkgconfig/webots_ros2_driver.pc'
[1.443s] Level 1:colcon.colcon_core.environment:checking '/home/jinwoo/webots_ros2_ws/install/webots_ros2_driver/lib/python3.10/site-packages'
[1.443s] Level 1:colcon.colcon_core.environment:checking '/home/jinwoo/webots_ros2_ws/install/webots_ros2_driver/bin'
[1.444s] INFO:colcon.colcon_core.shell:Creating package script '/home/jinwoo/webots_ros2_ws/install/webots_ros2_driver/share/webots_ros2_driver/package.ps1'
[1.444s] INFO:colcon.colcon_core.shell:Creating package descriptor '/home/jinwoo/webots_ros2_ws/install/webots_ros2_driver/share/webots_ros2_driver/package.dsv'
[1.445s] INFO:colcon.colcon_core.shell:Creating package script '/home/jinwoo/webots_ros2_ws/install/webots_ros2_driver/share/webots_ros2_driver/package.sh'
[1.445s] INFO:colcon.colcon_core.shell:Creating package script '/home/jinwoo/webots_ros2_ws/install/webots_ros2_driver/share/webots_ros2_driver/package.bash'
[1.445s] INFO:colcon.colcon_core.shell:Creating package script '/home/jinwoo/webots_ros2_ws/install/webots_ros2_driver/share/webots_ros2_driver/package.zsh'
[1.445s] Level 1:colcon.colcon_core.environment:create_file_with_runtime_dependencies(/home/jinwoo/webots_ros2_ws/install/webots_ros2_driver/share/colcon-core/packages/webots_ros2_driver)
[1.446s] Level 1:colcon.colcon_core.environment:create_environment_scripts_only(webots_ros2_driver)
[1.446s] Level 1:colcon.colcon_core.environment:checking '/home/jinwoo/webots_ros2_ws/install/webots_ros2_driver' for CMake module files
[1.447s] Level 1:colcon.colcon_core.environment:checking '/home/jinwoo/webots_ros2_ws/install/webots_ros2_driver' for CMake config files
[1.447s] Level 1:colcon.colcon_core.shell:create_environment_hook('webots_ros2_driver', 'cmake_prefix_path')
[1.447s] INFO:colcon.colcon_core.shell:Creating environment hook '/home/jinwoo/webots_ros2_ws/install/webots_ros2_driver/share/webots_ros2_driver/hook/cmake_prefix_path.ps1'
[1.447s] INFO:colcon.colcon_core.shell:Creating environment descriptor '/home/jinwoo/webots_ros2_ws/install/webots_ros2_driver/share/webots_ros2_driver/hook/cmake_prefix_path.dsv'
[1.448s] INFO:colcon.colcon_core.shell:Creating environment hook '/home/jinwoo/webots_ros2_ws/install/webots_ros2_driver/share/webots_ros2_driver/hook/cmake_prefix_path.sh'
[1.448s] Level 1:colcon.colcon_core.environment:checking '/home/jinwoo/webots_ros2_ws/install/webots_ros2_driver/lib'
[1.448s] Level 1:colcon.colcon_core.shell:create_environment_hook('webots_ros2_driver', 'ld_library_path_lib')
[1.448s] INFO:colcon.colcon_core.shell:Creating environment hook '/home/jinwoo/webots_ros2_ws/install/webots_ros2_driver/share/webots_ros2_driver/hook/ld_library_path_lib.ps1'
[1.449s] INFO:colcon.colcon_core.shell:Creating environment descriptor '/home/jinwoo/webots_ros2_ws/install/webots_ros2_driver/share/webots_ros2_driver/hook/ld_library_path_lib.dsv'
[1.449s] INFO:colcon.colcon_core.shell:Creating environment hook '/home/jinwoo/webots_ros2_ws/install/webots_ros2_driver/share/webots_ros2_driver/hook/ld_library_path_lib.sh'
[1.449s] Level 1:colcon.colcon_core.environment:checking '/home/jinwoo/webots_ros2_ws/install/webots_ros2_driver/bin'
[1.449s] Level 1:colcon.colcon_core.environment:checking '/home/jinwoo/webots_ros2_ws/install/webots_ros2_driver/lib/pkgconfig/webots_ros2_driver.pc'
[1.450s] Level 1:colcon.colcon_core.environment:checking '/home/jinwoo/webots_ros2_ws/install/webots_ros2_driver/lib/python3.10/site-packages'
[1.450s] Level 1:colcon.colcon_core.environment:checking '/home/jinwoo/webots_ros2_ws/install/webots_ros2_driver/bin'
[1.450s] INFO:colcon.colcon_core.shell:Creating package script '/home/jinwoo/webots_ros2_ws/install/webots_ros2_driver/share/webots_ros2_driver/package.ps1'
[1.451s] INFO:colcon.colcon_core.shell:Creating package descriptor '/home/jinwoo/webots_ros2_ws/install/webots_ros2_driver/share/webots_ros2_driver/package.dsv'
[1.451s] INFO:colcon.colcon_core.shell:Creating package script '/home/jinwoo/webots_ros2_ws/install/webots_ros2_driver/share/webots_ros2_driver/package.sh'
[1.452s] INFO:colcon.colcon_core.shell:Creating package script '/home/jinwoo/webots_ros2_ws/install/webots_ros2_driver/share/webots_ros2_driver/package.bash'
[1.452s] INFO:colcon.colcon_core.shell:Creating package script '/home/jinwoo/webots_ros2_ws/install/webots_ros2_driver/share/webots_ros2_driver/package.zsh'
[1.452s] Level 1:colcon.colcon_core.environment:create_file_with_runtime_dependencies(/home/jinwoo/webots_ros2_ws/install/webots_ros2_driver/share/colcon-core/packages/webots_ros2_driver)
[1.453s] INFO:colcon.colcon_ros.task.ament_cmake.build:Building ROS package in '/home/jinwoo/webots_ros2_ws/src/webots_ros2/webots_ros2_control' with build type 'ament_cmake'
[1.453s] INFO:colcon.colcon_cmake.task.cmake.build:Building CMake package in '/home/jinwoo/webots_ros2_ws/src/webots_ros2/webots_ros2_control'
[1.453s] INFO:colcon.colcon_core.shell:Skip shell extension 'powershell' for command environment: Not usable outside of PowerShell
[1.453s] DEBUG:colcon.colcon_core.shell:Skip shell extension 'dsv' for command environment
[1.466s] DEBUG:colcon.colcon_core.event_handler.log_command:Invoking command in '/home/jinwoo/webots_ros2_ws/build/webots_ros2_control': CMAKE_PREFIX_PATH=/home/jinwoo/webots_ros2_ws/install/webots_ros2_driver:/home/jinwoo/webots_ros2_ws/install/webots_ros2_msgs:/home/jinwoo/webots_ros2_ws/install/webots_ros2_control:/home/jinwoo/webots_ros2_ws/install/webots_ros2:/home/jinwoo/webots_ros2_ws/install/webots_ros2_turtlebot:/home/jinwoo/webots_ros2_ws/install/webots_ros2_tests:/home/jinwoo/webots_ros2_ws/install/bt_image_capture:/opt/ros/humble LD_LIBRARY_PATH=/home/jinwoo/webots_ros2_ws/install/webots_ros2_driver/lib:/home/jinwoo/webots_ros2_ws/install/webots_ros2_msgs/lib:/home/jinwoo/webots_ros2_ws/install/webots_ros2_control/lib:/opt/ros/humble/opt/rviz_ogre_vendor/lib:/opt/ros/humble/lib/x86_64-linux-gnu:/opt/ros/humble/lib /usr/bin/cmake --build /home/jinwoo/webots_ros2_ws/build/webots_ros2_control -- -j18 -l18
[1.742s] DEBUG:colcon.colcon_core.event_handler.log_command:Invoked command in '/home/jinwoo/webots_ros2_ws/build/webots_ros2_control' returned '0': CMAKE_PREFIX_PATH=/home/jinwoo/webots_ros2_ws/install/webots_ros2_driver:/home/jinwoo/webots_ros2_ws/install/webots_ros2_msgs:/home/jinwoo/webots_ros2_ws/install/webots_ros2_control:/home/jinwoo/webots_ros2_ws/install/webots_ros2:/home/jinwoo/webots_ros2_ws/install/webots_ros2_turtlebot:/home/jinwoo/webots_ros2_ws/install/webots_ros2_tests:/home/jinwoo/webots_ros2_ws/install/bt_image_capture:/opt/ros/humble LD_LIBRARY_PATH=/home/jinwoo/webots_ros2_ws/install/webots_ros2_driver/lib:/home/jinwoo/webots_ros2_ws/install/webots_ros2_msgs/lib:/home/jinwoo/webots_ros2_ws/install/webots_ros2_control/lib:/opt/ros/humble/opt/rviz_ogre_vendor/lib:/opt/ros/humble/lib/x86_64-linux-gnu:/opt/ros/humble/lib /usr/bin/cmake --build /home/jinwoo/webots_ros2_ws/build/webots_ros2_control -- -j18 -l18
[1.744s] DEBUG:colcon.colcon_core.event_handler.log_command:Invoking command in '/home/jinwoo/webots_ros2_ws/build/webots_ros2_control': CMAKE_PREFIX_PATH=/home/jinwoo/webots_ros2_ws/install/webots_ros2_driver:/home/jinwoo/webots_ros2_ws/install/webots_ros2_msgs:/home/jinwoo/webots_ros2_ws/install/webots_ros2_control:/home/jinwoo/webots_ros2_ws/install/webots_ros2:/home/jinwoo/webots_ros2_ws/install/webots_ros2_turtlebot:/home/jinwoo/webots_ros2_ws/install/webots_ros2_tests:/home/jinwoo/webots_ros2_ws/install/bt_image_capture:/opt/ros/humble LD_LIBRARY_PATH=/home/jinwoo/webots_ros2_ws/install/webots_ros2_driver/lib:/home/jinwoo/webots_ros2_ws/install/webots_ros2_msgs/lib:/home/jinwoo/webots_ros2_ws/install/webots_ros2_control/lib:/opt/ros/humble/opt/rviz_ogre_vendor/lib:/opt/ros/humble/lib/x86_64-linux-gnu:/opt/ros/humble/lib /usr/bin/cmake --install /home/jinwoo/webots_ros2_ws/build/webots_ros2_control
[1.755s] Level 1:colcon.colcon_core.environment:create_environment_scripts_only(webots_ros2_control)
[1.755s] Level 1:colcon.colcon_core.environment:checking '/home/jinwoo/webots_ros2_ws/install/webots_ros2_control' for CMake module files
[1.756s] DEBUG:colcon.colcon_core.event_handler.log_command:Invoked command in '/home/jinwoo/webots_ros2_ws/build/webots_ros2_control' returned '0': CMAKE_PREFIX_PATH=/home/jinwoo/webots_ros2_ws/install/webots_ros2_driver:/home/jinwoo/webots_ros2_ws/install/webots_ros2_msgs:/home/jinwoo/webots_ros2_ws/install/webots_ros2_control:/home/jinwoo/webots_ros2_ws/install/webots_ros2:/home/jinwoo/webots_ros2_ws/install/webots_ros2_turtlebot:/home/jinwoo/webots_ros2_ws/install/webots_ros2_tests:/home/jinwoo/webots_ros2_ws/install/bt_image_capture:/opt/ros/humble LD_LIBRARY_PATH=/home/jinwoo/webots_ros2_ws/install/webots_ros2_driver/lib:/home/jinwoo/webots_ros2_ws/install/webots_ros2_msgs/lib:/home/jinwoo/webots_ros2_ws/install/webots_ros2_control/lib:/opt/ros/humble/opt/rviz_ogre_vendor/lib:/opt/ros/humble/lib/x86_64-linux-gnu:/opt/ros/humble/lib /usr/bin/cmake --install /home/jinwoo/webots_ros2_ws/build/webots_ros2_control
[1.756s] Level 1:colcon.colcon_core.environment:checking '/home/jinwoo/webots_ros2_ws/install/webots_ros2_control' for CMake config files
[1.756s] Level 1:colcon.colcon_core.shell:create_environment_hook('webots_ros2_control', 'cmake_prefix_path')
[1.756s] INFO:colcon.colcon_core.shell:Creating environment hook '/home/jinwoo/webots_ros2_ws/install/webots_ros2_control/share/webots_ros2_control/hook/cmake_prefix_path.ps1'
[1.757s] INFO:colcon.colcon_core.shell:Creating environment descriptor '/home/jinwoo/webots_ros2_ws/install/webots_ros2_control/share/webots_ros2_control/hook/cmake_prefix_path.dsv'
[1.757s] INFO:colcon.colcon_core.shell:Creating environment hook '/home/jinwoo/webots_ros2_ws/install/webots_ros2_control/share/webots_ros2_control/hook/cmake_prefix_path.sh'
[1.757s] Level 1:colcon.colcon_core.environment:checking '/home/jinwoo/webots_ros2_ws/install/webots_ros2_control/lib'
[1.757s] Level 1:colcon.colcon_core.shell:create_environment_hook('webots_ros2_control', 'ld_library_path_lib')
[1.757s] INFO:colcon.colcon_core.shell:Creating environment hook '/home/jinwoo/webots_ros2_ws/install/webots_ros2_control/share/webots_ros2_control/hook/ld_library_path_lib.ps1'
[1.757s] INFO:colcon.colcon_core.shell:Creating environment descriptor '/home/jinwoo/webots_ros2_ws/install/webots_ros2_control/share/webots_ros2_control/hook/ld_library_path_lib.dsv'
[1.758s] INFO:colcon.colcon_core.shell:Creating environment hook '/home/jinwoo/webots_ros2_ws/install/webots_ros2_control/share/webots_ros2_control/hook/ld_library_path_lib.sh'
[1.758s] Level 1:colcon.colcon_core.environment:checking '/home/jinwoo/webots_ros2_ws/install/webots_ros2_control/bin'
[1.758s] Level 1:colcon.colcon_core.environment:checking '/home/jinwoo/webots_ros2_ws/install/webots_ros2_control/lib/pkgconfig/webots_ros2_control.pc'
[1.758s] Level 1:colcon.colcon_core.environment:checking '/home/jinwoo/webots_ros2_ws/install/webots_ros2_control/lib/python3.10/site-packages'
[1.758s] Level 1:colcon.colcon_core.environment:checking '/home/jinwoo/webots_ros2_ws/install/webots_ros2_control/bin'
[1.758s] INFO:colcon.colcon_core.shell:Creating package script '/home/jinwoo/webots_ros2_ws/install/webots_ros2_control/share/webots_ros2_control/package.ps1'
[1.759s] INFO:colcon.colcon_core.shell:Creating package descriptor '/home/jinwoo/webots_ros2_ws/install/webots_ros2_control/share/webots_ros2_control/package.dsv'
[1.759s] INFO:colcon.colcon_core.shell:Creating package script '/home/jinwoo/webots_ros2_ws/install/webots_ros2_control/share/webots_ros2_control/package.sh'
[1.759s] INFO:colcon.colcon_core.shell:Creating package script '/home/jinwoo/webots_ros2_ws/install/webots_ros2_control/share/webots_ros2_control/package.bash'
[1.759s] INFO:colcon.colcon_core.shell:Creating package script '/home/jinwoo/webots_ros2_ws/install/webots_ros2_control/share/webots_ros2_control/package.zsh'
[1.759s] Level 1:colcon.colcon_core.environment:create_file_with_runtime_dependencies(/home/jinwoo/webots_ros2_ws/install/webots_ros2_control/share/colcon-core/packages/webots_ros2_control)
[1.760s] Level 1:colcon.colcon_core.environment:create_environment_scripts_only(webots_ros2_control)
[1.760s] Level 1:colcon.colcon_core.environment:checking '/home/jinwoo/webots_ros2_ws/install/webots_ros2_control' for CMake module files
[1.760s] Level 1:colcon.colcon_core.environment:checking '/home/jinwoo/webots_ros2_ws/install/webots_ros2_control' for CMake config files
[1.760s] Level 1:colcon.colcon_core.shell:create_environment_hook('webots_ros2_control', 'cmake_prefix_path')
[1.760s] INFO:colcon.colcon_core.shell:Creating environment hook '/home/jinwoo/webots_ros2_ws/install/webots_ros2_control/share/webots_ros2_control/hook/cmake_prefix_path.ps1'
[1.760s] INFO:colcon.colcon_core.shell:Creating environment descriptor '/home/jinwoo/webots_ros2_ws/install/webots_ros2_control/share/webots_ros2_control/hook/cmake_prefix_path.dsv'
[1.761s] INFO:colcon.colcon_core.shell:Creating environment hook '/home/jinwoo/webots_ros2_ws/install/webots_ros2_control/share/webots_ros2_control/hook/cmake_prefix_path.sh'
[1.761s] Level 1:colcon.colcon_core.environment:checking '/home/jinwoo/webots_ros2_ws/install/webots_ros2_control/lib'
[1.761s] Level 1:colcon.colcon_core.shell:create_environment_hook('webots_ros2_control', 'ld_library_path_lib')
[1.761s] INFO:colcon.colcon_core.shell:Creating environment hook '/home/jinwoo/webots_ros2_ws/install/webots_ros2_control/share/webots_ros2_control/hook/ld_library_path_lib.ps1'
[1.761s] INFO:colcon.colcon_core.shell:Creating environment descriptor '/home/jinwoo/webots_ros2_ws/install/webots_ros2_control/share/webots_ros2_control/hook/ld_library_path_lib.dsv'
[1.761s] INFO:colcon.colcon_core.shell:Creating environment hook '/home/jinwoo/webots_ros2_ws/install/webots_ros2_control/share/webots_ros2_control/hook/ld_library_path_lib.sh'
[1.762s] Level 1:colcon.colcon_core.environment:checking '/home/jinwoo/webots_ros2_ws/install/webots_ros2_control/bin'
[1.762s] Level 1:colcon.colcon_core.environment:checking '/home/jinwoo/webots_ros2_ws/install/webots_ros2_control/lib/pkgconfig/webots_ros2_control.pc'
[1.762s] Level 1:colcon.colcon_core.environment:checking '/home/jinwoo/webots_ros2_ws/install/webots_ros2_control/lib/python3.10/site-packages'
[1.762s] Level 1:colcon.colcon_core.environment:checking '/home/jinwoo/webots_ros2_ws/install/webots_ros2_control/bin'
[1.762s] INFO:colcon.colcon_core.shell:Creating package script '/home/jinwoo/webots_ros2_ws/install/webots_ros2_control/share/webots_ros2_control/package.ps1'
[1.762s] INFO:colcon.colcon_core.shell:Creating package descriptor '/home/jinwoo/webots_ros2_ws/install/webots_ros2_control/share/webots_ros2_control/package.dsv'
[1.763s] INFO:colcon.colcon_core.shell:Creating package script '/home/jinwoo/webots_ros2_ws/install/webots_ros2_control/share/webots_ros2_control/package.sh'
[1.763s] INFO:colcon.colcon_core.shell:Creating package script '/home/jinwoo/webots_ros2_ws/install/webots_ros2_control/share/webots_ros2_control/package.bash'
[1.763s] INFO:colcon.colcon_core.shell:Creating package script '/home/jinwoo/webots_ros2_ws/install/webots_ros2_control/share/webots_ros2_control/package.zsh'
[1.763s] Level 1:colcon.colcon_core.environment:create_file_with_runtime_dependencies(/home/jinwoo/webots_ros2_ws/install/webots_ros2_control/share/colcon-core/packages/webots_ros2_control)
[1.763s] INFO:colcon.colcon_ros.task.ament_python.build:Building ROS package in '/home/jinwoo/webots_ros2_ws/src/webots_ros2/webots_ros2_turtlebot' with build type 'ament_python'
[1.763s] Level 1:colcon.colcon_core.shell:create_environment_hook('webots_ros2_turtlebot', 'ament_prefix_path')
[1.764s] INFO:colcon.colcon_core.shell:Creating environment hook '/home/jinwoo/webots_ros2_ws/install/webots_ros2_turtlebot/share/webots_ros2_turtlebot/hook/ament_prefix_path.ps1'
[1.764s] INFO:colcon.colcon_core.shell:Creating environment descriptor '/home/jinwoo/webots_ros2_ws/install/webots_ros2_turtlebot/share/webots_ros2_turtlebot/hook/ament_prefix_path.dsv'
[1.764s] INFO:colcon.colcon_core.shell:Creating environment hook '/home/jinwoo/webots_ros2_ws/install/webots_ros2_turtlebot/share/webots_ros2_turtlebot/hook/ament_prefix_path.sh'
[1.765s] INFO:colcon.colcon_core.shell:Skip shell extension 'powershell' for command environment: Not usable outside of PowerShell
[1.765s] DEBUG:colcon.colcon_core.shell:Skip shell extension 'dsv' for command environment
[1.930s] INFO:colcon.colcon_core.task.python.build:Building Python package in '/home/jinwoo/webots_ros2_ws/src/webots_ros2/webots_ros2_turtlebot'
[1.931s] INFO:colcon.colcon_core.shell:Skip shell extension 'powershell' for command environment: Not usable outside of PowerShell
[1.931s] DEBUG:colcon.colcon_core.shell:Skip shell extension 'dsv' for command environment
[2.153s] DEBUG:colcon.colcon_core.event_handler.log_command:Invoking command in '/home/jinwoo/webots_ros2_ws/src/webots_ros2/webots_ros2_turtlebot': PYTHONPATH=/home/jinwoo/webots_ros2_ws/build/webots_ros2_turtlebot/prefix_override:/usr/lib/python3/dist-packages/colcon_core/task/python/colcon_distutils_commands:/home/jinwoo/webots_ros2_ws/install/webots_ros2_turtlebot/lib/python3.10/site-packages:${PYTHONPATH} /usr/bin/python3 -W ignore:setup.py install is deprecated -W ignore:easy_install command is deprecated setup.py egg_info --egg-base ../../../build/webots_ros2_turtlebot build --build-base /home/jinwoo/webots_ros2_ws/build/webots_ros2_turtlebot/build install --record /home/jinwoo/webots_ros2_ws/build/webots_ros2_turtlebot/install.log --single-version-externally-managed install_data
[2.325s] Level 1:colcon.colcon_core.environment:checking '/home/jinwoo/webots_ros2_ws/install/webots_ros2_turtlebot' for CMake module files
[2.326s] DEBUG:colcon.colcon_core.event_handler.log_command:Invoked command in '/home/jinwoo/webots_ros2_ws/src/webots_ros2/webots_ros2_turtlebot' returned '0': PYTHONPATH=/home/jinwoo/webots_ros2_ws/build/webots_ros2_turtlebot/prefix_override:/usr/lib/python3/dist-packages/colcon_core/task/python/colcon_distutils_commands:/home/jinwoo/webots_ros2_ws/install/webots_ros2_turtlebot/lib/python3.10/site-packages:${PYTHONPATH} /usr/bin/python3 -W ignore:setup.py install is deprecated -W ignore:easy_install command is deprecated setup.py egg_info --egg-base ../../../build/webots_ros2_turtlebot build --build-base /home/jinwoo/webots_ros2_ws/build/webots_ros2_turtlebot/build install --record /home/jinwoo/webots_ros2_ws/build/webots_ros2_turtlebot/install.log --single-version-externally-managed install_data
[2.327s] Level 1:colcon.colcon_core.environment:checking '/home/jinwoo/webots_ros2_ws/install/webots_ros2_turtlebot' for CMake config files
[2.327s] Level 1:colcon.colcon_core.environment:checking '/home/jinwoo/webots_ros2_ws/install/webots_ros2_turtlebot/lib'
[2.328s] Level 1:colcon.colcon_core.environment:checking '/home/jinwoo/webots_ros2_ws/install/webots_ros2_turtlebot/bin'
[2.328s] Level 1:colcon.colcon_core.environment:checking '/home/jinwoo/webots_ros2_ws/install/webots_ros2_turtlebot/lib/pkgconfig/webots_ros2_turtlebot.pc'
[2.328s] Level 1:colcon.colcon_core.environment:checking '/home/jinwoo/webots_ros2_ws/install/webots_ros2_turtlebot/lib/python3.10/site-packages'
[2.328s] Level 1:colcon.colcon_core.shell:create_environment_hook('webots_ros2_turtlebot', 'pythonpath')
[2.328s] INFO:colcon.colcon_core.shell:Creating environment hook '/home/jinwoo/webots_ros2_ws/install/webots_ros2_turtlebot/share/webots_ros2_turtlebot/hook/pythonpath.ps1'
[2.329s] INFO:colcon.colcon_core.shell:Creating environment descriptor '/home/jinwoo/webots_ros2_ws/install/webots_ros2_turtlebot/share/webots_ros2_turtlebot/hook/pythonpath.dsv'
[2.329s] INFO:colcon.colcon_core.shell:Creating environment hook '/home/jinwoo/webots_ros2_ws/install/webots_ros2_turtlebot/share/webots_ros2_turtlebot/hook/pythonpath.sh'
[2.330s] Level 1:colcon.colcon_core.environment:checking '/home/jinwoo/webots_ros2_ws/install/webots_ros2_turtlebot/bin'
[2.330s] Level 1:colcon.colcon_core.environment:create_environment_scripts_only(webots_ros2_turtlebot)
[2.330s] INFO:colcon.colcon_core.shell:Creating package script '/home/jinwoo/webots_ros2_ws/install/webots_ros2_turtlebot/share/webots_ros2_turtlebot/package.ps1'
[2.330s] INFO:colcon.colcon_core.shell:Creating package descriptor '/home/jinwoo/webots_ros2_ws/install/webots_ros2_turtlebot/share/webots_ros2_turtlebot/package.dsv'
[2.331s] INFO:colcon.colcon_core.shell:Creating package script '/home/jinwoo/webots_ros2_ws/install/webots_ros2_turtlebot/share/webots_ros2_turtlebot/package.sh'
[2.331s] INFO:colcon.colcon_core.shell:Creating package script '/home/jinwoo/webots_ros2_ws/install/webots_ros2_turtlebot/share/webots_ros2_turtlebot/package.bash'
[2.331s] INFO:colcon.colcon_core.shell:Creating package script '/home/jinwoo/webots_ros2_ws/install/webots_ros2_turtlebot/share/webots_ros2_turtlebot/package.zsh'
[2.331s] Level 1:colcon.colcon_core.environment:create_file_with_runtime_dependencies(/home/jinwoo/webots_ros2_ws/install/webots_ros2_turtlebot/share/colcon-core/packages/webots_ros2_turtlebot)
[2.331s] INFO:colcon.colcon_ros.task.ament_python.build:Building ROS package in '/home/jinwoo/webots_ros2_ws/src/webots_ros2/webots_ros2_tests' with build type 'ament_python'
[2.332s] Level 1:colcon.colcon_core.shell:create_environment_hook('webots_ros2_tests', 'ament_prefix_path')
[2.332s] INFO:colcon.colcon_core.shell:Creating environment hook '/home/jinwoo/webots_ros2_ws/install/webots_ros2_tests/share/webots_ros2_tests/hook/ament_prefix_path.ps1'
[2.332s] INFO:colcon.colcon_core.shell:Creating environment descriptor '/home/jinwoo/webots_ros2_ws/install/webots_ros2_tests/share/webots_ros2_tests/hook/ament_prefix_path.dsv'
[2.333s] INFO:colcon.colcon_core.shell:Creating environment hook '/home/jinwoo/webots_ros2_ws/install/webots_ros2_tests/share/webots_ros2_tests/hook/ament_prefix_path.sh'
[2.333s] INFO:colcon.colcon_core.shell:Skip shell extension 'powershell' for command environment: Not usable outside of PowerShell
[2.333s] DEBUG:colcon.colcon_core.shell:Skip shell extension 'dsv' for command environment
[2.494s] INFO:colcon.colcon_core.task.python.build:Building Python package in '/home/jinwoo/webots_ros2_ws/src/webots_ros2/webots_ros2_tests'
[2.494s] INFO:colcon.colcon_core.shell:Skip shell extension 'powershell' for command environment: Not usable outside of PowerShell
[2.494s] DEBUG:colcon.colcon_core.shell:Skip shell extension 'dsv' for command environment
[2.710s] DEBUG:colcon.colcon_core.event_handler.log_command:Invoking command in '/home/jinwoo/webots_ros2_ws/src/webots_ros2/webots_ros2_tests': AMENT_PREFIX_PATH=/home/jinwoo/webots_ros2_ws/install/webots_ros2_turtlebot:/home/jinwoo/webots_ros2_ws/install/webots_ros2:/home/jinwoo/webots_ros2_ws/install/webots_ros2_tests:/home/jinwoo/webots_ros2_ws/install/webots_ros2_control:/home/jinwoo/webots_ros2_ws/install/webots_ros2_driver:/home/jinwoo/webots_ros2_ws/install/webots_ros2_msgs:/home/jinwoo/webots_ros2_ws/install/bt_image_capture:/opt/ros/humble PYTHONPATH=/home/jinwoo/webots_ros2_ws/build/webots_ros2_tests/prefix_override:/usr/lib/python3/dist-packages/colcon_core/task/python/colcon_distutils_commands:/home/jinwoo/webots_ros2_ws/install/webots_ros2_tests/lib/python3.10/site-packages:/home/jinwoo/webots_ros2_ws/install/webots_ros2_turtlebot/lib/python3.10/site-packages:/home/jinwoo/webots_ros2_ws/install/webots_ros2/lib/python3.10/site-packages:/home/jinwoo/webots_ros2_ws/install/webots_ros2_tests/lib/python3.10/site-packages:/home/jinwoo/webots_ros2_ws/install/webots_ros2_driver/local/lib/python3.10/dist-packages:/home/jinwoo/webots_ros2_ws/install/webots_ros2_msgs/local/lib/python3.10/dist-packages:/home/jinwoo/webots_ros2_ws/install/bt_image_capture/lib/python3.10/site-packages:/opt/ros/humble/lib/python3.10/site-packages:/opt/ros/humble/local/lib/python3.10/dist-packages /usr/bin/python3 -W ignore:setup.py install is deprecated -W ignore:easy_install command is deprecated setup.py egg_info --egg-base ../../../build/webots_ros2_tests build --build-base /home/jinwoo/webots_ros2_ws/build/webots_ros2_tests/build install --record /home/jinwoo/webots_ros2_ws/build/webots_ros2_tests/install.log --single-version-externally-managed install_data
[2.879s] Level 1:colcon.colcon_core.environment:checking '/home/jinwoo/webots_ros2_ws/install/webots_ros2_tests' for CMake module files
[2.880s] DEBUG:colcon.colcon_core.event_handler.log_command:Invoked command in '/home/jinwoo/webots_ros2_ws/src/webots_ros2/webots_ros2_tests' returned '0': AMENT_PREFIX_PATH=/home/jinwoo/webots_ros2_ws/install/webots_ros2_turtlebot:/home/jinwoo/webots_ros2_ws/install/webots_ros2:/home/jinwoo/webots_ros2_ws/install/webots_ros2_tests:/home/jinwoo/webots_ros2_ws/install/webots_ros2_control:/home/jinwoo/webots_ros2_ws/install/webots_ros2_driver:/home/jinwoo/webots_ros2_ws/install/webots_ros2_msgs:/home/jinwoo/webots_ros2_ws/install/bt_image_capture:/opt/ros/humble PYTHONPATH=/home/jinwoo/webots_ros2_ws/build/webots_ros2_tests/prefix_override:/usr/lib/python3/dist-packages/colcon_core/task/python/colcon_distutils_commands:/home/jinwoo/webots_ros2_ws/install/webots_ros2_tests/lib/python3.10/site-packages:/home/jinwoo/webots_ros2_ws/install/webots_ros2_turtlebot/lib/python3.10/site-packages:/home/jinwoo/webots_ros2_ws/install/webots_ros2/lib/python3.10/site-packages:/home/jinwoo/webots_ros2_ws/install/webots_ros2_tests/lib/python3.10/site-packages:/home/jinwoo/webots_ros2_ws/install/webots_ros2_driver/local/lib/python3.10/dist-packages:/home/jinwoo/webots_ros2_ws/install/webots_ros2_msgs/local/lib/python3.10/dist-packages:/home/jinwoo/webots_ros2_ws/install/bt_image_capture/lib/python3.10/site-packages:/opt/ros/humble/lib/python3.10/site-packages:/opt/ros/humble/local/lib/python3.10/dist-packages /usr/bin/python3 -W ignore:setup.py install is deprecated -W ignore:easy_install command is deprecated setup.py egg_info --egg-base ../../../build/webots_ros2_tests build --build-base /home/jinwoo/webots_ros2_ws/build/webots_ros2_tests/build install --record /home/jinwoo/webots_ros2_ws/build/webots_ros2_tests/install.log --single-version-externally-managed install_data
[2.880s] Level 1:colcon.colcon_core.environment:checking '/home/jinwoo/webots_ros2_ws/install/webots_ros2_tests' for CMake config files
[2.880s] Level 1:colcon.colcon_core.environment:checking '/home/jinwoo/webots_ros2_ws/install/webots_ros2_tests/lib'
[2.881s] Level 1:colcon.colcon_core.environment:checking '/home/jinwoo/webots_ros2_ws/install/webots_ros2_tests/bin'
[2.881s] Level 1:colcon.colcon_core.environment:checking '/home/jinwoo/webots_ros2_ws/install/webots_ros2_tests/lib/pkgconfig/webots_ros2_tests.pc'
[2.881s] Level 1:colcon.colcon_core.environment:checking '/home/jinwoo/webots_ros2_ws/install/webots_ros2_tests/lib/python3.10/site-packages'
[2.881s] Level 1:colcon.colcon_core.shell:create_environment_hook('webots_ros2_tests', 'pythonpath')
[2.881s] INFO:colcon.colcon_core.shell:Creating environment hook '/home/jinwoo/webots_ros2_ws/install/webots_ros2_tests/share/webots_ros2_tests/hook/pythonpath.ps1'
[2.881s] INFO:colcon.colcon_core.shell:Creating environment descriptor '/home/jinwoo/webots_ros2_ws/install/webots_ros2_tests/share/webots_ros2_tests/hook/pythonpath.dsv'
[2.882s] INFO:colcon.colcon_core.shell:Creating environment hook '/home/jinwoo/webots_ros2_ws/install/webots_ros2_tests/share/webots_ros2_tests/hook/pythonpath.sh'
[2.882s] Level 1:colcon.colcon_core.environment:checking '/home/jinwoo/webots_ros2_ws/install/webots_ros2_tests/bin'
[2.882s] Level 1:colcon.colcon_core.environment:create_environment_scripts_only(webots_ros2_tests)
[2.882s] INFO:colcon.colcon_core.shell:Creating package script '/home/jinwoo/webots_ros2_ws/install/webots_ros2_tests/share/webots_ros2_tests/package.ps1'
[2.883s] INFO:colcon.colcon_core.shell:Creating package descriptor '/home/jinwoo/webots_ros2_ws/install/webots_ros2_tests/share/webots_ros2_tests/package.dsv'
[2.883s] INFO:colcon.colcon_core.shell:Creating package script '/home/jinwoo/webots_ros2_ws/install/webots_ros2_tests/share/webots_ros2_tests/package.sh'
[2.883s] INFO:colcon.colcon_core.shell:Creating package script '/home/jinwoo/webots_ros2_ws/install/webots_ros2_tests/share/webots_ros2_tests/package.bash'
[2.883s] INFO:colcon.colcon_core.shell:Creating package script '/home/jinwoo/webots_ros2_ws/install/webots_ros2_tests/share/webots_ros2_tests/package.zsh'
[2.883s] Level 1:colcon.colcon_core.environment:create_file_with_runtime_dependencies(/home/jinwoo/webots_ros2_ws/install/webots_ros2_tests/share/colcon-core/packages/webots_ros2_tests)
[2.884s] INFO:colcon.colcon_ros.task.ament_python.build:Building ROS package in '/home/jinwoo/webots_ros2_ws/src/webots_ros2/webots_ros2' with build type 'ament_python'
[2.884s] Level 1:colcon.colcon_core.shell:create_environment_hook('webots_ros2', 'ament_prefix_path')
[2.884s] INFO:colcon.colcon_core.shell:Creating environment hook '/home/jinwoo/webots_ros2_ws/install/webots_ros2/share/webots_ros2/hook/ament_prefix_path.ps1'
[2.884s] INFO:colcon.colcon_core.shell:Creating environment descriptor '/home/jinwoo/webots_ros2_ws/install/webots_ros2/share/webots_ros2/hook/ament_prefix_path.dsv'
[2.884s] INFO:colcon.colcon_core.shell:Creating environment hook '/home/jinwoo/webots_ros2_ws/install/webots_ros2/share/webots_ros2/hook/ament_prefix_path.sh'
[2.885s] INFO:colcon.colcon_core.shell:Skip shell extension 'powershell' for command environment: Not usable outside of PowerShell
[2.885s] DEBUG:colcon.colcon_core.shell:Skip shell extension 'dsv' for command environment
[3.043s] INFO:colcon.colcon_core.task.python.build:Building Python package in '/home/jinwoo/webots_ros2_ws/src/webots_ros2/webots_ros2'
[3.044s] INFO:colcon.colcon_core.shell:Skip shell extension 'powershell' for command environment: Not usable outside of PowerShell
[3.044s] DEBUG:colcon.colcon_core.shell:Skip shell extension 'dsv' for command environment
[3.254s] DEBUG:colcon.colcon_core.event_handler.log_command:Invoking command in '/home/jinwoo/webots_ros2_ws/src/webots_ros2/webots_ros2': AMENT_PREFIX_PATH=/home/jinwoo/webots_ros2_ws/install/webots_ros2_tests:/home/jinwoo/webots_ros2_ws/install/webots_ros2_turtlebot:/home/jinwoo/webots_ros2_ws/install/webots_ros2:/home/jinwoo/webots_ros2_ws/install/webots_ros2_control:/home/jinwoo/webots_ros2_ws/install/webots_ros2_driver:/home/jinwoo/webots_ros2_ws/install/webots_ros2_msgs:/home/jinwoo/webots_ros2_ws/install/bt_image_capture:/opt/ros/humble PYTHONPATH=/home/jinwoo/webots_ros2_ws/build/webots_ros2/prefix_override:/usr/lib/python3/dist-packages/colcon_core/task/python/colcon_distutils_commands:/home/jinwoo/webots_ros2_ws/install/webots_ros2/lib/python3.10/site-packages:/home/jinwoo/webots_ros2_ws/install/webots_ros2_tests/lib/python3.10/site-packages:/home/jinwoo/webots_ros2_ws/install/webots_ros2_turtlebot/lib/python3.10/site-packages:/home/jinwoo/webots_ros2_ws/install/webots_ros2/lib/python3.10/site-packages:/home/jinwoo/webots_ros2_ws/install/webots_ros2_driver/local/lib/python3.10/dist-packages:/home/jinwoo/webots_ros2_ws/install/webots_ros2_msgs/local/lib/python3.10/dist-packages:/home/jinwoo/webots_ros2_ws/install/bt_image_capture/lib/python3.10/site-packages:/opt/ros/humble/lib/python3.10/site-packages:/opt/ros/humble/local/lib/python3.10/dist-packages /usr/bin/python3 -W ignore:setup.py install is deprecated -W ignore:easy_install command is deprecated setup.py egg_info --egg-base ../../../build/webots_ros2 build --build-base /home/jinwoo/webots_ros2_ws/build/webots_ros2/build install --record /home/jinwoo/webots_ros2_ws/build/webots_ros2/install.log --single-version-externally-managed install_data
[3.422s] Level 1:colcon.colcon_core.environment:checking '/home/jinwoo/webots_ros2_ws/install/webots_ros2' for CMake module files
[3.423s] DEBUG:colcon.colcon_core.event_handler.log_command:Invoked command in '/home/jinwoo/webots_ros2_ws/src/webots_ros2/webots_ros2' returned '0': AMENT_PREFIX_PATH=/home/jinwoo/webots_ros2_ws/install/webots_ros2_tests:/home/jinwoo/webots_ros2_ws/install/webots_ros2_turtlebot:/home/jinwoo/webots_ros2_ws/install/webots_ros2:/home/jinwoo/webots_ros2_ws/install/webots_ros2_control:/home/jinwoo/webots_ros2_ws/install/webots_ros2_driver:/home/jinwoo/webots_ros2_ws/install/webots_ros2_msgs:/home/jinwoo/webots_ros2_ws/install/bt_image_capture:/opt/ros/humble PYTHONPATH=/home/jinwoo/webots_ros2_ws/build/webots_ros2/prefix_override:/usr/lib/python3/dist-packages/colcon_core/task/python/colcon_distutils_commands:/home/jinwoo/webots_ros2_ws/install/webots_ros2/lib/python3.10/site-packages:/home/jinwoo/webots_ros2_ws/install/webots_ros2_tests/lib/python3.10/site-packages:/home/jinwoo/webots_ros2_ws/install/webots_ros2_turtlebot/lib/python3.10/site-packages:/home/jinwoo/webots_ros2_ws/install/webots_ros2/lib/python3.10/site-packages:/home/jinwoo/webots_ros2_ws/install/webots_ros2_driver/local/lib/python3.10/dist-packages:/home/jinwoo/webots_ros2_ws/install/webots_ros2_msgs/local/lib/python3.10/dist-packages:/home/jinwoo/webots_ros2_ws/install/bt_image_capture/lib/python3.10/site-packages:/opt/ros/humble/lib/python3.10/site-packages:/opt/ros/humble/local/lib/python3.10/dist-packages /usr/bin/python3 -W ignore:setup.py install is deprecated -W ignore:easy_install command is deprecated setup.py egg_info --egg-base ../../../build/webots_ros2 build --build-base /home/jinwoo/webots_ros2_ws/build/webots_ros2/build install --record /home/jinwoo/webots_ros2_ws/build/webots_ros2/install.log --single-version-externally-managed install_data
[3.423s] Level 1:colcon.colcon_core.environment:checking '/home/jinwoo/webots_ros2_ws/install/webots_ros2' for CMake config files
[3.423s] Level 1:colcon.colcon_core.environment:checking '/home/jinwoo/webots_ros2_ws/install/webots_ros2/lib'
[3.423s] Level 1:colcon.colcon_core.environment:checking '/home/jinwoo/webots_ros2_ws/install/webots_ros2/bin'
[3.423s] Level 1:colcon.colcon_core.environment:checking '/home/jinwoo/webots_ros2_ws/install/webots_ros2/lib/pkgconfig/webots_ros2.pc'
[3.423s] Level 1:colcon.colcon_core.environment:checking '/home/jinwoo/webots_ros2_ws/install/webots_ros2/lib/python3.10/site-packages'
[3.423s] Level 1:colcon.colcon_core.shell:create_environment_hook('webots_ros2', 'pythonpath')
[3.424s] INFO:colcon.colcon_core.shell:Creating environment hook '/home/jinwoo/webots_ros2_ws/install/webots_ros2/share/webots_ros2/hook/pythonpath.ps1'
[3.424s] INFO:colcon.colcon_core.shell:Creating environment descriptor '/home/jinwoo/webots_ros2_ws/install/webots_ros2/share/webots_ros2/hook/pythonpath.dsv'
[3.424s] INFO:colcon.colcon_core.shell:Creating environment hook '/home/jinwoo/webots_ros2_ws/install/webots_ros2/share/webots_ros2/hook/pythonpath.sh'
[3.425s] Level 1:colcon.colcon_core.environment:checking '/home/jinwoo/webots_ros2_ws/install/webots_ros2/bin'
[3.425s] Level 1:colcon.colcon_core.environment:create_environment_scripts_only(webots_ros2)
[3.425s] INFO:colcon.colcon_core.shell:Creating package script '/home/jinwoo/webots_ros2_ws/install/webots_ros2/share/webots_ros2/package.ps1'
[3.426s] INFO:colcon.colcon_core.shell:Creating package descriptor '/home/jinwoo/webots_ros2_ws/install/webots_ros2/share/webots_ros2/package.dsv'
[3.426s] INFO:colcon.colcon_core.shell:Creating package script '/home/jinwoo/webots_ros2_ws/install/webots_ros2/share/webots_ros2/package.sh'
[3.427s] INFO:colcon.colcon_core.shell:Creating package script '/home/jinwoo/webots_ros2_ws/install/webots_ros2/share/webots_ros2/package.bash'
[3.427s] INFO:colcon.colcon_core.shell:Creating package script '/home/jinwoo/webots_ros2_ws/install/webots_ros2/share/webots_ros2/package.zsh'
[3.428s] Level 1:colcon.colcon_core.environment:create_file_with_runtime_dependencies(/home/jinwoo/webots_ros2_ws/install/webots_ros2/share/colcon-core/packages/webots_ros2)
[3.428s] DEBUG:colcon.colcon_parallel_executor.executor.parallel:closing loop
[3.428s] DEBUG:colcon.colcon_parallel_executor.executor.parallel:loop closed
[3.428s] DEBUG:colcon.colcon_parallel_executor.executor.parallel:run_until_complete finished with '0'
[3.428s] DEBUG:colcon.colcon_core.event_reactor:joining thread
[3.432s] INFO:colcon.colcon_core.plugin_system:Skipping extension 'colcon_notification.desktop_notification.terminal_notifier': Not used on non-Darwin systems
[3.432s] INFO:colcon.colcon_core.plugin_system:Skipping extension 'colcon_notification.desktop_notification.win32': Not used on non-Windows systems
[3.432s] INFO:colcon.colcon_notification.desktop_notification:Sending desktop notification using 'notify2'
[3.441s] DEBUG:colcon.colcon_core.event_reactor:joined thread
[3.441s] INFO:colcon.colcon_core.shell:Creating prefix script '/home/jinwoo/webots_ros2_ws/install/local_setup.ps1'
[3.442s] INFO:colcon.colcon_core.shell:Creating prefix util module '/home/jinwoo/webots_ros2_ws/install/_local_setup_util_ps1.py'
[3.443s] INFO:colcon.colcon_core.shell:Creating prefix chain script '/home/jinwoo/webots_ros2_ws/install/setup.ps1'
[3.444s] INFO:colcon.colcon_core.shell:Creating prefix script '/home/jinwoo/webots_ros2_ws/install/local_setup.sh'
[3.444s] INFO:colcon.colcon_core.shell:Creating prefix util module '/home/jinwoo/webots_ros2_ws/install/_local_setup_util_sh.py'
[3.444s] INFO:colcon.colcon_core.shell:Creating prefix chain script '/home/jinwoo/webots_ros2_ws/install/setup.sh'
[3.445s] INFO:colcon.colcon_core.shell:Creating prefix script '/home/jinwoo/webots_ros2_ws/install/local_setup.bash'
[3.445s] INFO:colcon.colcon_core.shell:Creating prefix chain script '/home/jinwoo/webots_ros2_ws/install/setup.bash'
[3.446s] INFO:colcon.colcon_core.shell:Creating prefix script '/home/jinwoo/webots_ros2_ws/install/local_setup.zsh'
[3.446s] INFO:colcon.colcon_core.shell:Creating prefix chain script '/home/jinwoo/webots_ros2_ws/install/setup.zsh'
