[0.008s] Invoking command in '/home/jinwoo/webots_ros2_ws/build/webots_ros2_driver': CMAKE_PREFIX_PATH=/home/jinwoo/webots_ros2_ws/install/webots_ros2_msgs:/home/jinwoo/webots_ros2_ws/install/webots_ros2_control:/home/jinwoo/webots_ros2_ws/install/webots_ros2_driver:/home/jinwoo/webots_ros2_ws/install/webots_ros2:/home/jinwoo/webots_ros2_ws/install/webots_ros2_turtlebot:/home/jinwoo/webots_ros2_ws/install/webots_ros2_tests:/home/jinwoo/webots_ros2_ws/install/bt_image_capture:/opt/ros/humble LD_LIBRARY_PATH=/home/jinwoo/webots_ros2_ws/install/webots_ros2_msgs/lib:/home/jinwoo/webots_ros2_ws/install/webots_ros2_control/lib:/home/jinwoo/webots_ros2_ws/install/webots_ros2_driver/lib:/opt/ros/humble/opt/rviz_ogre_vendor/lib:/opt/ros/humble/lib/x86_64-linux-gnu:/opt/ros/humble/lib /usr/bin/cmake /home/jinwoo/webots_ros2_ws/src/webots_ros2/webots_ros2_driver -DCMAKE_INSTALL_PREFIX=/home/jinwoo/webots_ros2_ws/install/webots_ros2_driver
[0.053s] -- The C compiler identification is GNU 11.4.0
[0.090s] -- The CXX compiler identification is GNU 11.4.0
[0.096s] -- Detecting C compiler ABI info
[0.148s] -- Detecting C compiler ABI info - done
[0.153s] -- Check for working C compiler: /usr/bin/cc - skipped
[0.153s] -- Detecting C compile features
[0.153s] -- Detecting C compile features - done
[0.155s] -- Detecting CXX compiler ABI info
[0.213s] -- Detecting CXX compiler ABI info - done
[0.218s] -- Check for working CXX compiler: /usr/bin/c++ - skipped
[0.218s] -- Detecting CXX compile features
[0.218s] -- Detecting CXX compile features - done
[0.219s] -- Found ament_cmake: 1.3.12 (/opt/ros/humble/share/ament_cmake/cmake)
[0.332s] -- Found Python3: /usr/bin/python3 (found version "3.10.12") found components: Interpreter 
[0.390s] -- Found rosgraph_msgs: 1.2.2 (/opt/ros/humble/share/rosgraph_msgs/cmake)
[0.410s] -- Found rosidl_generator_c: 3.1.7 (/opt/ros/humble/share/rosidl_generator_c/cmake)
[0.412s] -- Found rosidl_adapter: 3.1.7 (/opt/ros/humble/share/rosidl_adapter/cmake)
[0.417s] -- Found rosidl_generator_cpp: 3.1.7 (/opt/ros/humble/share/rosidl_generator_cpp/cmake)
[0.424s] -- Using all available rosidl_typesupport_c: rosidl_typesupport_fastrtps_c;rosidl_typesupport_introspection_c
[0.433s] -- Using all available rosidl_typesupport_cpp: rosidl_typesupport_fastrtps_cpp;rosidl_typesupport_introspection_cpp
[0.448s] -- Found rclcpp: 16.0.14 (/opt/ros/humble/share/rclcpp/cmake)
[0.470s] -- Found rmw_implementation_cmake: 6.1.2 (/opt/ros/humble/share/rmw_implementation_cmake/cmake)
[0.471s] -- Found rmw_fastrtps_cpp: 6.2.8 (/opt/ros/humble/share/rmw_fastrtps_cpp/cmake)
[0.530s] -- Found OpenSSL: /usr/lib/x86_64-linux-gnu/libcrypto.so (found version "3.0.2")  
[0.547s] -- Found FastRTPS: /opt/ros/humble/include  
[0.575s] -- Using RMW implementation 'rmw_fastrtps_cpp' as default
[0.579s] -- Looking for pthread.h
[0.629s] -- Looking for pthread.h - found
[0.630s] -- Performing Test CMAKE_HAVE_LIBC_PTHREAD
[0.688s] -- Performing Test CMAKE_HAVE_LIBC_PTHREAD - Success
[0.689s] -- Found Threads: TRUE  
[0.714s] -- Found pluginlib: 5.1.0 (/opt/ros/humble/share/pluginlib/cmake)
[0.727s] -- Found sensor_msgs: 4.9.0 (/opt/ros/humble/share/sensor_msgs/cmake)
[0.745s] -- Found tf2_geometry_msgs: 0.25.16 (/opt/ros/humble/share/tf2_geometry_msgs/cmake)
[0.753s] -- Found eigen3_cmake_module: 0.1.1 (/opt/ros/humble/share/eigen3_cmake_module/cmake)
[0.754s] -- Found Eigen3: TRUE (found version "3.4.0") 
[0.754s] -- Ensuring Eigen3 include directory is part of orocos-kdl CMake target
[0.809s] -- Found vision_msgs: 4.1.1 (/opt/ros/humble/share/vision_msgs/cmake)
[0.817s] -- Found webots_ros2_msgs: 2025.0.1 (/home/jinwoo/webots_ros2_ws/install/webots_ros2_msgs/share/webots_ros2_msgs/cmake)
[0.828s] -- Found TinyXML2 via Config file: TinyXML2_DIR-NOTFOUND
[0.964s] -- Found Python: /usr/include/python3.10 (found suitable exact version "3.10.12") found components: Development Development.Module Development.Embed 
[1.155s] -- Configuring done
[1.169s] -- Generating done
[1.174s] -- Build files have been written to: /home/jinwoo/webots_ros2_ws/build/webots_ros2_driver
[1.184s] Invoked command in '/home/jinwoo/webots_ros2_ws/build/webots_ros2_driver' returned '0': CMAKE_PREFIX_PATH=/home/jinwoo/webots_ros2_ws/install/webots_ros2_msgs:/home/jinwoo/webots_ros2_ws/install/webots_ros2_control:/home/jinwoo/webots_ros2_ws/install/webots_ros2_driver:/home/jinwoo/webots_ros2_ws/install/webots_ros2:/home/jinwoo/webots_ros2_ws/install/webots_ros2_turtlebot:/home/jinwoo/webots_ros2_ws/install/webots_ros2_tests:/home/jinwoo/webots_ros2_ws/install/bt_image_capture:/opt/ros/humble LD_LIBRARY_PATH=/home/jinwoo/webots_ros2_ws/install/webots_ros2_msgs/lib:/home/jinwoo/webots_ros2_ws/install/webots_ros2_control/lib:/home/jinwoo/webots_ros2_ws/install/webots_ros2_driver/lib:/opt/ros/humble/opt/rviz_ogre_vendor/lib:/opt/ros/humble/lib/x86_64-linux-gnu:/opt/ros/humble/lib /usr/bin/cmake /home/jinwoo/webots_ros2_ws/src/webots_ros2/webots_ros2_driver -DCMAKE_INSTALL_PREFIX=/home/jinwoo/webots_ros2_ws/install/webots_ros2_driver
[1.185s] Invoking command in '/home/jinwoo/webots_ros2_ws/build/webots_ros2_driver': CMAKE_PREFIX_PATH=/home/jinwoo/webots_ros2_ws/install/webots_ros2_msgs:/home/jinwoo/webots_ros2_ws/install/webots_ros2_control:/home/jinwoo/webots_ros2_ws/install/webots_ros2_driver:/home/jinwoo/webots_ros2_ws/install/webots_ros2:/home/jinwoo/webots_ros2_ws/install/webots_ros2_turtlebot:/home/jinwoo/webots_ros2_ws/install/webots_ros2_tests:/home/jinwoo/webots_ros2_ws/install/bt_image_capture:/opt/ros/humble LD_LIBRARY_PATH=/home/jinwoo/webots_ros2_ws/install/webots_ros2_msgs/lib:/home/jinwoo/webots_ros2_ws/install/webots_ros2_control/lib:/home/jinwoo/webots_ros2_ws/install/webots_ros2_driver/lib:/opt/ros/humble/opt/rviz_ogre_vendor/lib:/opt/ros/humble/lib/x86_64-linux-gnu:/opt/ros/humble/lib /usr/bin/cmake --build /home/jinwoo/webots_ros2_ws/build/webots_ros2_driver -- -j18 -l18
[1.229s] [  0%] Built target ament_cmake_python_copy_vehicle
[1.232s] [  0%] Built target ament_cmake_python_copy_webots_ros2_driver
[1.236s] [  0%] Built target ament_cmake_python_copy_controller
[1.378s] running egg_info
[1.378s] running egg_info
[1.378s] creating controller.egg-info
[1.378s] writing controller.egg-info/PKG-INFO
[1.378s] creating vehicle.egg-info
[1.378s] writing dependency_links to controller.egg-info/dependency_links.txt
[1.378s] writing vehicle.egg-info/PKG-INFO
[1.378s] writing top-level names to controller.egg-info/top_level.txt
[1.379s] writing dependency_links to vehicle.egg-info/dependency_links.txt
[1.379s] writing manifest file 'controller.egg-info/SOURCES.txt'
[1.379s] writing top-level names to vehicle.egg-info/top_level.txt
[1.379s] writing manifest file 'vehicle.egg-info/SOURCES.txt'
[1.379s] reading manifest file 'vehicle.egg-info/SOURCES.txt'
[1.379s] reading manifest file 'controller.egg-info/SOURCES.txt'
[1.380s] writing manifest file 'vehicle.egg-info/SOURCES.txt'
[1.380s] writing manifest file 'controller.egg-info/SOURCES.txt'
[1.380s] running egg_info
[1.380s] creating webots_ros2_driver.egg-info
[1.381s] writing webots_ros2_driver.egg-info/PKG-INFO
[1.381s] writing dependency_links to webots_ros2_driver.egg-info/dependency_links.txt
[1.381s] writing top-level names to webots_ros2_driver.egg-info/top_level.txt
[1.381s] writing manifest file 'webots_ros2_driver.egg-info/SOURCES.txt'
[1.382s] reading manifest file 'webots_ros2_driver.egg-info/SOURCES.txt'
[1.383s] writing manifest file 'webots_ros2_driver.egg-info/SOURCES.txt'
[1.399s] [  0%] Built target ament_cmake_python_build_controller_egg
[1.401s] [  0%] Built target ament_cmake_python_build_vehicle_egg
[1.404s] [  0%] Built target ament_cmake_python_build_webots_ros2_driver_egg
[1.605s] [  0%] Built target compile-lib-controller
[1.666s] [  0%] Built target compile-generic-window
[2.009s] [  0%] Built target compile-lib-vehicle
[2.025s] [  7%] [32mBuilding CXX object CMakeFiles/webots_ros2_driver_rgbd.dir/src/utils/Utils.cpp.o[0m
[2.025s] [  7%] [32mBuilding CXX object CMakeFiles/webots_ros2_driver_imu.dir/src/plugins/dynamic/Ros2IMU.cpp.o[0m
[2.026s] [ 11%] [32mBuilding CXX object CMakeFiles/driver.dir/src/WebotsNode.cpp.o[0m
[2.026s] [ 22%] [32mBuilding CXX object CMakeFiles/driver.dir/src/plugins/static/Ros2Lidar.cpp.o[0m
[2.026s] [ 22%] [32mBuilding CXX object CMakeFiles/webots_ros2_driver_rgbd.dir/src/plugins/dynamic/Ros2RGBD.cpp.o[0m
[2.026s] [ 22%] [32mBuilding CXX object CMakeFiles/webots_ros2_driver_rgbd.dir/src/plugins/Ros2SensorPlugin.cpp.o[0m
[2.026s] [ 29%] [32mBuilding CXX object CMakeFiles/webots_ros2_driver_imu.dir/src/plugins/Ros2SensorPlugin.cpp.o[0m
[2.026s] [ 29%] [32mBuilding CXX object CMakeFiles/webots_ros2_driver_imu.dir/src/utils/Utils.cpp.o[0m
[2.026s] [ 33%] [32mBuilding CXX object CMakeFiles/driver.dir/src/plugins/static/Ros2GPS.cpp.o[0m
[2.026s] [ 40%] [32mBuilding CXX object CMakeFiles/driver.dir/src/Driver.cpp.o[0m
[2.026s] [ 40%] [32mBuilding CXX object CMakeFiles/driver.dir/src/plugins/static/Ros2RangeFinder.cpp.o[0m
[2.026s] [ 44%] [32mBuilding CXX object CMakeFiles/driver.dir/src/PythonPlugin.cpp.o[0m
[2.027s] [ 48%] [32mBuilding CXX object CMakeFiles/driver.dir/src/plugins/static/Ros2DistanceSensor.cpp.o[0m
[2.028s] [ 55%] [32mBuilding CXX object CMakeFiles/driver.dir/src/plugins/static/Ros2LightSensor.cpp.o[0m
[2.028s] [ 55%] [32mBuilding CXX object CMakeFiles/driver.dir/src/plugins/Ros2SensorPlugin.cpp.o[0m
[2.028s] [ 59%] [32mBuilding CXX object CMakeFiles/driver.dir/src/plugins/static/Ros2Pen.cpp.o[0m
[2.031s] [ 62%] [32mBuilding CXX object CMakeFiles/driver.dir/src/plugins/static/Ros2Camera.cpp.o[0m
[2.032s] [ 66%] [32mBuilding CXX object CMakeFiles/driver.dir/src/plugins/static/Ros2LED.cpp.o[0m
[2.334s] [ 70%] [32mBuilding CXX object CMakeFiles/driver.dir/src/plugins/static/Ros2Emitter.cpp.o[0m
[2.463s] [ 74%] [32mBuilding CXX object CMakeFiles/driver.dir/src/plugins/static/Ros2Receiver.cpp.o[0m
[5.623s] [ 77%] [32mBuilding CXX object CMakeFiles/driver.dir/src/plugins/static/Ros2Compass.cpp.o[0m
[6.807s] [ 81%] [32mBuilding CXX object CMakeFiles/driver.dir/src/plugins/static/Ros2VacuumGripper.cpp.o[0m
[6.841s] [ 85%] [32mBuilding CXX object CMakeFiles/driver.dir/src/utils/Math.cpp.o[0m
[7.210s] [ 88%] [32mBuilding CXX object CMakeFiles/driver.dir/src/utils/Utils.cpp.o[0m
[8.725s] [ 92%] [32m[1mLinking CXX shared library libwebots_ros2_driver_imu.so[0m
[8.843s] [ 96%] [32m[1mLinking CXX shared library libwebots_ros2_driver_rgbd.so[0m
[8.878s] [ 96%] Built target webots_ros2_driver_imu
[9.029s] [ 96%] Built target webots_ros2_driver_rgbd
[13.989s] [100%] [32m[1mLinking CXX executable driver[0m
[15.516s] [100%] Built target driver
[15.528s] Invoked command in '/home/jinwoo/webots_ros2_ws/build/webots_ros2_driver' returned '0': CMAKE_PREFIX_PATH=/home/jinwoo/webots_ros2_ws/install/webots_ros2_msgs:/home/jinwoo/webots_ros2_ws/install/webots_ros2_control:/home/jinwoo/webots_ros2_ws/install/webots_ros2_driver:/home/jinwoo/webots_ros2_ws/install/webots_ros2:/home/jinwoo/webots_ros2_ws/install/webots_ros2_turtlebot:/home/jinwoo/webots_ros2_ws/install/webots_ros2_tests:/home/jinwoo/webots_ros2_ws/install/bt_image_capture:/opt/ros/humble LD_LIBRARY_PATH=/home/jinwoo/webots_ros2_ws/install/webots_ros2_msgs/lib:/home/jinwoo/webots_ros2_ws/install/webots_ros2_control/lib:/home/jinwoo/webots_ros2_ws/install/webots_ros2_driver/lib:/opt/ros/humble/opt/rviz_ogre_vendor/lib:/opt/ros/humble/lib/x86_64-linux-gnu:/opt/ros/humble/lib /usr/bin/cmake --build /home/jinwoo/webots_ros2_ws/build/webots_ros2_driver -- -j18 -l18
[15.529s] Invoking command in '/home/jinwoo/webots_ros2_ws/build/webots_ros2_driver': CMAKE_PREFIX_PATH=/home/jinwoo/webots_ros2_ws/install/webots_ros2_msgs:/home/jinwoo/webots_ros2_ws/install/webots_ros2_control:/home/jinwoo/webots_ros2_ws/install/webots_ros2_driver:/home/jinwoo/webots_ros2_ws/install/webots_ros2:/home/jinwoo/webots_ros2_ws/install/webots_ros2_turtlebot:/home/jinwoo/webots_ros2_ws/install/webots_ros2_tests:/home/jinwoo/webots_ros2_ws/install/bt_image_capture:/opt/ros/humble LD_LIBRARY_PATH=/home/jinwoo/webots_ros2_ws/install/webots_ros2_msgs/lib:/home/jinwoo/webots_ros2_ws/install/webots_ros2_control/lib:/home/jinwoo/webots_ros2_ws/install/webots_ros2_driver/lib:/opt/ros/humble/opt/rviz_ogre_vendor/lib:/opt/ros/humble/lib/x86_64-linux-gnu:/opt/ros/humble/lib /usr/bin/cmake --install /home/jinwoo/webots_ros2_ws/build/webots_ros2_driver
[15.534s] -- Install configuration: ""
[15.534s] -- Installing: /home/jinwoo/webots_ros2_ws/install/webots_ros2_driver/share/webots_ros2_driver/environment/pythonpath.sh
[15.534s] -- Installing: /home/jinwoo/webots_ros2_ws/install/webots_ros2_driver/share/webots_ros2_driver/environment/pythonpath.dsv
[15.534s] -- Installing: /home/jinwoo/webots_ros2_ws/install/webots_ros2_driver/local/lib/python3.10/dist-packages/controller-2025.0.1-py3.10.egg-info
[15.534s] -- Installing: /home/jinwoo/webots_ros2_ws/install/webots_ros2_driver/local/lib/python3.10/dist-packages/controller-2025.0.1-py3.10.egg-info/dependency_links.txt
[15.534s] -- Installing: /home/jinwoo/webots_ros2_ws/install/webots_ros2_driver/local/lib/python3.10/dist-packages/controller-2025.0.1-py3.10.egg-info/PKG-INFO
[15.535s] -- Installing: /home/jinwoo/webots_ros2_ws/install/webots_ros2_driver/local/lib/python3.10/dist-packages/controller-2025.0.1-py3.10.egg-info/SOURCES.txt
[15.535s] -- Installing: /home/jinwoo/webots_ros2_ws/install/webots_ros2_driver/local/lib/python3.10/dist-packages/controller-2025.0.1-py3.10.egg-info/top_level.txt
[15.535s] -- Installing: /home/jinwoo/webots_ros2_ws/install/webots_ros2_driver/local/lib/python3.10/dist-packages/controller
[15.535s] -- Installing: /home/jinwoo/webots_ros2_ws/install/webots_ros2_driver/local/lib/python3.10/dist-packages/controller/light_sensor.py
[15.535s] -- Installing: /home/jinwoo/webots_ros2_ws/install/webots_ros2_driver/local/lib/python3.10/dist-packages/controller/radar_target.py
[15.535s] -- Installing: /home/jinwoo/webots_ros2_ws/install/webots_ros2_driver/local/lib/python3.10/dist-packages/controller/range_finder.py
[15.535s] -- Installing: /home/jinwoo/webots_ros2_ws/install/webots_ros2_driver/local/lib/python3.10/dist-packages/controller/supervisor.py
[15.535s] -- Installing: /home/jinwoo/webots_ros2_ws/install/webots_ros2_driver/local/lib/python3.10/dist-packages/controller/display.py
[15.535s] -- Installing: /home/jinwoo/webots_ros2_ws/install/webots_ros2_driver/local/lib/python3.10/dist-packages/controller/pen.py
[15.535s] -- Installing: /home/jinwoo/webots_ros2_ws/install/webots_ros2_driver/local/lib/python3.10/dist-packages/controller/distance_sensor.py
[15.535s] -- Installing: /home/jinwoo/webots_ros2_ws/install/webots_ros2_driver/local/lib/python3.10/dist-packages/controller/camera.py
[15.535s] -- Installing: /home/jinwoo/webots_ros2_ws/install/webots_ros2_driver/local/lib/python3.10/dist-packages/controller/joystick.py
[15.535s] -- Installing: /home/jinwoo/webots_ros2_ws/install/webots_ros2_driver/local/lib/python3.10/dist-packages/controller/gps.py
[15.535s] -- Installing: /home/jinwoo/webots_ros2_ws/install/webots_ros2_driver/local/lib/python3.10/dist-packages/controller/speaker.py
[15.536s] -- Installing: /home/jinwoo/webots_ros2_ws/install/webots_ros2_driver/local/lib/python3.10/dist-packages/controller/lidar.py
[15.536s] -- Installing: /home/jinwoo/webots_ros2_ws/install/webots_ros2_driver/local/lib/python3.10/dist-packages/controller/motion.py
[15.536s] -- Installing: /home/jinwoo/webots_ros2_ws/install/webots_ros2_driver/local/lib/python3.10/dist-packages/controller/wb.py
[15.536s] -- Installing: /home/jinwoo/webots_ros2_ws/install/webots_ros2_driver/local/lib/python3.10/dist-packages/controller/touch_sensor.py
[15.536s] -- Installing: /home/jinwoo/webots_ros2_ws/install/webots_ros2_driver/local/lib/python3.10/dist-packages/controller/keyboard.py
[15.536s] -- Installing: /home/jinwoo/webots_ros2_ws/install/webots_ros2_driver/local/lib/python3.10/dist-packages/controller/skin.py
[15.536s] -- Installing: /home/jinwoo/webots_ros2_ws/install/webots_ros2_driver/local/lib/python3.10/dist-packages/controller/led.py
[15.536s] -- Installing: /home/jinwoo/webots_ros2_ws/install/webots_ros2_driver/local/lib/python3.10/dist-packages/controller/motor.py
[15.536s] -- Installing: /home/jinwoo/webots_ros2_ws/install/webots_ros2_driver/local/lib/python3.10/dist-packages/controller/sensor.py
[15.536s] -- Installing: /home/jinwoo/webots_ros2_ws/install/webots_ros2_driver/local/lib/python3.10/dist-packages/controller/gyro.py
[15.536s] -- Installing: /home/jinwoo/webots_ros2_ws/install/webots_ros2_driver/local/lib/python3.10/dist-packages/controller/proto.py
[15.536s] -- Installing: /home/jinwoo/webots_ros2_ws/install/webots_ros2_driver/local/lib/python3.10/dist-packages/controller/field.py
[15.536s] -- Installing: /home/jinwoo/webots_ros2_ws/install/webots_ros2_driver/local/lib/python3.10/dist-packages/controller/accelerometer.py
[15.536s] -- Installing: /home/jinwoo/webots_ros2_ws/install/webots_ros2_driver/local/lib/python3.10/dist-packages/controller/lidar_point.py
[15.537s] -- Installing: /home/jinwoo/webots_ros2_ws/install/webots_ros2_driver/local/lib/python3.10/dist-packages/controller/ansi_codes.py
[15.537s] -- Installing: /home/jinwoo/webots_ros2_ws/install/webots_ros2_driver/local/lib/python3.10/dist-packages/controller/altimeter.py
[15.537s] -- Installing: /home/jinwoo/webots_ros2_ws/install/webots_ros2_driver/local/lib/python3.10/dist-packages/controller/__init__.py
[15.537s] -- Installing: /home/jinwoo/webots_ros2_ws/install/webots_ros2_driver/local/lib/python3.10/dist-packages/controller/brake.py
[15.537s] -- Installing: /home/jinwoo/webots_ros2_ws/install/webots_ros2_driver/local/lib/python3.10/dist-packages/controller/vacuum_gripper.py
[15.537s] -- Installing: /home/jinwoo/webots_ros2_ws/install/webots_ros2_driver/local/lib/python3.10/dist-packages/controller/robot.py
[15.537s] -- Installing: /home/jinwoo/webots_ros2_ws/install/webots_ros2_driver/local/lib/python3.10/dist-packages/controller/receiver.py
[15.537s] -- Installing: /home/jinwoo/webots_ros2_ws/install/webots_ros2_driver/local/lib/python3.10/dist-packages/controller/compass.py
[15.537s] -- Installing: /home/jinwoo/webots_ros2_ws/install/webots_ros2_driver/local/lib/python3.10/dist-packages/controller/mouse.py
[15.537s] -- Installing: /home/jinwoo/webots_ros2_ws/install/webots_ros2_driver/local/lib/python3.10/dist-packages/controller/node.py
[15.537s] -- Installing: /home/jinwoo/webots_ros2_ws/install/webots_ros2_driver/local/lib/python3.10/dist-packages/controller/inertial_unit.py
[15.537s] -- Installing: /home/jinwoo/webots_ros2_ws/install/webots_ros2_driver/local/lib/python3.10/dist-packages/controller/constants.py
[15.537s] -- Installing: /home/jinwoo/webots_ros2_ws/install/webots_ros2_driver/local/lib/python3.10/dist-packages/controller/device.py
[15.538s] -- Installing: /home/jinwoo/webots_ros2_ws/install/webots_ros2_driver/local/lib/python3.10/dist-packages/controller/emitter.py
[15.538s] -- Installing: /home/jinwoo/webots_ros2_ws/install/webots_ros2_driver/local/lib/python3.10/dist-packages/controller/radar.py
[15.538s] -- Installing: /home/jinwoo/webots_ros2_ws/install/webots_ros2_driver/local/lib/python3.10/dist-packages/controller/connector.py
[15.538s] -- Installing: /home/jinwoo/webots_ros2_ws/install/webots_ros2_driver/local/lib/python3.10/dist-packages/controller/position_sensor.py
[15.577s] Listing '/home/jinwoo/webots_ros2_ws/install/webots_ros2_driver/local/lib/python3.10/dist-packages/controller'...
[15.577s] Compiling '/home/jinwoo/webots_ros2_ws/install/webots_ros2_driver/local/lib/python3.10/dist-packages/controller/__init__.py'...
[15.577s] Compiling '/home/jinwoo/webots_ros2_ws/install/webots_ros2_driver/local/lib/python3.10/dist-packages/controller/accelerometer.py'...
[15.577s] Compiling '/home/jinwoo/webots_ros2_ws/install/webots_ros2_driver/local/lib/python3.10/dist-packages/controller/altimeter.py'...
[15.577s] Compiling '/home/jinwoo/webots_ros2_ws/install/webots_ros2_driver/local/lib/python3.10/dist-packages/controller/ansi_codes.py'...
[15.577s] Compiling '/home/jinwoo/webots_ros2_ws/install/webots_ros2_driver/local/lib/python3.10/dist-packages/controller/brake.py'...
[15.577s] Compiling '/home/jinwoo/webots_ros2_ws/install/webots_ros2_driver/local/lib/python3.10/dist-packages/controller/camera.py'...
[15.577s] Compiling '/home/jinwoo/webots_ros2_ws/install/webots_ros2_driver/local/lib/python3.10/dist-packages/controller/compass.py'...
[15.577s] Compiling '/home/jinwoo/webots_ros2_ws/install/webots_ros2_driver/local/lib/python3.10/dist-packages/controller/connector.py'...
[15.577s] Compiling '/home/jinwoo/webots_ros2_ws/install/webots_ros2_driver/local/lib/python3.10/dist-packages/controller/constants.py'...
[15.577s] Compiling '/home/jinwoo/webots_ros2_ws/install/webots_ros2_driver/local/lib/python3.10/dist-packages/controller/device.py'...
[15.577s] Compiling '/home/jinwoo/webots_ros2_ws/install/webots_ros2_driver/local/lib/python3.10/dist-packages/controller/display.py'...
[15.577s] Compiling '/home/jinwoo/webots_ros2_ws/install/webots_ros2_driver/local/lib/python3.10/dist-packages/controller/distance_sensor.py'...
[15.577s] Compiling '/home/jinwoo/webots_ros2_ws/install/webots_ros2_driver/local/lib/python3.10/dist-packages/controller/emitter.py'...
[15.578s] Compiling '/home/jinwoo/webots_ros2_ws/install/webots_ros2_driver/local/lib/python3.10/dist-packages/controller/field.py'...
[15.578s] Compiling '/home/jinwoo/webots_ros2_ws/install/webots_ros2_driver/local/lib/python3.10/dist-packages/controller/gps.py'...
[15.578s] Compiling '/home/jinwoo/webots_ros2_ws/install/webots_ros2_driver/local/lib/python3.10/dist-packages/controller/gyro.py'...
[15.578s] Compiling '/home/jinwoo/webots_ros2_ws/install/webots_ros2_driver/local/lib/python3.10/dist-packages/controller/inertial_unit.py'...
[15.578s] Compiling '/home/jinwoo/webots_ros2_ws/install/webots_ros2_driver/local/lib/python3.10/dist-packages/controller/joystick.py'...
[15.578s] Compiling '/home/jinwoo/webots_ros2_ws/install/webots_ros2_driver/local/lib/python3.10/dist-packages/controller/keyboard.py'...
[15.578s] Compiling '/home/jinwoo/webots_ros2_ws/install/webots_ros2_driver/local/lib/python3.10/dist-packages/controller/led.py'...
[15.578s] Compiling '/home/jinwoo/webots_ros2_ws/install/webots_ros2_driver/local/lib/python3.10/dist-packages/controller/lidar.py'...
[15.578s] Compiling '/home/jinwoo/webots_ros2_ws/install/webots_ros2_driver/local/lib/python3.10/dist-packages/controller/lidar_point.py'...
[15.578s] Compiling '/home/jinwoo/webots_ros2_ws/install/webots_ros2_driver/local/lib/python3.10/dist-packages/controller/light_sensor.py'...
[15.578s] Compiling '/home/jinwoo/webots_ros2_ws/install/webots_ros2_driver/local/lib/python3.10/dist-packages/controller/motion.py'...
[15.578s] Compiling '/home/jinwoo/webots_ros2_ws/install/webots_ros2_driver/local/lib/python3.10/dist-packages/controller/motor.py'...
[15.578s] Compiling '/home/jinwoo/webots_ros2_ws/install/webots_ros2_driver/local/lib/python3.10/dist-packages/controller/mouse.py'...
[15.578s] Compiling '/home/jinwoo/webots_ros2_ws/install/webots_ros2_driver/local/lib/python3.10/dist-packages/controller/node.py'...
[15.578s] Compiling '/home/jinwoo/webots_ros2_ws/install/webots_ros2_driver/local/lib/python3.10/dist-packages/controller/pen.py'...
[15.578s] Compiling '/home/jinwoo/webots_ros2_ws/install/webots_ros2_driver/local/lib/python3.10/dist-packages/controller/position_sensor.py'...
[15.578s] Compiling '/home/jinwoo/webots_ros2_ws/install/webots_ros2_driver/local/lib/python3.10/dist-packages/controller/proto.py'...
[15.578s] Compiling '/home/jinwoo/webots_ros2_ws/install/webots_ros2_driver/local/lib/python3.10/dist-packages/controller/radar.py'...
[15.578s] Compiling '/home/jinwoo/webots_ros2_ws/install/webots_ros2_driver/local/lib/python3.10/dist-packages/controller/radar_target.py'...
[15.578s] Compiling '/home/jinwoo/webots_ros2_ws/install/webots_ros2_driver/local/lib/python3.10/dist-packages/controller/range_finder.py'...
[15.578s] Compiling '/home/jinwoo/webots_ros2_ws/install/webots_ros2_driver/local/lib/python3.10/dist-packages/controller/receiver.py'...
[15.578s] Compiling '/home/jinwoo/webots_ros2_ws/install/webots_ros2_driver/local/lib/python3.10/dist-packages/controller/robot.py'...
[15.579s] Compiling '/home/jinwoo/webots_ros2_ws/install/webots_ros2_driver/local/lib/python3.10/dist-packages/controller/sensor.py'...
[15.579s] Compiling '/home/jinwoo/webots_ros2_ws/install/webots_ros2_driver/local/lib/python3.10/dist-packages/controller/skin.py'...
[15.579s] Compiling '/home/jinwoo/webots_ros2_ws/install/webots_ros2_driver/local/lib/python3.10/dist-packages/controller/speaker.py'...
[15.579s] Compiling '/home/jinwoo/webots_ros2_ws/install/webots_ros2_driver/local/lib/python3.10/dist-packages/controller/supervisor.py'...
[15.579s] Compiling '/home/jinwoo/webots_ros2_ws/install/webots_ros2_driver/local/lib/python3.10/dist-packages/controller/touch_sensor.py'...
[15.579s] Compiling '/home/jinwoo/webots_ros2_ws/install/webots_ros2_driver/local/lib/python3.10/dist-packages/controller/vacuum_gripper.py'...
[15.579s] Compiling '/home/jinwoo/webots_ros2_ws/install/webots_ros2_driver/local/lib/python3.10/dist-packages/controller/wb.py'...
[15.580s] -- Installing: /home/jinwoo/webots_ros2_ws/install/webots_ros2_driver/local/lib/python3.10/dist-packages/vehicle-2025.0.1-py3.10.egg-info
[15.580s] -- Installing: /home/jinwoo/webots_ros2_ws/install/webots_ros2_driver/local/lib/python3.10/dist-packages/vehicle-2025.0.1-py3.10.egg-info/dependency_links.txt
[15.581s] -- Installing: /home/jinwoo/webots_ros2_ws/install/webots_ros2_driver/local/lib/python3.10/dist-packages/vehicle-2025.0.1-py3.10.egg-info/PKG-INFO
[15.581s] -- Installing: /home/jinwoo/webots_ros2_ws/install/webots_ros2_driver/local/lib/python3.10/dist-packages/vehicle-2025.0.1-py3.10.egg-info/SOURCES.txt
[15.581s] -- Installing: /home/jinwoo/webots_ros2_ws/install/webots_ros2_driver/local/lib/python3.10/dist-packages/vehicle-2025.0.1-py3.10.egg-info/top_level.txt
[15.581s] -- Installing: /home/jinwoo/webots_ros2_ws/install/webots_ros2_driver/local/lib/python3.10/dist-packages/vehicle
[15.581s] -- Installing: /home/jinwoo/webots_ros2_ws/install/webots_ros2_driver/local/lib/python3.10/dist-packages/vehicle/driver.py
[15.581s] -- Installing: /home/jinwoo/webots_ros2_ws/install/webots_ros2_driver/local/lib/python3.10/dist-packages/vehicle/__init__.py
[15.581s] -- Installing: /home/jinwoo/webots_ros2_ws/install/webots_ros2_driver/local/lib/python3.10/dist-packages/vehicle/car.py
[15.605s] Listing '/home/jinwoo/webots_ros2_ws/install/webots_ros2_driver/local/lib/python3.10/dist-packages/vehicle'...
[15.605s] Compiling '/home/jinwoo/webots_ros2_ws/install/webots_ros2_driver/local/lib/python3.10/dist-packages/vehicle/__init__.py'...
[15.605s] Compiling '/home/jinwoo/webots_ros2_ws/install/webots_ros2_driver/local/lib/python3.10/dist-packages/vehicle/car.py'...
[15.605s] Compiling '/home/jinwoo/webots_ros2_ws/install/webots_ros2_driver/local/lib/python3.10/dist-packages/vehicle/driver.py'...
[15.608s] -- Installing: /home/jinwoo/webots_ros2_ws/install/webots_ros2_driver/local/lib/python3.10/dist-packages/webots_ros2_driver-2025.0.1-py3.10.egg-info
[15.608s] -- Installing: /home/jinwoo/webots_ros2_ws/install/webots_ros2_driver/local/lib/python3.10/dist-packages/webots_ros2_driver-2025.0.1-py3.10.egg-info/dependency_links.txt
[15.608s] -- Installing: /home/jinwoo/webots_ros2_ws/install/webots_ros2_driver/local/lib/python3.10/dist-packages/webots_ros2_driver-2025.0.1-py3.10.egg-info/PKG-INFO
[15.608s] -- Installing: /home/jinwoo/webots_ros2_ws/install/webots_ros2_driver/local/lib/python3.10/dist-packages/webots_ros2_driver-2025.0.1-py3.10.egg-info/SOURCES.txt
[15.608s] -- Installing: /home/jinwoo/webots_ros2_ws/install/webots_ros2_driver/local/lib/python3.10/dist-packages/webots_ros2_driver-2025.0.1-py3.10.egg-info/top_level.txt
[15.608s] -- Installing: /home/jinwoo/webots_ros2_ws/install/webots_ros2_driver/local/lib/python3.10/dist-packages/webots_ros2_driver
[15.608s] -- Installing: /home/jinwoo/webots_ros2_ws/install/webots_ros2_driver/local/lib/python3.10/dist-packages/webots_ros2_driver/webots_controller.py
[15.608s] -- Installing: /home/jinwoo/webots_ros2_ws/install/webots_ros2_driver/local/lib/python3.10/dist-packages/webots_ros2_driver/urdf_spawner.py
[15.608s] -- Installing: /home/jinwoo/webots_ros2_ws/install/webots_ros2_driver/local/lib/python3.10/dist-packages/webots_ros2_driver/wait_for_controller_connection.py
[15.609s] -- Installing: /home/jinwoo/webots_ros2_ws/install/webots_ros2_driver/local/lib/python3.10/dist-packages/webots_ros2_driver/webots_launcher.py
[15.609s] -- Installing: /home/jinwoo/webots_ros2_ws/install/webots_ros2_driver/local/lib/python3.10/dist-packages/webots_ros2_driver/ros2_supervisor.py
[15.609s] -- Installing: /home/jinwoo/webots_ros2_ws/install/webots_ros2_driver/local/lib/python3.10/dist-packages/webots_ros2_driver/__init__.py
[15.609s] -- Installing: /home/jinwoo/webots_ros2_ws/install/webots_ros2_driver/local/lib/python3.10/dist-packages/webots_ros2_driver/utils.py
[15.634s] Listing '/home/jinwoo/webots_ros2_ws/install/webots_ros2_driver/local/lib/python3.10/dist-packages/webots_ros2_driver'...
[15.634s] Compiling '/home/jinwoo/webots_ros2_ws/install/webots_ros2_driver/local/lib/python3.10/dist-packages/webots_ros2_driver/__init__.py'...
[15.634s] Compiling '/home/jinwoo/webots_ros2_ws/install/webots_ros2_driver/local/lib/python3.10/dist-packages/webots_ros2_driver/ros2_supervisor.py'...
[15.634s] Compiling '/home/jinwoo/webots_ros2_ws/install/webots_ros2_driver/local/lib/python3.10/dist-packages/webots_ros2_driver/urdf_spawner.py'...
[15.634s] Compiling '/home/jinwoo/webots_ros2_ws/install/webots_ros2_driver/local/lib/python3.10/dist-packages/webots_ros2_driver/utils.py'...
[15.634s] Compiling '/home/jinwoo/webots_ros2_ws/install/webots_ros2_driver/local/lib/python3.10/dist-packages/webots_ros2_driver/wait_for_controller_connection.py'...
[15.634s] Compiling '/home/jinwoo/webots_ros2_ws/install/webots_ros2_driver/local/lib/python3.10/dist-packages/webots_ros2_driver/webots_controller.py'...
[15.634s] Compiling '/home/jinwoo/webots_ros2_ws/install/webots_ros2_driver/local/lib/python3.10/dist-packages/webots_ros2_driver/webots_launcher.py'...
[15.638s] -- Installing: /home/jinwoo/webots_ros2_ws/install/webots_ros2_driver/include
[15.638s] -- Installing: /home/jinwoo/webots_ros2_ws/install/webots_ros2_driver/include/webots_ros2_driver
[15.638s] -- Installing: /home/jinwoo/webots_ros2_ws/install/webots_ros2_driver/include/webots_ros2_driver/utils
[15.638s] -- Installing: /home/jinwoo/webots_ros2_ws/install/webots_ros2_driver/include/webots_ros2_driver/utils/Math.hpp
[15.638s] -- Installing: /home/jinwoo/webots_ros2_ws/install/webots_ros2_driver/include/webots_ros2_driver/utils/Utils.hpp
[15.638s] -- Installing: /home/jinwoo/webots_ros2_ws/install/webots_ros2_driver/include/webots_ros2_driver/PythonPlugin.hpp
[15.638s] -- Installing: /home/jinwoo/webots_ros2_ws/install/webots_ros2_driver/include/webots_ros2_driver/PluginInterface.hpp
[15.638s] -- Installing: /home/jinwoo/webots_ros2_ws/install/webots_ros2_driver/include/webots_ros2_driver/plugins
[15.638s] -- Installing: /home/jinwoo/webots_ros2_ws/install/webots_ros2_driver/include/webots_ros2_driver/plugins/dynamic
[15.638s] -- Installing: /home/jinwoo/webots_ros2_ws/install/webots_ros2_driver/include/webots_ros2_driver/plugins/dynamic/Ros2IMU.hpp
[15.638s] -- Installing: /home/jinwoo/webots_ros2_ws/install/webots_ros2_driver/include/webots_ros2_driver/plugins/dynamic/Ros2RGBD.hpp
[15.638s] -- Installing: /home/jinwoo/webots_ros2_ws/install/webots_ros2_driver/include/webots_ros2_driver/plugins/Ros2SensorPlugin.hpp
[15.638s] -- Installing: /home/jinwoo/webots_ros2_ws/install/webots_ros2_driver/include/webots_ros2_driver/plugins/static
[15.638s] -- Installing: /home/jinwoo/webots_ros2_ws/install/webots_ros2_driver/include/webots_ros2_driver/plugins/static/Ros2DistanceSensor.hpp
[15.638s] -- Installing: /home/jinwoo/webots_ros2_ws/install/webots_ros2_driver/include/webots_ros2_driver/plugins/static/Ros2VacuumGripper.hpp
[15.638s] -- Installing: /home/jinwoo/webots_ros2_ws/install/webots_ros2_driver/include/webots_ros2_driver/plugins/static/Ros2Pen.hpp
[15.639s] -- Installing: /home/jinwoo/webots_ros2_ws/install/webots_ros2_driver/include/webots_ros2_driver/plugins/static/Ros2GPS.hpp
[15.639s] -- Installing: /home/jinwoo/webots_ros2_ws/install/webots_ros2_driver/include/webots_ros2_driver/plugins/static/Ros2Receiver.hpp
[15.639s] -- Installing: /home/jinwoo/webots_ros2_ws/install/webots_ros2_driver/include/webots_ros2_driver/plugins/static/Ros2LED.hpp
[15.639s] -- Installing: /home/jinwoo/webots_ros2_ws/install/webots_ros2_driver/include/webots_ros2_driver/plugins/static/Ros2RangeFinder.hpp
[15.639s] -- Installing: /home/jinwoo/webots_ros2_ws/install/webots_ros2_driver/include/webots_ros2_driver/plugins/static/Ros2LightSensor.hpp
[15.639s] -- Installing: /home/jinwoo/webots_ros2_ws/install/webots_ros2_driver/include/webots_ros2_driver/plugins/static/Ros2Compass.hpp
[15.639s] -- Installing: /home/jinwoo/webots_ros2_ws/install/webots_ros2_driver/include/webots_ros2_driver/plugins/static/Ros2Camera.hpp
[15.639s] -- Installing: /home/jinwoo/webots_ros2_ws/install/webots_ros2_driver/include/webots_ros2_driver/plugins/static/Ros2Emitter.hpp
[15.639s] -- Installing: /home/jinwoo/webots_ros2_ws/install/webots_ros2_driver/include/webots_ros2_driver/plugins/static/Ros2Lidar.hpp
[15.639s] -- Installing: /home/jinwoo/webots_ros2_ws/install/webots_ros2_driver/include/webots_ros2_driver/WebotsNode.hpp
[15.639s] -- Installing: /home/jinwoo/webots_ros2_ws/install/webots_ros2_driver/lib/webots_ros2_driver/driver
[15.646s] -- Installing: /home/jinwoo/webots_ros2_ws/install/webots_ros2_driver/lib/libwebots_ros2_driver_imu.so
[15.647s] -- Installing: /home/jinwoo/webots_ros2_ws/install/webots_ros2_driver/lib/libwebots_ros2_driver_rgbd.so
[15.648s] -- Installing: /home/jinwoo/webots_ros2_ws/install/webots_ros2_driver/include/webots/c
[15.649s] -- Installing: /home/jinwoo/webots_ros2_ws/install/webots_ros2_driver/include/webots/c/webots
[15.649s] -- Installing: /home/jinwoo/webots_ros2_ws/install/webots_ros2_driver/include/webots/c/webots/contact_point.h
[15.649s] -- Installing: /home/jinwoo/webots_ros2_ws/install/webots_ros2_driver/include/webots/c/webots/skin.h
[15.649s] -- Installing: /home/jinwoo/webots_ros2_ws/install/webots_ros2_driver/include/webots/c/webots/utils
[15.649s] -- Installing: /home/jinwoo/webots_ros2_ws/install/webots_ros2_driver/include/webots/c/webots/utils/ansi_codes.h
[15.649s] -- Installing: /home/jinwoo/webots_ros2_ws/install/webots_ros2_driver/include/webots/c/webots/utils/string.h
[15.649s] -- Installing: /home/jinwoo/webots_ros2_ws/install/webots_ros2_driver/include/webots/c/webots/utils/system.h
[15.649s] -- Installing: /home/jinwoo/webots_ros2_ws/install/webots_ros2_driver/include/webots/c/webots/utils/motion.h
[15.649s] -- Installing: /home/jinwoo/webots_ros2_ws/install/webots_ros2_driver/include/webots/c/webots/lidar_point.h
[15.649s] -- Installing: /home/jinwoo/webots_ros2_ws/install/webots_ros2_driver/include/webots/c/webots/vehicle
[15.649s] -- Installing: /home/jinwoo/webots_ros2_ws/install/webots_ros2_driver/include/webots/c/webots/vehicle/driver.h
[15.649s] -- Installing: /home/jinwoo/webots_ros2_ws/install/webots_ros2_driver/include/webots/c/webots/vehicle/car.h
[15.649s] -- Installing: /home/jinwoo/webots_ros2_ws/install/webots_ros2_driver/include/webots/c/webots/lidar.h
[15.649s] -- Installing: /home/jinwoo/webots_ros2_ws/install/webots_ros2_driver/include/webots/c/webots/speaker.h
[15.649s] -- Installing: /home/jinwoo/webots_ros2_ws/install/webots_ros2_driver/include/webots/c/webots/nodes.h
[15.649s] -- Installing: /home/jinwoo/webots_ros2_ws/install/webots_ros2_driver/include/webots/c/webots/touch_sensor.h
[15.649s] -- Installing: /home/jinwoo/webots_ros2_ws/install/webots_ros2_driver/include/webots/c/webots/pen.h
[15.649s] -- Installing: /home/jinwoo/webots_ros2_ws/install/webots_ros2_driver/include/webots/c/webots/microphone.h
[15.649s] -- Installing: /home/jinwoo/webots_ros2_ws/install/webots_ros2_driver/include/webots/c/webots/altimeter.h
[15.649s] -- Installing: /home/jinwoo/webots_ros2_ws/install/webots_ros2_driver/include/webots/c/webots/led.h
[15.649s] -- Installing: /home/jinwoo/webots_ros2_ws/install/webots_ros2_driver/include/webots/c/webots/range_finder.h
[15.649s] -- Installing: /home/jinwoo/webots_ros2_ws/install/webots_ros2_driver/include/webots/c/webots/keyboard.h
[15.649s] -- Installing: /home/jinwoo/webots_ros2_ws/install/webots_ros2_driver/include/webots/c/webots/mouse.h
[15.649s] -- Installing: /home/jinwoo/webots_ros2_ws/install/webots_ros2_driver/include/webots/c/webots/brake.h
[15.649s] -- Installing: /home/jinwoo/webots_ros2_ws/install/webots_ros2_driver/include/webots/c/webots/gyro.h
[15.650s] -- Installing: /home/jinwoo/webots_ros2_ws/install/webots_ros2_driver/include/webots/c/webots/connector.h
[15.650s] -- Installing: /home/jinwoo/webots_ros2_ws/install/webots_ros2_driver/include/webots/c/webots/plugins
[15.650s] -- Installing: /home/jinwoo/webots_ros2_ws/install/webots_ros2_driver/include/webots/c/webots/plugins/robot_window
[15.650s] -- Installing: /home/jinwoo/webots_ros2_ws/install/webots_ros2_driver/include/webots/c/webots/plugins/robot_window/generic_robot_window
[15.650s] -- Installing: /home/jinwoo/webots_ros2_ws/install/webots_ros2_driver/include/webots/c/webots/plugins/robot_window/generic_robot_window/generic.h
[15.650s] -- Installing: /home/jinwoo/webots_ros2_ws/install/webots_ros2_driver/include/webots/c/webots/plugins/robot_window/robot_wwi.h
[15.650s] -- Installing: /home/jinwoo/webots_ros2_ws/install/webots_ros2_driver/include/webots/c/webots/plugins/robot_window/robot_window.h
[15.650s] -- Installing: /home/jinwoo/webots_ros2_ws/install/webots_ros2_driver/include/webots/c/webots/plugins/robot_window/default.h
[15.650s] -- Installing: /home/jinwoo/webots_ros2_ws/install/webots_ros2_driver/include/webots/c/webots/radar_target.h
[15.650s] -- Installing: /home/jinwoo/webots_ros2_ws/install/webots_ros2_driver/include/webots/c/webots/robot.h
[15.650s] -- Installing: /home/jinwoo/webots_ros2_ws/install/webots_ros2_driver/include/webots/c/webots/remote_control.h
[15.650s] -- Installing: /home/jinwoo/webots_ros2_ws/install/webots_ros2_driver/include/webots/c/webots/light_sensor.h
[15.650s] -- Installing: /home/jinwoo/webots_ros2_ws/install/webots_ros2_driver/include/webots/c/webots/supervisor.h
[15.650s] -- Installing: /home/jinwoo/webots_ros2_ws/install/webots_ros2_driver/include/webots/c/webots/motor.h
[15.650s] -- Installing: /home/jinwoo/webots_ros2_ws/install/webots_ros2_driver/include/webots/c/webots/emitter.h
[15.650s] -- Installing: /home/jinwoo/webots_ros2_ws/install/webots_ros2_driver/include/webots/c/webots/console.h
[15.650s] -- Installing: /home/jinwoo/webots_ros2_ws/install/webots_ros2_driver/include/webots/c/webots/mouse_state.h
[15.650s] -- Installing: /home/jinwoo/webots_ros2_ws/install/webots_ros2_driver/include/webots/c/webots/vacuum_gripper.h
[15.650s] -- Installing: /home/jinwoo/webots_ros2_ws/install/webots_ros2_driver/include/webots/c/webots/compass.h
[15.650s] -- Installing: /home/jinwoo/webots_ros2_ws/install/webots_ros2_driver/include/webots/c/webots/types.h
[15.650s] -- Installing: /home/jinwoo/webots_ros2_ws/install/webots_ros2_driver/include/webots/c/webots/camera_recognition_object.h
[15.650s] -- Installing: /home/jinwoo/webots_ros2_ws/install/webots_ros2_driver/include/webots/c/webots/display.h
[15.650s] -- Installing: /home/jinwoo/webots_ros2_ws/install/webots_ros2_driver/include/webots/c/webots/radio.h
[15.650s] -- Installing: /home/jinwoo/webots_ros2_ws/install/webots_ros2_driver/include/webots/c/webots/joystick.h
[15.650s] -- Installing: /home/jinwoo/webots_ros2_ws/install/webots_ros2_driver/include/webots/c/webots/radar.h
[15.650s] -- Installing: /home/jinwoo/webots_ros2_ws/install/webots_ros2_driver/include/webots/c/webots/accelerometer.h
[15.650s] -- Installing: /home/jinwoo/webots_ros2_ws/install/webots_ros2_driver/include/webots/c/webots/distance_sensor.h
[15.651s] -- Installing: /home/jinwoo/webots_ros2_ws/install/webots_ros2_driver/include/webots/c/webots/position_sensor.h
[15.651s] -- Installing: /home/jinwoo/webots_ros2_ws/install/webots_ros2_driver/include/webots/c/webots/camera.h
[15.651s] -- Installing: /home/jinwoo/webots_ros2_ws/install/webots_ros2_driver/include/webots/c/webots/device.h
[15.651s] -- Installing: /home/jinwoo/webots_ros2_ws/install/webots_ros2_driver/include/webots/c/webots/inertial_unit.h
[15.651s] -- Installing: /home/jinwoo/webots_ros2_ws/install/webots_ros2_driver/include/webots/c/webots/receiver.h
[15.651s] -- Installing: /home/jinwoo/webots_ros2_ws/install/webots_ros2_driver/include/webots/c/webots/gps.h
[15.651s] -- Installing: /home/jinwoo/webots_ros2_ws/install/webots_ros2_driver/include/webots/cpp
[15.651s] -- Installing: /home/jinwoo/webots_ros2_ws/install/webots_ros2_driver/include/webots/cpp/webots
[15.651s] -- Installing: /home/jinwoo/webots_ros2_ws/install/webots_ros2_driver/include/webots/cpp/webots/InertialUnit.hpp
[15.651s] -- Installing: /home/jinwoo/webots_ros2_ws/install/webots_ros2_driver/include/webots/cpp/webots/Motor.hpp
[15.651s] -- Installing: /home/jinwoo/webots_ros2_ws/install/webots_ros2_driver/include/webots/cpp/webots/utils
[15.651s] -- Installing: /home/jinwoo/webots_ros2_ws/install/webots_ros2_driver/include/webots/cpp/webots/utils/AnsiCodes.hpp
[15.651s] -- Installing: /home/jinwoo/webots_ros2_ws/install/webots_ros2_driver/include/webots/cpp/webots/utils/Motion.hpp
[15.651s] -- Installing: /home/jinwoo/webots_ros2_ws/install/webots_ros2_driver/include/webots/cpp/webots/vehicle
[15.651s] -- Installing: /home/jinwoo/webots_ros2_ws/install/webots_ros2_driver/include/webots/cpp/webots/vehicle/Car.hpp
[15.651s] -- Installing: /home/jinwoo/webots_ros2_ws/install/webots_ros2_driver/include/webots/cpp/webots/vehicle/Driver.hpp
[15.651s] -- Installing: /home/jinwoo/webots_ros2_ws/install/webots_ros2_driver/include/webots/cpp/webots/Compass.hpp
[15.651s] -- Installing: /home/jinwoo/webots_ros2_ws/install/webots_ros2_driver/include/webots/cpp/webots/Lidar.hpp
[15.651s] -- Installing: /home/jinwoo/webots_ros2_ws/install/webots_ros2_driver/include/webots/cpp/webots/Proto.hpp
[15.651s] -- Installing: /home/jinwoo/webots_ros2_ws/install/webots_ros2_driver/include/webots/cpp/webots/GPS.hpp
[15.651s] -- Installing: /home/jinwoo/webots_ros2_ws/install/webots_ros2_driver/include/webots/cpp/webots/LED.hpp
[15.651s] -- Installing: /home/jinwoo/webots_ros2_ws/install/webots_ros2_driver/include/webots/cpp/webots/LightSensor.hpp
[15.651s] -- Installing: /home/jinwoo/webots_ros2_ws/install/webots_ros2_driver/include/webots/cpp/webots/TouchSensor.hpp
[15.651s] -- Installing: /home/jinwoo/webots_ros2_ws/install/webots_ros2_driver/include/webots/cpp/webots/VacuumGripper.hpp
[15.651s] -- Installing: /home/jinwoo/webots_ros2_ws/install/webots_ros2_driver/include/webots/cpp/webots/Keyboard.hpp
[15.651s] -- Installing: /home/jinwoo/webots_ros2_ws/install/webots_ros2_driver/include/webots/cpp/webots/Robot.hpp
[15.651s] -- Installing: /home/jinwoo/webots_ros2_ws/install/webots_ros2_driver/include/webots/cpp/webots/Mouse.hpp
[15.651s] -- Installing: /home/jinwoo/webots_ros2_ws/install/webots_ros2_driver/include/webots/cpp/webots/Receiver.hpp
[15.652s] -- Installing: /home/jinwoo/webots_ros2_ws/install/webots_ros2_driver/include/webots/cpp/webots/Brake.hpp
[15.652s] -- Installing: /home/jinwoo/webots_ros2_ws/install/webots_ros2_driver/include/webots/cpp/webots/Node.hpp
[15.652s] -- Installing: /home/jinwoo/webots_ros2_ws/install/webots_ros2_driver/include/webots/cpp/webots/Display.hpp
[15.652s] -- Installing: /home/jinwoo/webots_ros2_ws/install/webots_ros2_driver/include/webots/cpp/webots/Connector.hpp
[15.652s] -- Installing: /home/jinwoo/webots_ros2_ws/install/webots_ros2_driver/include/webots/cpp/webots/DistanceSensor.hpp
[15.652s] -- Installing: /home/jinwoo/webots_ros2_ws/install/webots_ros2_driver/include/webots/cpp/webots/Radar.hpp
[15.652s] -- Installing: /home/jinwoo/webots_ros2_ws/install/webots_ros2_driver/include/webots/cpp/webots/Pen.hpp
[15.652s] -- Installing: /home/jinwoo/webots_ros2_ws/install/webots_ros2_driver/include/webots/cpp/webots/Supervisor.hpp
[15.652s] -- Installing: /home/jinwoo/webots_ros2_ws/install/webots_ros2_driver/include/webots/cpp/webots/Field.hpp
[15.652s] -- Installing: /home/jinwoo/webots_ros2_ws/install/webots_ros2_driver/include/webots/cpp/webots/Device.hpp
[15.652s] -- Installing: /home/jinwoo/webots_ros2_ws/install/webots_ros2_driver/include/webots/cpp/webots/Gyro.hpp
[15.652s] -- Installing: /home/jinwoo/webots_ros2_ws/install/webots_ros2_driver/include/webots/cpp/webots/Altimeter.hpp
[15.652s] -- Installing: /home/jinwoo/webots_ros2_ws/install/webots_ros2_driver/include/webots/cpp/webots/Accelerometer.hpp
[15.652s] -- Installing: /home/jinwoo/webots_ros2_ws/install/webots_ros2_driver/include/webots/cpp/webots/Speaker.hpp
[15.652s] -- Installing: /home/jinwoo/webots_ros2_ws/install/webots_ros2_driver/include/webots/cpp/webots/RangeFinder.hpp
[15.652s] -- Installing: /home/jinwoo/webots_ros2_ws/install/webots_ros2_driver/include/webots/cpp/webots/ImageRef.hpp
[15.652s] -- Installing: /home/jinwoo/webots_ros2_ws/install/webots_ros2_driver/include/webots/cpp/webots/Skin.hpp
[15.652s] -- Installing: /home/jinwoo/webots_ros2_ws/install/webots_ros2_driver/include/webots/cpp/webots/Camera.hpp
[15.652s] -- Installing: /home/jinwoo/webots_ros2_ws/install/webots_ros2_driver/include/webots/cpp/webots/PositionSensor.hpp
[15.652s] -- Installing: /home/jinwoo/webots_ros2_ws/install/webots_ros2_driver/include/webots/cpp/webots/Emitter.hpp
[15.652s] -- Installing: /home/jinwoo/webots_ros2_ws/install/webots_ros2_driver/include/webots/cpp/webots/Joystick.hpp
[15.652s] -- Installing: /home/jinwoo/webots_ros2_ws/install/webots_ros2_driver/lib/controller
[15.652s] -- Installing: /home/jinwoo/webots_ros2_ws/install/webots_ros2_driver/lib/controller/libdriver.so
[15.652s] -- Installing: /home/jinwoo/webots_ros2_ws/install/webots_ros2_driver/lib/controller/.gitignore
[15.652s] -- Installing: /home/jinwoo/webots_ros2_ws/install/webots_ros2_driver/lib/controller/libgeneric_robot_window.so
[15.652s] -- Installing: /home/jinwoo/webots_ros2_ws/install/webots_ros2_driver/lib/controller/libCppCar.so
[15.652s] -- Installing: /home/jinwoo/webots_ros2_ws/install/webots_ros2_driver/lib/controller/libcar.so
[15.652s] -- Installing: /home/jinwoo/webots_ros2_ws/install/webots_ros2_driver/lib/controller/libCppDriver.so
[15.653s] -- Installing: /home/jinwoo/webots_ros2_ws/install/webots_ros2_driver/lib/controller/libCppController.so
[15.653s] -- Installing: /home/jinwoo/webots_ros2_ws/install/webots_ros2_driver/lib/controller/libController.so
[15.654s] -- Installing: /home/jinwoo/webots_ros2_ws/install/webots_ros2_driver/share/webots_ros2_driver/webots_ros2_imu.xml
[15.654s] -- Installing: /home/jinwoo/webots_ros2_ws/install/webots_ros2_driver/share/webots_ros2_driver/webots_ros2_rgbd.xml
[15.654s] -- Installing: /home/jinwoo/webots_ros2_ws/install/webots_ros2_driver/lib/webots_ros2_driver/ros2_supervisor.py
[15.654s] -- Installing: /home/jinwoo/webots_ros2_ws/install/webots_ros2_driver/share/webots_ros2_driver/scripts
[15.654s] -- Installing: /home/jinwoo/webots_ros2_ws/install/webots_ros2_driver/share/webots_ros2_driver/scripts/webots_tcp_client.py
[15.654s] -- Installing: /home/jinwoo/webots_ros2_ws/install/webots_ros2_driver/share/webots_ros2_driver/scripts/webots-controller
[15.654s] -- Installing: /home/jinwoo/webots_ros2_ws/install/webots_ros2_driver/share/webots_ros2_driver/environment/library_path.sh
[15.654s] -- Installing: /home/jinwoo/webots_ros2_ws/install/webots_ros2_driver/share/webots_ros2_driver/environment/library_path.dsv
[15.654s] -- Installing: /home/jinwoo/webots_ros2_ws/install/webots_ros2_driver/share/ament_index/resource_index/package_run_dependencies/webots_ros2_driver
[15.654s] -- Installing: /home/jinwoo/webots_ros2_ws/install/webots_ros2_driver/share/ament_index/resource_index/parent_prefix_path/webots_ros2_driver
[15.654s] -- Installing: /home/jinwoo/webots_ros2_ws/install/webots_ros2_driver/share/webots_ros2_driver/environment/ament_prefix_path.sh
[15.654s] -- Installing: /home/jinwoo/webots_ros2_ws/install/webots_ros2_driver/share/webots_ros2_driver/environment/ament_prefix_path.dsv
[15.654s] -- Installing: /home/jinwoo/webots_ros2_ws/install/webots_ros2_driver/share/webots_ros2_driver/environment/path.sh
[15.654s] -- Installing: /home/jinwoo/webots_ros2_ws/install/webots_ros2_driver/share/webots_ros2_driver/environment/path.dsv
[15.654s] -- Installing: /home/jinwoo/webots_ros2_ws/install/webots_ros2_driver/share/webots_ros2_driver/local_setup.bash
[15.654s] -- Installing: /home/jinwoo/webots_ros2_ws/install/webots_ros2_driver/share/webots_ros2_driver/local_setup.sh
[15.654s] -- Installing: /home/jinwoo/webots_ros2_ws/install/webots_ros2_driver/share/webots_ros2_driver/local_setup.zsh
[15.654s] -- Installing: /home/jinwoo/webots_ros2_ws/install/webots_ros2_driver/share/webots_ros2_driver/local_setup.dsv
[15.654s] -- Installing: /home/jinwoo/webots_ros2_ws/install/webots_ros2_driver/share/webots_ros2_driver/package.dsv
[15.654s] -- Installing: /home/jinwoo/webots_ros2_ws/install/webots_ros2_driver/share/ament_index/resource_index/packages/webots_ros2_driver
[15.655s] -- Installing: /home/jinwoo/webots_ros2_ws/install/webots_ros2_driver/share/ament_index/resource_index/webots_ros2_driver__pluginlib__plugin/webots_ros2_driver
[15.655s] -- Installing: /home/jinwoo/webots_ros2_ws/install/webots_ros2_driver/share/webots_ros2_driver/cmake/ament_cmake_export_include_directories-extras.cmake
[15.655s] -- Installing: /home/jinwoo/webots_ros2_ws/install/webots_ros2_driver/share/webots_ros2_driver/cmake/ament_cmake_export_dependencies-extras.cmake
[15.655s] -- Installing: /home/jinwoo/webots_ros2_ws/install/webots_ros2_driver/share/webots_ros2_driver/cmake/ament_cmake_export_libraries-extras.cmake
[15.655s] -- Installing: /home/jinwoo/webots_ros2_ws/install/webots_ros2_driver/share/webots_ros2_driver/cmake/webots_ros2_driverConfig.cmake
[15.655s] -- Installing: /home/jinwoo/webots_ros2_ws/install/webots_ros2_driver/share/webots_ros2_driver/cmake/webots_ros2_driverConfig-version.cmake
[15.655s] -- Installing: /home/jinwoo/webots_ros2_ws/install/webots_ros2_driver/share/webots_ros2_driver/package.xml
[15.658s] Invoked command in '/home/jinwoo/webots_ros2_ws/build/webots_ros2_driver' returned '0': CMAKE_PREFIX_PATH=/home/jinwoo/webots_ros2_ws/install/webots_ros2_msgs:/home/jinwoo/webots_ros2_ws/install/webots_ros2_control:/home/jinwoo/webots_ros2_ws/install/webots_ros2_driver:/home/jinwoo/webots_ros2_ws/install/webots_ros2:/home/jinwoo/webots_ros2_ws/install/webots_ros2_turtlebot:/home/jinwoo/webots_ros2_ws/install/webots_ros2_tests:/home/jinwoo/webots_ros2_ws/install/bt_image_capture:/opt/ros/humble LD_LIBRARY_PATH=/home/jinwoo/webots_ros2_ws/install/webots_ros2_msgs/lib:/home/jinwoo/webots_ros2_ws/install/webots_ros2_control/lib:/home/jinwoo/webots_ros2_ws/install/webots_ros2_driver/lib:/opt/ros/humble/opt/rviz_ogre_vendor/lib:/opt/ros/humble/lib/x86_64-linux-gnu:/opt/ros/humble/lib /usr/bin/cmake --install /home/jinwoo/webots_ros2_ws/build/webots_ros2_driver
