[0.007s] Invoking command in '/home/jinwoo/webots_ros2_ws/build/webots_ros2_driver': CMAKE_PREFIX_PATH=/home/jinwoo/webots_ros2_ws/install/webots_ros2_msgs:/home/jinwoo/webots_ros2_ws/install/webots_ros2_control:/home/jinwoo/webots_ros2_ws/install/webots_ros2_driver:/home/jinwoo/webots_ros2_ws/install/bt_image_capture:/home/jinwoo/webots_ros2_ws/install/webots_ros2:/home/jinwoo/webots_ros2_ws/install/webots_ros2_turtlebot:/home/jinwoo/webots_ros2_ws/install/webots_ros2_tests:/opt/ros/humble LD_LIBRARY_PATH=/home/jinwoo/webots_ros2_ws/install/webots_ros2_msgs/lib:/home/jinwoo/webots_ros2_ws/install/webots_ros2_control/lib:/home/jinwoo/webots_ros2_ws/install/webots_ros2_driver/lib:/opt/ros/humble/opt/rviz_ogre_vendor/lib:/opt/ros/humble/lib/x86_64-linux-gnu:/opt/ros/humble/lib /usr/bin/cmake --build /home/jinwoo/webots_ros2_ws/build/webots_ros2_driver -- -j18 -l18
[0.059s] [  0%] Built target ament_cmake_python_copy_webots_ros2_driver
[0.060s] [  0%] Built target ament_cmake_python_copy_vehicle
[0.061s] [  0%] Built target ament_cmake_python_copy_controller
[0.211s] running egg_info
[0.211s] writing webots_ros2_driver.egg-info/PKG-INFO
[0.211s] writing dependency_links to webots_ros2_driver.egg-info/dependency_links.txt
[0.211s] writing top-level names to webots_ros2_driver.egg-info/top_level.txt
[0.212s] reading manifest file 'webots_ros2_driver.egg-info/SOURCES.txt'
[0.213s] running egg_info
[0.213s] writing manifest file 'webots_ros2_driver.egg-info/SOURCES.txt'
[0.213s] writing controller.egg-info/PKG-INFO
[0.213s] writing dependency_links to controller.egg-info/dependency_links.txt
[0.213s] writing top-level names to controller.egg-info/top_level.txt
[0.215s] reading manifest file 'controller.egg-info/SOURCES.txt'
[0.215s] writing manifest file 'controller.egg-info/SOURCES.txt'
[0.235s] [  0%] Built target ament_cmake_python_build_webots_ros2_driver_egg
[0.235s] [  0%] Built target ament_cmake_python_build_controller_egg
[0.293s] running egg_info
[0.293s] writing vehicle.egg-info/PKG-INFO
[0.293s] writing dependency_links to vehicle.egg-info/dependency_links.txt
[0.293s] writing top-level names to vehicle.egg-info/top_level.txt
[0.294s] reading manifest file 'vehicle.egg-info/SOURCES.txt'
[0.294s] writing manifest file 'vehicle.egg-info/SOURCES.txt'
[0.311s] [  0%] Built target ament_cmake_python_build_vehicle_egg
[0.409s] [  0%] Built target compile-lib-controller
[0.466s] [  0%] Built target compile-generic-window
[0.801s] [  0%] Built target compile-lib-vehicle
[0.812s] [35m[1mConsolidate compiler generated dependencies of target webots_ros2_driver_imu[0m
[0.812s] [35m[1mConsolidate compiler generated dependencies of target webots_ros2_driver_rgbd[0m
[0.819s] [35m[1mConsolidate compiler generated dependencies of target driver[0m
[0.832s] [ 29%] Built target webots_ros2_driver_imu
[0.832s] [ 29%] Built target webots_ros2_driver_rgbd
[0.860s] [100%] Built target driver
[0.870s] Invoked command in '/home/jinwoo/webots_ros2_ws/build/webots_ros2_driver' returned '0': CMAKE_PREFIX_PATH=/home/jinwoo/webots_ros2_ws/install/webots_ros2_msgs:/home/jinwoo/webots_ros2_ws/install/webots_ros2_control:/home/jinwoo/webots_ros2_ws/install/webots_ros2_driver:/home/jinwoo/webots_ros2_ws/install/bt_image_capture:/home/jinwoo/webots_ros2_ws/install/webots_ros2:/home/jinwoo/webots_ros2_ws/install/webots_ros2_turtlebot:/home/jinwoo/webots_ros2_ws/install/webots_ros2_tests:/opt/ros/humble LD_LIBRARY_PATH=/home/jinwoo/webots_ros2_ws/install/webots_ros2_msgs/lib:/home/jinwoo/webots_ros2_ws/install/webots_ros2_control/lib:/home/jinwoo/webots_ros2_ws/install/webots_ros2_driver/lib:/opt/ros/humble/opt/rviz_ogre_vendor/lib:/opt/ros/humble/lib/x86_64-linux-gnu:/opt/ros/humble/lib /usr/bin/cmake --build /home/jinwoo/webots_ros2_ws/build/webots_ros2_driver -- -j18 -l18
[0.872s] Invoking command in '/home/jinwoo/webots_ros2_ws/build/webots_ros2_driver': CMAKE_PREFIX_PATH=/home/jinwoo/webots_ros2_ws/install/webots_ros2_msgs:/home/jinwoo/webots_ros2_ws/install/webots_ros2_control:/home/jinwoo/webots_ros2_ws/install/webots_ros2_driver:/home/jinwoo/webots_ros2_ws/install/bt_image_capture:/home/jinwoo/webots_ros2_ws/install/webots_ros2:/home/jinwoo/webots_ros2_ws/install/webots_ros2_turtlebot:/home/jinwoo/webots_ros2_ws/install/webots_ros2_tests:/opt/ros/humble LD_LIBRARY_PATH=/home/jinwoo/webots_ros2_ws/install/webots_ros2_msgs/lib:/home/jinwoo/webots_ros2_ws/install/webots_ros2_control/lib:/home/jinwoo/webots_ros2_ws/install/webots_ros2_driver/lib:/opt/ros/humble/opt/rviz_ogre_vendor/lib:/opt/ros/humble/lib/x86_64-linux-gnu:/opt/ros/humble/lib /usr/bin/cmake --install /home/jinwoo/webots_ros2_ws/build/webots_ros2_driver
[0.878s] -- Install configuration: ""
[0.878s] -- Up-to-date: /home/jinwoo/webots_ros2_ws/install/webots_ros2_driver/share/webots_ros2_driver/environment/pythonpath.sh
[0.878s] -- Up-to-date: /home/jinwoo/webots_ros2_ws/install/webots_ros2_driver/share/webots_ros2_driver/environment/pythonpath.dsv
[0.878s] -- Up-to-date: /home/jinwoo/webots_ros2_ws/install/webots_ros2_driver/local/lib/python3.10/dist-packages/controller-2025.0.1-py3.10.egg-info
[0.878s] -- Installing: /home/jinwoo/webots_ros2_ws/install/webots_ros2_driver/local/lib/python3.10/dist-packages/controller-2025.0.1-py3.10.egg-info/dependency_links.txt
[0.878s] -- Installing: /home/jinwoo/webots_ros2_ws/install/webots_ros2_driver/local/lib/python3.10/dist-packages/controller-2025.0.1-py3.10.egg-info/PKG-INFO
[0.879s] -- Installing: /home/jinwoo/webots_ros2_ws/install/webots_ros2_driver/local/lib/python3.10/dist-packages/controller-2025.0.1-py3.10.egg-info/SOURCES.txt
[0.879s] -- Installing: /home/jinwoo/webots_ros2_ws/install/webots_ros2_driver/local/lib/python3.10/dist-packages/controller-2025.0.1-py3.10.egg-info/top_level.txt
[0.879s] -- Up-to-date: /home/jinwoo/webots_ros2_ws/install/webots_ros2_driver/local/lib/python3.10/dist-packages/controller
[0.879s] -- Up-to-date: /home/jinwoo/webots_ros2_ws/install/webots_ros2_driver/local/lib/python3.10/dist-packages/controller/light_sensor.py
[0.879s] -- Up-to-date: /home/jinwoo/webots_ros2_ws/install/webots_ros2_driver/local/lib/python3.10/dist-packages/controller/radar_target.py
[0.879s] -- Up-to-date: /home/jinwoo/webots_ros2_ws/install/webots_ros2_driver/local/lib/python3.10/dist-packages/controller/range_finder.py
[0.879s] -- Up-to-date: /home/jinwoo/webots_ros2_ws/install/webots_ros2_driver/local/lib/python3.10/dist-packages/controller/supervisor.py
[0.879s] -- Up-to-date: /home/jinwoo/webots_ros2_ws/install/webots_ros2_driver/local/lib/python3.10/dist-packages/controller/display.py
[0.879s] -- Up-to-date: /home/jinwoo/webots_ros2_ws/install/webots_ros2_driver/local/lib/python3.10/dist-packages/controller/pen.py
[0.879s] -- Up-to-date: /home/jinwoo/webots_ros2_ws/install/webots_ros2_driver/local/lib/python3.10/dist-packages/controller/distance_sensor.py
[0.879s] -- Up-to-date: /home/jinwoo/webots_ros2_ws/install/webots_ros2_driver/local/lib/python3.10/dist-packages/controller/camera.py
[0.879s] -- Up-to-date: /home/jinwoo/webots_ros2_ws/install/webots_ros2_driver/local/lib/python3.10/dist-packages/controller/joystick.py
[0.879s] -- Up-to-date: /home/jinwoo/webots_ros2_ws/install/webots_ros2_driver/local/lib/python3.10/dist-packages/controller/gps.py
[0.879s] -- Up-to-date: /home/jinwoo/webots_ros2_ws/install/webots_ros2_driver/local/lib/python3.10/dist-packages/controller/speaker.py
[0.879s] -- Up-to-date: /home/jinwoo/webots_ros2_ws/install/webots_ros2_driver/local/lib/python3.10/dist-packages/controller/lidar.py
[0.879s] -- Up-to-date: /home/jinwoo/webots_ros2_ws/install/webots_ros2_driver/local/lib/python3.10/dist-packages/controller/motion.py
[0.880s] -- Up-to-date: /home/jinwoo/webots_ros2_ws/install/webots_ros2_driver/local/lib/python3.10/dist-packages/controller/wb.py
[0.880s] -- Up-to-date: /home/jinwoo/webots_ros2_ws/install/webots_ros2_driver/local/lib/python3.10/dist-packages/controller/touch_sensor.py
[0.880s] -- Up-to-date: /home/jinwoo/webots_ros2_ws/install/webots_ros2_driver/local/lib/python3.10/dist-packages/controller/keyboard.py
[0.880s] -- Up-to-date: /home/jinwoo/webots_ros2_ws/install/webots_ros2_driver/local/lib/python3.10/dist-packages/controller/skin.py
[0.880s] -- Up-to-date: /home/jinwoo/webots_ros2_ws/install/webots_ros2_driver/local/lib/python3.10/dist-packages/controller/led.py
[0.880s] -- Up-to-date: /home/jinwoo/webots_ros2_ws/install/webots_ros2_driver/local/lib/python3.10/dist-packages/controller/motor.py
[0.880s] -- Up-to-date: /home/jinwoo/webots_ros2_ws/install/webots_ros2_driver/local/lib/python3.10/dist-packages/controller/sensor.py
[0.880s] -- Up-to-date: /home/jinwoo/webots_ros2_ws/install/webots_ros2_driver/local/lib/python3.10/dist-packages/controller/gyro.py
[0.880s] -- Up-to-date: /home/jinwoo/webots_ros2_ws/install/webots_ros2_driver/local/lib/python3.10/dist-packages/controller/proto.py
[0.880s] -- Up-to-date: /home/jinwoo/webots_ros2_ws/install/webots_ros2_driver/local/lib/python3.10/dist-packages/controller/field.py
[0.880s] -- Up-to-date: /home/jinwoo/webots_ros2_ws/install/webots_ros2_driver/local/lib/python3.10/dist-packages/controller/accelerometer.py
[0.880s] -- Up-to-date: /home/jinwoo/webots_ros2_ws/install/webots_ros2_driver/local/lib/python3.10/dist-packages/controller/lidar_point.py
[0.880s] -- Up-to-date: /home/jinwoo/webots_ros2_ws/install/webots_ros2_driver/local/lib/python3.10/dist-packages/controller/ansi_codes.py
[0.880s] -- Up-to-date: /home/jinwoo/webots_ros2_ws/install/webots_ros2_driver/local/lib/python3.10/dist-packages/controller/altimeter.py
[0.880s] -- Up-to-date: /home/jinwoo/webots_ros2_ws/install/webots_ros2_driver/local/lib/python3.10/dist-packages/controller/__init__.py
[0.880s] -- Up-to-date: /home/jinwoo/webots_ros2_ws/install/webots_ros2_driver/local/lib/python3.10/dist-packages/controller/brake.py
[0.880s] -- Up-to-date: /home/jinwoo/webots_ros2_ws/install/webots_ros2_driver/local/lib/python3.10/dist-packages/controller/vacuum_gripper.py
[0.880s] -- Up-to-date: /home/jinwoo/webots_ros2_ws/install/webots_ros2_driver/local/lib/python3.10/dist-packages/controller/robot.py
[0.880s] -- Up-to-date: /home/jinwoo/webots_ros2_ws/install/webots_ros2_driver/local/lib/python3.10/dist-packages/controller/receiver.py
[0.880s] -- Up-to-date: /home/jinwoo/webots_ros2_ws/install/webots_ros2_driver/local/lib/python3.10/dist-packages/controller/compass.py
[0.880s] -- Up-to-date: /home/jinwoo/webots_ros2_ws/install/webots_ros2_driver/local/lib/python3.10/dist-packages/controller/mouse.py
[0.880s] -- Up-to-date: /home/jinwoo/webots_ros2_ws/install/webots_ros2_driver/local/lib/python3.10/dist-packages/controller/node.py
[0.880s] -- Up-to-date: /home/jinwoo/webots_ros2_ws/install/webots_ros2_driver/local/lib/python3.10/dist-packages/controller/inertial_unit.py
[0.880s] -- Up-to-date: /home/jinwoo/webots_ros2_ws/install/webots_ros2_driver/local/lib/python3.10/dist-packages/controller/constants.py
[0.880s] -- Up-to-date: /home/jinwoo/webots_ros2_ws/install/webots_ros2_driver/local/lib/python3.10/dist-packages/controller/device.py
[0.880s] -- Up-to-date: /home/jinwoo/webots_ros2_ws/install/webots_ros2_driver/local/lib/python3.10/dist-packages/controller/emitter.py
[0.880s] -- Up-to-date: /home/jinwoo/webots_ros2_ws/install/webots_ros2_driver/local/lib/python3.10/dist-packages/controller/radar.py
[0.880s] -- Up-to-date: /home/jinwoo/webots_ros2_ws/install/webots_ros2_driver/local/lib/python3.10/dist-packages/controller/connector.py
[0.881s] -- Up-to-date: /home/jinwoo/webots_ros2_ws/install/webots_ros2_driver/local/lib/python3.10/dist-packages/controller/position_sensor.py
[0.905s] Listing '/home/jinwoo/webots_ros2_ws/install/webots_ros2_driver/local/lib/python3.10/dist-packages/controller'...
[0.908s] -- Up-to-date: /home/jinwoo/webots_ros2_ws/install/webots_ros2_driver/local/lib/python3.10/dist-packages/vehicle-2025.0.1-py3.10.egg-info
[0.908s] -- Installing: /home/jinwoo/webots_ros2_ws/install/webots_ros2_driver/local/lib/python3.10/dist-packages/vehicle-2025.0.1-py3.10.egg-info/dependency_links.txt
[0.908s] -- Installing: /home/jinwoo/webots_ros2_ws/install/webots_ros2_driver/local/lib/python3.10/dist-packages/vehicle-2025.0.1-py3.10.egg-info/PKG-INFO
[0.908s] -- Installing: /home/jinwoo/webots_ros2_ws/install/webots_ros2_driver/local/lib/python3.10/dist-packages/vehicle-2025.0.1-py3.10.egg-info/SOURCES.txt
[0.908s] -- Installing: /home/jinwoo/webots_ros2_ws/install/webots_ros2_driver/local/lib/python3.10/dist-packages/vehicle-2025.0.1-py3.10.egg-info/top_level.txt
[0.908s] -- Up-to-date: /home/jinwoo/webots_ros2_ws/install/webots_ros2_driver/local/lib/python3.10/dist-packages/vehicle
[0.908s] -- Up-to-date: /home/jinwoo/webots_ros2_ws/install/webots_ros2_driver/local/lib/python3.10/dist-packages/vehicle/driver.py
[0.908s] -- Up-to-date: /home/jinwoo/webots_ros2_ws/install/webots_ros2_driver/local/lib/python3.10/dist-packages/vehicle/__init__.py
[0.908s] -- Up-to-date: /home/jinwoo/webots_ros2_ws/install/webots_ros2_driver/local/lib/python3.10/dist-packages/vehicle/car.py
[0.930s] Listing '/home/jinwoo/webots_ros2_ws/install/webots_ros2_driver/local/lib/python3.10/dist-packages/vehicle'...
[0.933s] -- Up-to-date: /home/jinwoo/webots_ros2_ws/install/webots_ros2_driver/local/lib/python3.10/dist-packages/webots_ros2_driver-2025.0.1-py3.10.egg-info
[0.933s] -- Installing: /home/jinwoo/webots_ros2_ws/install/webots_ros2_driver/local/lib/python3.10/dist-packages/webots_ros2_driver-2025.0.1-py3.10.egg-info/dependency_links.txt
[0.933s] -- Installing: /home/jinwoo/webots_ros2_ws/install/webots_ros2_driver/local/lib/python3.10/dist-packages/webots_ros2_driver-2025.0.1-py3.10.egg-info/PKG-INFO
[0.933s] -- Installing: /home/jinwoo/webots_ros2_ws/install/webots_ros2_driver/local/lib/python3.10/dist-packages/webots_ros2_driver-2025.0.1-py3.10.egg-info/SOURCES.txt
[0.933s] -- Installing: /home/jinwoo/webots_ros2_ws/install/webots_ros2_driver/local/lib/python3.10/dist-packages/webots_ros2_driver-2025.0.1-py3.10.egg-info/top_level.txt
[0.933s] -- Up-to-date: /home/jinwoo/webots_ros2_ws/install/webots_ros2_driver/local/lib/python3.10/dist-packages/webots_ros2_driver
[0.933s] -- Up-to-date: /home/jinwoo/webots_ros2_ws/install/webots_ros2_driver/local/lib/python3.10/dist-packages/webots_ros2_driver/webots_controller.py
[0.933s] -- Up-to-date: /home/jinwoo/webots_ros2_ws/install/webots_ros2_driver/local/lib/python3.10/dist-packages/webots_ros2_driver/urdf_spawner.py
[0.933s] -- Up-to-date: /home/jinwoo/webots_ros2_ws/install/webots_ros2_driver/local/lib/python3.10/dist-packages/webots_ros2_driver/wait_for_controller_connection.py
[0.933s] -- Up-to-date: /home/jinwoo/webots_ros2_ws/install/webots_ros2_driver/local/lib/python3.10/dist-packages/webots_ros2_driver/webots_launcher.py
[0.933s] -- Up-to-date: /home/jinwoo/webots_ros2_ws/install/webots_ros2_driver/local/lib/python3.10/dist-packages/webots_ros2_driver/ros2_supervisor.py
[0.933s] -- Up-to-date: /home/jinwoo/webots_ros2_ws/install/webots_ros2_driver/local/lib/python3.10/dist-packages/webots_ros2_driver/__init__.py
[0.934s] -- Up-to-date: /home/jinwoo/webots_ros2_ws/install/webots_ros2_driver/local/lib/python3.10/dist-packages/webots_ros2_driver/utils.py
[0.955s] Listing '/home/jinwoo/webots_ros2_ws/install/webots_ros2_driver/local/lib/python3.10/dist-packages/webots_ros2_driver'...
[0.958s] -- Up-to-date: /home/jinwoo/webots_ros2_ws/install/webots_ros2_driver/include
[0.958s] -- Up-to-date: /home/jinwoo/webots_ros2_ws/install/webots_ros2_driver/include/webots_ros2_driver
[0.959s] -- Up-to-date: /home/jinwoo/webots_ros2_ws/install/webots_ros2_driver/include/webots_ros2_driver/utils
[0.959s] -- Up-to-date: /home/jinwoo/webots_ros2_ws/install/webots_ros2_driver/include/webots_ros2_driver/utils/Math.hpp
[0.959s] -- Up-to-date: /home/jinwoo/webots_ros2_ws/install/webots_ros2_driver/include/webots_ros2_driver/utils/Utils.hpp
[0.959s] -- Up-to-date: /home/jinwoo/webots_ros2_ws/install/webots_ros2_driver/include/webots_ros2_driver/PythonPlugin.hpp
[0.959s] -- Up-to-date: /home/jinwoo/webots_ros2_ws/install/webots_ros2_driver/include/webots_ros2_driver/PluginInterface.hpp
[0.959s] -- Up-to-date: /home/jinwoo/webots_ros2_ws/install/webots_ros2_driver/include/webots_ros2_driver/plugins
[0.959s] -- Up-to-date: /home/jinwoo/webots_ros2_ws/install/webots_ros2_driver/include/webots_ros2_driver/plugins/dynamic
[0.960s] -- Up-to-date: /home/jinwoo/webots_ros2_ws/install/webots_ros2_driver/include/webots_ros2_driver/plugins/dynamic/Ros2IMU.hpp
[0.960s] -- Up-to-date: /home/jinwoo/webots_ros2_ws/install/webots_ros2_driver/include/webots_ros2_driver/plugins/dynamic/Ros2RGBD.hpp
[0.960s] -- Up-to-date: /home/jinwoo/webots_ros2_ws/install/webots_ros2_driver/include/webots_ros2_driver/plugins/Ros2SensorPlugin.hpp
[0.960s] -- Up-to-date: /home/jinwoo/webots_ros2_ws/install/webots_ros2_driver/include/webots_ros2_driver/plugins/static
[0.960s] -- Up-to-date: /home/jinwoo/webots_ros2_ws/install/webots_ros2_driver/include/webots_ros2_driver/plugins/static/Ros2DistanceSensor.hpp
[0.960s] -- Up-to-date: /home/jinwoo/webots_ros2_ws/install/webots_ros2_driver/include/webots_ros2_driver/plugins/static/Ros2VacuumGripper.hpp
[0.960s] -- Up-to-date: /home/jinwoo/webots_ros2_ws/install/webots_ros2_driver/include/webots_ros2_driver/plugins/static/Ros2Pen.hpp
[0.960s] -- Up-to-date: /home/jinwoo/webots_ros2_ws/install/webots_ros2_driver/include/webots_ros2_driver/plugins/static/Ros2GPS.hpp
[0.960s] -- Up-to-date: /home/jinwoo/webots_ros2_ws/install/webots_ros2_driver/include/webots_ros2_driver/plugins/static/Ros2Receiver.hpp
[0.960s] -- Up-to-date: /home/jinwoo/webots_ros2_ws/install/webots_ros2_driver/include/webots_ros2_driver/plugins/static/Ros2LED.hpp
[0.960s] -- Up-to-date: /home/jinwoo/webots_ros2_ws/install/webots_ros2_driver/include/webots_ros2_driver/plugins/static/Ros2RangeFinder.hpp
[0.961s] -- Up-to-date: /home/jinwoo/webots_ros2_ws/install/webots_ros2_driver/include/webots_ros2_driver/plugins/static/Ros2LightSensor.hpp
[0.961s] -- Up-to-date: /home/jinwoo/webots_ros2_ws/install/webots_ros2_driver/include/webots_ros2_driver/plugins/static/Ros2Compass.hpp
[0.961s] -- Up-to-date: /home/jinwoo/webots_ros2_ws/install/webots_ros2_driver/include/webots_ros2_driver/plugins/static/Ros2Camera.hpp
[0.961s] -- Up-to-date: /home/jinwoo/webots_ros2_ws/install/webots_ros2_driver/include/webots_ros2_driver/plugins/static/Ros2Emitter.hpp
[0.961s] -- Up-to-date: /home/jinwoo/webots_ros2_ws/install/webots_ros2_driver/include/webots_ros2_driver/plugins/static/Ros2Lidar.hpp
[0.961s] -- Up-to-date: /home/jinwoo/webots_ros2_ws/install/webots_ros2_driver/include/webots_ros2_driver/WebotsNode.hpp
[0.961s] -- Up-to-date: /home/jinwoo/webots_ros2_ws/install/webots_ros2_driver/lib/webots_ros2_driver/driver
[0.961s] -- Up-to-date: /home/jinwoo/webots_ros2_ws/install/webots_ros2_driver/lib/libwebots_ros2_driver_imu.so
[0.961s] -- Up-to-date: /home/jinwoo/webots_ros2_ws/install/webots_ros2_driver/lib/libwebots_ros2_driver_rgbd.so
[0.961s] -- Up-to-date: /home/jinwoo/webots_ros2_ws/install/webots_ros2_driver/include/webots/c
[0.961s] -- Up-to-date: /home/jinwoo/webots_ros2_ws/install/webots_ros2_driver/include/webots/c/webots
[0.961s] -- Up-to-date: /home/jinwoo/webots_ros2_ws/install/webots_ros2_driver/include/webots/c/webots/contact_point.h
[0.961s] -- Up-to-date: /home/jinwoo/webots_ros2_ws/install/webots_ros2_driver/include/webots/c/webots/skin.h
[0.961s] -- Up-to-date: /home/jinwoo/webots_ros2_ws/install/webots_ros2_driver/include/webots/c/webots/utils
[0.961s] -- Up-to-date: /home/jinwoo/webots_ros2_ws/install/webots_ros2_driver/include/webots/c/webots/utils/ansi_codes.h
[0.961s] -- Up-to-date: /home/jinwoo/webots_ros2_ws/install/webots_ros2_driver/include/webots/c/webots/utils/string.h
[0.961s] -- Up-to-date: /home/jinwoo/webots_ros2_ws/install/webots_ros2_driver/include/webots/c/webots/utils/system.h
[0.961s] -- Up-to-date: /home/jinwoo/webots_ros2_ws/install/webots_ros2_driver/include/webots/c/webots/utils/motion.h
[0.961s] -- Up-to-date: /home/jinwoo/webots_ros2_ws/install/webots_ros2_driver/include/webots/c/webots/lidar_point.h
[0.961s] -- Up-to-date: /home/jinwoo/webots_ros2_ws/install/webots_ros2_driver/include/webots/c/webots/vehicle
[0.961s] -- Up-to-date: /home/jinwoo/webots_ros2_ws/install/webots_ros2_driver/include/webots/c/webots/vehicle/driver.h
[0.961s] -- Up-to-date: /home/jinwoo/webots_ros2_ws/install/webots_ros2_driver/include/webots/c/webots/vehicle/car.h
[0.961s] -- Up-to-date: /home/jinwoo/webots_ros2_ws/install/webots_ros2_driver/include/webots/c/webots/lidar.h
[0.962s] -- Up-to-date: /home/jinwoo/webots_ros2_ws/install/webots_ros2_driver/include/webots/c/webots/speaker.h
[0.962s] -- Up-to-date: /home/jinwoo/webots_ros2_ws/install/webots_ros2_driver/include/webots/c/webots/nodes.h
[0.962s] -- Up-to-date: /home/jinwoo/webots_ros2_ws/install/webots_ros2_driver/include/webots/c/webots/touch_sensor.h
[0.962s] -- Up-to-date: /home/jinwoo/webots_ros2_ws/install/webots_ros2_driver/include/webots/c/webots/pen.h
[0.962s] -- Up-to-date: /home/jinwoo/webots_ros2_ws/install/webots_ros2_driver/include/webots/c/webots/microphone.h
[0.962s] -- Up-to-date: /home/jinwoo/webots_ros2_ws/install/webots_ros2_driver/include/webots/c/webots/altimeter.h
[0.962s] -- Up-to-date: /home/jinwoo/webots_ros2_ws/install/webots_ros2_driver/include/webots/c/webots/led.h
[0.962s] -- Up-to-date: /home/jinwoo/webots_ros2_ws/install/webots_ros2_driver/include/webots/c/webots/range_finder.h
[0.962s] -- Up-to-date: /home/jinwoo/webots_ros2_ws/install/webots_ros2_driver/include/webots/c/webots/keyboard.h
[0.962s] -- Up-to-date: /home/jinwoo/webots_ros2_ws/install/webots_ros2_driver/include/webots/c/webots/mouse.h
[0.962s] -- Up-to-date: /home/jinwoo/webots_ros2_ws/install/webots_ros2_driver/include/webots/c/webots/brake.h
[0.962s] -- Up-to-date: /home/jinwoo/webots_ros2_ws/install/webots_ros2_driver/include/webots/c/webots/gyro.h
[0.962s] -- Up-to-date: /home/jinwoo/webots_ros2_ws/install/webots_ros2_driver/include/webots/c/webots/connector.h
[0.962s] -- Up-to-date: /home/jinwoo/webots_ros2_ws/install/webots_ros2_driver/include/webots/c/webots/plugins
[0.962s] -- Up-to-date: /home/jinwoo/webots_ros2_ws/install/webots_ros2_driver/include/webots/c/webots/plugins/robot_window
[0.962s] -- Up-to-date: /home/jinwoo/webots_ros2_ws/install/webots_ros2_driver/include/webots/c/webots/plugins/robot_window/generic_robot_window
[0.962s] -- Up-to-date: /home/jinwoo/webots_ros2_ws/install/webots_ros2_driver/include/webots/c/webots/plugins/robot_window/generic_robot_window/generic.h
[0.962s] -- Up-to-date: /home/jinwoo/webots_ros2_ws/install/webots_ros2_driver/include/webots/c/webots/plugins/robot_window/robot_wwi.h
[0.962s] -- Up-to-date: /home/jinwoo/webots_ros2_ws/install/webots_ros2_driver/include/webots/c/webots/plugins/robot_window/robot_window.h
[0.962s] -- Up-to-date: /home/jinwoo/webots_ros2_ws/install/webots_ros2_driver/include/webots/c/webots/plugins/robot_window/default.h
[0.962s] -- Up-to-date: /home/jinwoo/webots_ros2_ws/install/webots_ros2_driver/include/webots/c/webots/radar_target.h
[0.962s] -- Up-to-date: /home/jinwoo/webots_ros2_ws/install/webots_ros2_driver/include/webots/c/webots/robot.h
[0.962s] -- Up-to-date: /home/jinwoo/webots_ros2_ws/install/webots_ros2_driver/include/webots/c/webots/remote_control.h
[0.962s] -- Up-to-date: /home/jinwoo/webots_ros2_ws/install/webots_ros2_driver/include/webots/c/webots/light_sensor.h
[0.962s] -- Up-to-date: /home/jinwoo/webots_ros2_ws/install/webots_ros2_driver/include/webots/c/webots/supervisor.h
[0.962s] -- Up-to-date: /home/jinwoo/webots_ros2_ws/install/webots_ros2_driver/include/webots/c/webots/motor.h
[0.962s] -- Up-to-date: /home/jinwoo/webots_ros2_ws/install/webots_ros2_driver/include/webots/c/webots/emitter.h
[0.962s] -- Up-to-date: /home/jinwoo/webots_ros2_ws/install/webots_ros2_driver/include/webots/c/webots/console.h
[0.962s] -- Up-to-date: /home/jinwoo/webots_ros2_ws/install/webots_ros2_driver/include/webots/c/webots/mouse_state.h
[0.962s] -- Up-to-date: /home/jinwoo/webots_ros2_ws/install/webots_ros2_driver/include/webots/c/webots/vacuum_gripper.h
[0.962s] -- Up-to-date: /home/jinwoo/webots_ros2_ws/install/webots_ros2_driver/include/webots/c/webots/compass.h
[0.962s] -- Up-to-date: /home/jinwoo/webots_ros2_ws/install/webots_ros2_driver/include/webots/c/webots/types.h
[0.963s] -- Up-to-date: /home/jinwoo/webots_ros2_ws/install/webots_ros2_driver/include/webots/c/webots/camera_recognition_object.h
[0.963s] -- Up-to-date: /home/jinwoo/webots_ros2_ws/install/webots_ros2_driver/include/webots/c/webots/display.h
[0.963s] -- Up-to-date: /home/jinwoo/webots_ros2_ws/install/webots_ros2_driver/include/webots/c/webots/radio.h
[0.963s] -- Up-to-date: /home/jinwoo/webots_ros2_ws/install/webots_ros2_driver/include/webots/c/webots/joystick.h
[0.963s] -- Up-to-date: /home/jinwoo/webots_ros2_ws/install/webots_ros2_driver/include/webots/c/webots/radar.h
[0.963s] -- Up-to-date: /home/jinwoo/webots_ros2_ws/install/webots_ros2_driver/include/webots/c/webots/accelerometer.h
[0.963s] -- Up-to-date: /home/jinwoo/webots_ros2_ws/install/webots_ros2_driver/include/webots/c/webots/distance_sensor.h
[0.963s] -- Up-to-date: /home/jinwoo/webots_ros2_ws/install/webots_ros2_driver/include/webots/c/webots/position_sensor.h
[0.963s] -- Up-to-date: /home/jinwoo/webots_ros2_ws/install/webots_ros2_driver/include/webots/c/webots/camera.h
[0.963s] -- Up-to-date: /home/jinwoo/webots_ros2_ws/install/webots_ros2_driver/include/webots/c/webots/device.h
[0.963s] -- Up-to-date: /home/jinwoo/webots_ros2_ws/install/webots_ros2_driver/include/webots/c/webots/inertial_unit.h
[0.963s] -- Up-to-date: /home/jinwoo/webots_ros2_ws/install/webots_ros2_driver/include/webots/c/webots/receiver.h
[0.963s] -- Up-to-date: /home/jinwoo/webots_ros2_ws/install/webots_ros2_driver/include/webots/c/webots/gps.h
[0.963s] -- Up-to-date: /home/jinwoo/webots_ros2_ws/install/webots_ros2_driver/include/webots/cpp
[0.963s] -- Up-to-date: /home/jinwoo/webots_ros2_ws/install/webots_ros2_driver/include/webots/cpp/webots
[0.963s] -- Up-to-date: /home/jinwoo/webots_ros2_ws/install/webots_ros2_driver/include/webots/cpp/webots/InertialUnit.hpp
[0.963s] -- Up-to-date: /home/jinwoo/webots_ros2_ws/install/webots_ros2_driver/include/webots/cpp/webots/Motor.hpp
[0.963s] -- Up-to-date: /home/jinwoo/webots_ros2_ws/install/webots_ros2_driver/include/webots/cpp/webots/utils
[0.963s] -- Up-to-date: /home/jinwoo/webots_ros2_ws/install/webots_ros2_driver/include/webots/cpp/webots/utils/AnsiCodes.hpp
[0.963s] -- Up-to-date: /home/jinwoo/webots_ros2_ws/install/webots_ros2_driver/include/webots/cpp/webots/utils/Motion.hpp
[0.963s] -- Up-to-date: /home/jinwoo/webots_ros2_ws/install/webots_ros2_driver/include/webots/cpp/webots/vehicle
[0.963s] -- Up-to-date: /home/jinwoo/webots_ros2_ws/install/webots_ros2_driver/include/webots/cpp/webots/vehicle/Car.hpp
[0.963s] -- Up-to-date: /home/jinwoo/webots_ros2_ws/install/webots_ros2_driver/include/webots/cpp/webots/vehicle/Driver.hpp
[0.963s] -- Up-to-date: /home/jinwoo/webots_ros2_ws/install/webots_ros2_driver/include/webots/cpp/webots/Compass.hpp
[0.963s] -- Up-to-date: /home/jinwoo/webots_ros2_ws/install/webots_ros2_driver/include/webots/cpp/webots/Lidar.hpp
[0.963s] -- Up-to-date: /home/jinwoo/webots_ros2_ws/install/webots_ros2_driver/include/webots/cpp/webots/Proto.hpp
[0.963s] -- Up-to-date: /home/jinwoo/webots_ros2_ws/install/webots_ros2_driver/include/webots/cpp/webots/GPS.hpp
[0.963s] -- Up-to-date: /home/jinwoo/webots_ros2_ws/install/webots_ros2_driver/include/webots/cpp/webots/LED.hpp
[0.963s] -- Up-to-date: /home/jinwoo/webots_ros2_ws/install/webots_ros2_driver/include/webots/cpp/webots/LightSensor.hpp
[0.963s] -- Up-to-date: /home/jinwoo/webots_ros2_ws/install/webots_ros2_driver/include/webots/cpp/webots/TouchSensor.hpp
[0.963s] -- Up-to-date: /home/jinwoo/webots_ros2_ws/install/webots_ros2_driver/include/webots/cpp/webots/VacuumGripper.hpp
[0.964s] -- Up-to-date: /home/jinwoo/webots_ros2_ws/install/webots_ros2_driver/include/webots/cpp/webots/Keyboard.hpp
[0.964s] -- Up-to-date: /home/jinwoo/webots_ros2_ws/install/webots_ros2_driver/include/webots/cpp/webots/Robot.hpp
[0.964s] -- Up-to-date: /home/jinwoo/webots_ros2_ws/install/webots_ros2_driver/include/webots/cpp/webots/Mouse.hpp
[0.964s] -- Up-to-date: /home/jinwoo/webots_ros2_ws/install/webots_ros2_driver/include/webots/cpp/webots/Receiver.hpp
[0.964s] -- Up-to-date: /home/jinwoo/webots_ros2_ws/install/webots_ros2_driver/include/webots/cpp/webots/Brake.hpp
[0.964s] -- Up-to-date: /home/jinwoo/webots_ros2_ws/install/webots_ros2_driver/include/webots/cpp/webots/Node.hpp
[0.964s] -- Up-to-date: /home/jinwoo/webots_ros2_ws/install/webots_ros2_driver/include/webots/cpp/webots/Display.hpp
[0.964s] -- Up-to-date: /home/jinwoo/webots_ros2_ws/install/webots_ros2_driver/include/webots/cpp/webots/Connector.hpp
[0.964s] -- Up-to-date: /home/jinwoo/webots_ros2_ws/install/webots_ros2_driver/include/webots/cpp/webots/DistanceSensor.hpp
[0.964s] -- Up-to-date: /home/jinwoo/webots_ros2_ws/install/webots_ros2_driver/include/webots/cpp/webots/Radar.hpp
[0.964s] -- Up-to-date: /home/jinwoo/webots_ros2_ws/install/webots_ros2_driver/include/webots/cpp/webots/Pen.hpp
[0.964s] -- Up-to-date: /home/jinwoo/webots_ros2_ws/install/webots_ros2_driver/include/webots/cpp/webots/Supervisor.hpp
[0.964s] -- Up-to-date: /home/jinwoo/webots_ros2_ws/install/webots_ros2_driver/include/webots/cpp/webots/Field.hpp
[0.964s] -- Up-to-date: /home/jinwoo/webots_ros2_ws/install/webots_ros2_driver/include/webots/cpp/webots/Device.hpp
[0.964s] -- Up-to-date: /home/jinwoo/webots_ros2_ws/install/webots_ros2_driver/include/webots/cpp/webots/Gyro.hpp
[0.964s] -- Up-to-date: /home/jinwoo/webots_ros2_ws/install/webots_ros2_driver/include/webots/cpp/webots/Altimeter.hpp
[0.964s] -- Up-to-date: /home/jinwoo/webots_ros2_ws/install/webots_ros2_driver/include/webots/cpp/webots/Accelerometer.hpp
[0.964s] -- Up-to-date: /home/jinwoo/webots_ros2_ws/install/webots_ros2_driver/include/webots/cpp/webots/Speaker.hpp
[0.964s] -- Up-to-date: /home/jinwoo/webots_ros2_ws/install/webots_ros2_driver/include/webots/cpp/webots/RangeFinder.hpp
[0.964s] -- Up-to-date: /home/jinwoo/webots_ros2_ws/install/webots_ros2_driver/include/webots/cpp/webots/ImageRef.hpp
[0.964s] -- Up-to-date: /home/jinwoo/webots_ros2_ws/install/webots_ros2_driver/include/webots/cpp/webots/Skin.hpp
[0.964s] -- Up-to-date: /home/jinwoo/webots_ros2_ws/install/webots_ros2_driver/include/webots/cpp/webots/Camera.hpp
[0.964s] -- Up-to-date: /home/jinwoo/webots_ros2_ws/install/webots_ros2_driver/include/webots/cpp/webots/PositionSensor.hpp
[0.964s] -- Up-to-date: /home/jinwoo/webots_ros2_ws/install/webots_ros2_driver/include/webots/cpp/webots/Emitter.hpp
[0.964s] -- Up-to-date: /home/jinwoo/webots_ros2_ws/install/webots_ros2_driver/include/webots/cpp/webots/Joystick.hpp
[0.964s] -- Up-to-date: /home/jinwoo/webots_ros2_ws/install/webots_ros2_driver/lib/controller
[0.964s] -- Installing: /home/jinwoo/webots_ros2_ws/install/webots_ros2_driver/lib/controller/libdriver.so
[0.964s] -- Up-to-date: /home/jinwoo/webots_ros2_ws/install/webots_ros2_driver/lib/controller/.gitignore
[0.964s] -- Installing: /home/jinwoo/webots_ros2_ws/install/webots_ros2_driver/lib/controller/libgeneric_robot_window.so
[0.964s] -- Installing: /home/jinwoo/webots_ros2_ws/install/webots_ros2_driver/lib/controller/libCppCar.so
[0.964s] -- Installing: /home/jinwoo/webots_ros2_ws/install/webots_ros2_driver/lib/controller/libcar.so
[0.964s] -- Installing: /home/jinwoo/webots_ros2_ws/install/webots_ros2_driver/lib/controller/libCppDriver.so
[0.964s] -- Up-to-date: /home/jinwoo/webots_ros2_ws/install/webots_ros2_driver/lib/controller/libCppController.so
[0.964s] -- Up-to-date: /home/jinwoo/webots_ros2_ws/install/webots_ros2_driver/lib/controller/libController.so
[0.964s] -- Up-to-date: /home/jinwoo/webots_ros2_ws/install/webots_ros2_driver/share/webots_ros2_driver/webots_ros2_imu.xml
[0.964s] -- Up-to-date: /home/jinwoo/webots_ros2_ws/install/webots_ros2_driver/share/webots_ros2_driver/webots_ros2_rgbd.xml
[0.965s] -- Up-to-date: /home/jinwoo/webots_ros2_ws/install/webots_ros2_driver/lib/webots_ros2_driver/ros2_supervisor.py
[0.965s] -- Up-to-date: /home/jinwoo/webots_ros2_ws/install/webots_ros2_driver/share/webots_ros2_driver/scripts
[0.965s] -- Up-to-date: /home/jinwoo/webots_ros2_ws/install/webots_ros2_driver/share/webots_ros2_driver/scripts/webots_tcp_client.py
[0.965s] -- Up-to-date: /home/jinwoo/webots_ros2_ws/install/webots_ros2_driver/share/webots_ros2_driver/scripts/webots-controller
[0.965s] -- Up-to-date: /home/jinwoo/webots_ros2_ws/install/webots_ros2_driver/share/webots_ros2_driver/environment/library_path.sh
[0.965s] -- Up-to-date: /home/jinwoo/webots_ros2_ws/install/webots_ros2_driver/share/webots_ros2_driver/environment/library_path.dsv
[0.965s] -- Up-to-date: /home/jinwoo/webots_ros2_ws/install/webots_ros2_driver/share/ament_index/resource_index/package_run_dependencies/webots_ros2_driver
[0.966s] -- Up-to-date: /home/jinwoo/webots_ros2_ws/install/webots_ros2_driver/share/ament_index/resource_index/parent_prefix_path/webots_ros2_driver
[0.966s] -- Up-to-date: /home/jinwoo/webots_ros2_ws/install/webots_ros2_driver/share/webots_ros2_driver/environment/ament_prefix_path.sh
[0.966s] -- Up-to-date: /home/jinwoo/webots_ros2_ws/install/webots_ros2_driver/share/webots_ros2_driver/environment/ament_prefix_path.dsv
[0.966s] -- Up-to-date: /home/jinwoo/webots_ros2_ws/install/webots_ros2_driver/share/webots_ros2_driver/environment/path.sh
[0.966s] -- Up-to-date: /home/jinwoo/webots_ros2_ws/install/webots_ros2_driver/share/webots_ros2_driver/environment/path.dsv
[0.966s] -- Up-to-date: /home/jinwoo/webots_ros2_ws/install/webots_ros2_driver/share/webots_ros2_driver/local_setup.bash
[0.966s] -- Up-to-date: /home/jinwoo/webots_ros2_ws/install/webots_ros2_driver/share/webots_ros2_driver/local_setup.sh
[0.966s] -- Up-to-date: /home/jinwoo/webots_ros2_ws/install/webots_ros2_driver/share/webots_ros2_driver/local_setup.zsh
[0.966s] -- Up-to-date: /home/jinwoo/webots_ros2_ws/install/webots_ros2_driver/share/webots_ros2_driver/local_setup.dsv
[0.966s] -- Installing: /home/jinwoo/webots_ros2_ws/install/webots_ros2_driver/share/webots_ros2_driver/package.dsv
[0.966s] -- Up-to-date: /home/jinwoo/webots_ros2_ws/install/webots_ros2_driver/share/ament_index/resource_index/packages/webots_ros2_driver
[0.966s] -- Up-to-date: /home/jinwoo/webots_ros2_ws/install/webots_ros2_driver/share/ament_index/resource_index/webots_ros2_driver__pluginlib__plugin/webots_ros2_driver
[0.966s] -- Up-to-date: /home/jinwoo/webots_ros2_ws/install/webots_ros2_driver/share/webots_ros2_driver/cmake/ament_cmake_export_include_directories-extras.cmake
[0.966s] -- Up-to-date: /home/jinwoo/webots_ros2_ws/install/webots_ros2_driver/share/webots_ros2_driver/cmake/ament_cmake_export_dependencies-extras.cmake
[0.966s] -- Up-to-date: /home/jinwoo/webots_ros2_ws/install/webots_ros2_driver/share/webots_ros2_driver/cmake/ament_cmake_export_libraries-extras.cmake
[0.966s] -- Up-to-date: /home/jinwoo/webots_ros2_ws/install/webots_ros2_driver/share/webots_ros2_driver/cmake/webots_ros2_driverConfig.cmake
[0.966s] -- Up-to-date: /home/jinwoo/webots_ros2_ws/install/webots_ros2_driver/share/webots_ros2_driver/cmake/webots_ros2_driverConfig-version.cmake
[0.966s] -- Up-to-date: /home/jinwoo/webots_ros2_ws/install/webots_ros2_driver/share/webots_ros2_driver/package.xml
[0.966s] Invoked command in '/home/jinwoo/webots_ros2_ws/build/webots_ros2_driver' returned '0': CMAKE_PREFIX_PATH=/home/jinwoo/webots_ros2_ws/install/webots_ros2_msgs:/home/jinwoo/webots_ros2_ws/install/webots_ros2_control:/home/jinwoo/webots_ros2_ws/install/webots_ros2_driver:/home/jinwoo/webots_ros2_ws/install/bt_image_capture:/home/jinwoo/webots_ros2_ws/install/webots_ros2:/home/jinwoo/webots_ros2_ws/install/webots_ros2_turtlebot:/home/jinwoo/webots_ros2_ws/install/webots_ros2_tests:/opt/ros/humble LD_LIBRARY_PATH=/home/jinwoo/webots_ros2_ws/install/webots_ros2_msgs/lib:/home/jinwoo/webots_ros2_ws/install/webots_ros2_control/lib:/home/jinwoo/webots_ros2_ws/install/webots_ros2_driver/lib:/opt/ros/humble/opt/rviz_ogre_vendor/lib:/opt/ros/humble/lib/x86_64-linux-gnu:/opt/ros/humble/lib /usr/bin/cmake --install /home/jinwoo/webots_ros2_ws/build/webots_ros2_driver
