running egg_info
creating ../../build/bt_image_capture/bt_image_capture.egg-info
writing ../../build/bt_image_capture/bt_image_capture.egg-info/PKG-INFO
writing dependency_links to ../../build/bt_image_capture/bt_image_capture.egg-info/dependency_links.txt
writing entry points to ../../build/bt_image_capture/bt_image_capture.egg-info/entry_points.txt
writing requirements to ../../build/bt_image_capture/bt_image_capture.egg-info/requires.txt
writing top-level names to ../../build/bt_image_capture/bt_image_capture.egg-info/top_level.txt
writing manifest file '../../build/bt_image_capture/bt_image_capture.egg-info/SOURCES.txt'
reading manifest file '../../build/bt_image_capture/bt_image_capture.egg-info/SOURCES.txt'
writing manifest file '../../build/bt_image_capture/bt_image_capture.egg-info/SOURCES.txt'
running build
running build_py
creating /home/jinwoo/webots_ros2_ws/build/bt_image_capture/build
creating /home/jinwoo/webots_ros2_ws/build/bt_image_capture/build/lib
creating /home/jinwoo/webots_ros2_ws/build/bt_image_capture/build/lib/bt_image_capture
copying bt_image_capture/take_picture_node.py -> /home/jinwoo/webots_ros2_ws/build/bt_image_capture/build/lib/bt_image_capture
copying bt_image_capture/__init__.py -> /home/jinwoo/webots_ros2_ws/build/bt_image_capture/build/lib/bt_image_capture
running install
running install_lib
creating /home/jinwoo/webots_ros2_ws/install/bt_image_capture/lib/python3.10/site-packages/bt_image_capture
copying /home/jinwoo/webots_ros2_ws/build/bt_image_capture/build/lib/bt_image_capture/take_picture_node.py -> /home/jinwoo/webots_ros2_ws/install/bt_image_capture/lib/python3.10/site-packages/bt_image_capture
copying /home/jinwoo/webots_ros2_ws/build/bt_image_capture/build/lib/bt_image_capture/__init__.py -> /home/jinwoo/webots_ros2_ws/install/bt_image_capture/lib/python3.10/site-packages/bt_image_capture
byte-compiling /home/jinwoo/webots_ros2_ws/install/bt_image_capture/lib/python3.10/site-packages/bt_image_capture/take_picture_node.py to take_picture_node.cpython-310.pyc
byte-compiling /home/jinwoo/webots_ros2_ws/install/bt_image_capture/lib/python3.10/site-packages/bt_image_capture/__init__.py to __init__.cpython-310.pyc
running install_data
creating /home/jinwoo/webots_ros2_ws/install/bt_image_capture/share/ament_index
creating /home/jinwoo/webots_ros2_ws/install/bt_image_capture/share/ament_index/resource_index
creating /home/jinwoo/webots_ros2_ws/install/bt_image_capture/share/ament_index/resource_index/packages
copying resource/bt_image_capture -> /home/jinwoo/webots_ros2_ws/install/bt_image_capture/share/ament_index/resource_index/packages
copying package.xml -> /home/jinwoo/webots_ros2_ws/install/bt_image_capture/share/bt_image_capture
running install_egg_info
Copying ../../build/bt_image_capture/bt_image_capture.egg-info to /home/jinwoo/webots_ros2_ws/install/bt_image_capture/lib/python3.10/site-packages/bt_image_capture-0.0.0-py3.10.egg-info
running install_scripts
Installing bt_take_picture script to /home/jinwoo/webots_ros2_ws/install/bt_image_capture/lib/bt_image_capture
writing list of installed files to '/home/jinwoo/webots_ros2_ws/build/bt_image_capture/install.log'
