[0.010s] Invoking command in '/home/jinwoo/webots_ros2_ws/build/webots_ros2_control': CMAKE_PREFIX_PATH=/home/jinwoo/webots_ros2_ws/install/webots_ros2_driver:/home/jinwoo/webots_ros2_ws/install/webots_ros2_msgs:/home/jinwoo/webots_ros2_ws/install/webots_ros2_control:/home/jinwoo/webots_ros2_ws/install/webots_ros2:/home/jinwoo/webots_ros2_ws/install/webots_ros2_turtlebot:/home/jinwoo/webots_ros2_ws/install/webots_ros2_tests:/home/jinwoo/webots_ros2_ws/install/bt_image_capture:/opt/ros/humble LD_LIBRARY_PATH=/home/jinwoo/webots_ros2_ws/install/webots_ros2_driver/lib:/home/jinwoo/webots_ros2_ws/install/webots_ros2_msgs/lib:/home/jinwoo/webots_ros2_ws/install/webots_ros2_control/lib:/opt/ros/humble/opt/rviz_ogre_vendor/lib:/opt/ros/humble/lib/x86_64-linux-gnu:/opt/ros/humble/lib /usr/bin/cmake /home/jinwoo/webots_ros2_ws/src/webots_ros2/webots_ros2_control -DCMAKE_INSTALL_PREFIX=/home/jinwoo/webots_ros2_ws/install/webots_ros2_control
[0.052s] -- The C compiler identification is GNU 11.4.0
[0.091s] -- The CXX compiler identification is GNU 11.4.0
[0.095s] -- Detecting C compiler ABI info
[0.143s] -- Detecting C compiler ABI info - done
[0.147s] -- Check for working C compiler: /usr/bin/cc - skipped
[0.147s] -- Detecting C compile features
[0.148s] -- Detecting C compile features - done
[0.149s] -- Detecting CXX compiler ABI info
[0.204s] -- Detecting CXX compiler ABI info - done
[0.208s] -- Check for working CXX compiler: /usr/bin/c++ - skipped
[0.208s] -- Detecting CXX compile features
[0.209s] -- Detecting CXX compile features - done
[0.210s] -- Found ament_cmake: 1.3.12 (/opt/ros/humble/share/ament_cmake/cmake)
[0.316s] -- Found Python3: /usr/bin/python3 (found version "3.10.12") found components: Interpreter 
[0.370s] -- Found hardware_interface: 2.52.0 (/opt/ros/humble/share/hardware_interface/cmake)
[0.392s] -- Found rosidl_generator_c: 3.1.7 (/opt/ros/humble/share/rosidl_generator_c/cmake)
[0.395s] -- Found rosidl_adapter: 3.1.7 (/opt/ros/humble/share/rosidl_adapter/cmake)
[0.400s] -- Found rosidl_generator_cpp: 3.1.7 (/opt/ros/humble/share/rosidl_generator_cpp/cmake)
[0.407s] -- Using all available rosidl_typesupport_c: rosidl_typesupport_fastrtps_c;rosidl_typesupport_introspection_c
[0.417s] -- Using all available rosidl_typesupport_cpp: rosidl_typesupport_fastrtps_cpp;rosidl_typesupport_introspection_cpp
[0.537s] -- Found rmw_implementation_cmake: 6.1.2 (/opt/ros/humble/share/rmw_implementation_cmake/cmake)
[0.539s] -- Found rmw_fastrtps_cpp: 6.2.8 (/opt/ros/humble/share/rmw_fastrtps_cpp/cmake)
[0.554s] -- Found TinyXML2 via Config file: TinyXML2_DIR-NOTFOUND
[0.607s] -- Found OpenSSL: /usr/lib/x86_64-linux-gnu/libcrypto.so (found version "3.0.2")  
[0.609s] -- Found TinyXML2 via Config file: TinyXML2_DIR-NOTFOUND
[0.621s] -- Found FastRTPS: /opt/ros/humble/include  
[0.623s] -- Found TinyXML2 via Config file: TinyXML2_DIR-NOTFOUND
[0.630s] -- Found TinyXML2 via Config file: TinyXML2_DIR-NOTFOUND
[0.640s] -- Using RMW implementation 'rmw_fastrtps_cpp' as default
[0.645s] -- Looking for pthread.h
[0.703s] -- Looking for pthread.h - found
[0.703s] -- Performing Test CMAKE_HAVE_LIBC_PTHREAD
[0.759s] -- Performing Test CMAKE_HAVE_LIBC_PTHREAD - Success
[0.760s] -- Found Threads: TRUE  
[0.788s] -- Found controller_manager: 2.52.0 (/opt/ros/humble/share/controller_manager/cmake)
[0.809s] -- Found webots_ros2_driver: 2025.0.1 (/home/jinwoo/webots_ros2_ws/install/webots_ros2_driver/share/webots_ros2_driver/cmake)
[0.820s] -- Found eigen3_cmake_module: 0.1.1 (/opt/ros/humble/share/eigen3_cmake_module/cmake)
[0.821s] -- Found Eigen3: TRUE (found version "3.4.0") 
[0.821s] -- Ensuring Eigen3 include directory is part of orocos-kdl CMake target
[0.940s] -- Configuring done
[0.966s] -- Generating done
[0.971s] -- Build files have been written to: /home/jinwoo/webots_ros2_ws/build/webots_ros2_control
[0.981s] Invoked command in '/home/jinwoo/webots_ros2_ws/build/webots_ros2_control' returned '0': CMAKE_PREFIX_PATH=/home/jinwoo/webots_ros2_ws/install/webots_ros2_driver:/home/jinwoo/webots_ros2_ws/install/webots_ros2_msgs:/home/jinwoo/webots_ros2_ws/install/webots_ros2_control:/home/jinwoo/webots_ros2_ws/install/webots_ros2:/home/jinwoo/webots_ros2_ws/install/webots_ros2_turtlebot:/home/jinwoo/webots_ros2_ws/install/webots_ros2_tests:/home/jinwoo/webots_ros2_ws/install/bt_image_capture:/opt/ros/humble LD_LIBRARY_PATH=/home/jinwoo/webots_ros2_ws/install/webots_ros2_driver/lib:/home/jinwoo/webots_ros2_ws/install/webots_ros2_msgs/lib:/home/jinwoo/webots_ros2_ws/install/webots_ros2_control/lib:/opt/ros/humble/opt/rviz_ogre_vendor/lib:/opt/ros/humble/lib/x86_64-linux-gnu:/opt/ros/humble/lib /usr/bin/cmake /home/jinwoo/webots_ros2_ws/src/webots_ros2/webots_ros2_control -DCMAKE_INSTALL_PREFIX=/home/jinwoo/webots_ros2_ws/install/webots_ros2_control
[0.983s] Invoking command in '/home/jinwoo/webots_ros2_ws/build/webots_ros2_control': CMAKE_PREFIX_PATH=/home/jinwoo/webots_ros2_ws/install/webots_ros2_driver:/home/jinwoo/webots_ros2_ws/install/webots_ros2_msgs:/home/jinwoo/webots_ros2_ws/install/webots_ros2_control:/home/jinwoo/webots_ros2_ws/install/webots_ros2:/home/jinwoo/webots_ros2_ws/install/webots_ros2_turtlebot:/home/jinwoo/webots_ros2_ws/install/webots_ros2_tests:/home/jinwoo/webots_ros2_ws/install/bt_image_capture:/opt/ros/humble LD_LIBRARY_PATH=/home/jinwoo/webots_ros2_ws/install/webots_ros2_driver/lib:/home/jinwoo/webots_ros2_ws/install/webots_ros2_msgs/lib:/home/jinwoo/webots_ros2_ws/install/webots_ros2_control/lib:/opt/ros/humble/opt/rviz_ogre_vendor/lib:/opt/ros/humble/lib/x86_64-linux-gnu:/opt/ros/humble/lib /usr/bin/cmake --build /home/jinwoo/webots_ros2_ws/build/webots_ros2_control -- -j18 -l18
[1.023s] [ 25%] [32mBuilding CXX object CMakeFiles/webots_ros2_control.dir/src/Ros2Control.cpp.o[0m
[1.024s] [ 50%] [32mBuilding CXX object CMakeFiles/webots_ros2_control_system.dir/src/Ros2ControlSystem.cpp.o[0m
[3.469s] [ 75%] [32m[1mLinking CXX shared library libwebots_ros2_control_system.so[0m
[3.584s] [ 75%] Built target webots_ros2_control_system
[5.036s] [100%] [32m[1mLinking CXX shared library libwebots_ros2_control.so[0m
[5.265s] [100%] Built target webots_ros2_control
[5.275s] Invoked command in '/home/jinwoo/webots_ros2_ws/build/webots_ros2_control' returned '0': CMAKE_PREFIX_PATH=/home/jinwoo/webots_ros2_ws/install/webots_ros2_driver:/home/jinwoo/webots_ros2_ws/install/webots_ros2_msgs:/home/jinwoo/webots_ros2_ws/install/webots_ros2_control:/home/jinwoo/webots_ros2_ws/install/webots_ros2:/home/jinwoo/webots_ros2_ws/install/webots_ros2_turtlebot:/home/jinwoo/webots_ros2_ws/install/webots_ros2_tests:/home/jinwoo/webots_ros2_ws/install/bt_image_capture:/opt/ros/humble LD_LIBRARY_PATH=/home/jinwoo/webots_ros2_ws/install/webots_ros2_driver/lib:/home/jinwoo/webots_ros2_ws/install/webots_ros2_msgs/lib:/home/jinwoo/webots_ros2_ws/install/webots_ros2_control/lib:/opt/ros/humble/opt/rviz_ogre_vendor/lib:/opt/ros/humble/lib/x86_64-linux-gnu:/opt/ros/humble/lib /usr/bin/cmake --build /home/jinwoo/webots_ros2_ws/build/webots_ros2_control -- -j18 -l18
[5.276s] Invoking command in '/home/jinwoo/webots_ros2_ws/build/webots_ros2_control': CMAKE_PREFIX_PATH=/home/jinwoo/webots_ros2_ws/install/webots_ros2_driver:/home/jinwoo/webots_ros2_ws/install/webots_ros2_msgs:/home/jinwoo/webots_ros2_ws/install/webots_ros2_control:/home/jinwoo/webots_ros2_ws/install/webots_ros2:/home/jinwoo/webots_ros2_ws/install/webots_ros2_turtlebot:/home/jinwoo/webots_ros2_ws/install/webots_ros2_tests:/home/jinwoo/webots_ros2_ws/install/bt_image_capture:/opt/ros/humble LD_LIBRARY_PATH=/home/jinwoo/webots_ros2_ws/install/webots_ros2_driver/lib:/home/jinwoo/webots_ros2_ws/install/webots_ros2_msgs/lib:/home/jinwoo/webots_ros2_ws/install/webots_ros2_control/lib:/opt/ros/humble/opt/rviz_ogre_vendor/lib:/opt/ros/humble/lib/x86_64-linux-gnu:/opt/ros/humble/lib /usr/bin/cmake --install /home/jinwoo/webots_ros2_ws/build/webots_ros2_control
[5.282s] -- Install configuration: ""
[5.282s] -- Installing: /home/jinwoo/webots_ros2_ws/install/webots_ros2_control/share/webots_ros2_control/webots_ros2_control.xml
[5.282s] -- Installing: /home/jinwoo/webots_ros2_ws/install/webots_ros2_control/share/webots_ros2_control/webots_ros2_control_system.xml
[5.282s] -- Installing: /home/jinwoo/webots_ros2_ws/install/webots_ros2_control/lib/libwebots_ros2_control.so
[5.284s] -- Set runtime path of "/home/jinwoo/webots_ros2_ws/install/webots_ros2_control/lib/libwebots_ros2_control.so" to ""
[5.284s] -- Installing: /home/jinwoo/webots_ros2_ws/install/webots_ros2_control/lib/libwebots_ros2_control_system.so
[5.285s] -- Set runtime path of "/home/jinwoo/webots_ros2_ws/install/webots_ros2_control/lib/libwebots_ros2_control_system.so" to ""
[5.285s] -- Installing: /home/jinwoo/webots_ros2_ws/install/webots_ros2_control/include
[5.285s] -- Installing: /home/jinwoo/webots_ros2_ws/install/webots_ros2_control/include/webots_ros2_control
[5.285s] -- Installing: /home/jinwoo/webots_ros2_ws/install/webots_ros2_control/include/webots_ros2_control/Ros2ControlSystemInterface.hpp
[5.285s] -- Installing: /home/jinwoo/webots_ros2_ws/install/webots_ros2_control/include/webots_ros2_control/Ros2Control.hpp
[5.285s] -- Installing: /home/jinwoo/webots_ros2_ws/install/webots_ros2_control/include/webots_ros2_control/Ros2ControlSystem.hpp
[5.285s] -- Installing: /home/jinwoo/webots_ros2_ws/install/webots_ros2_control/share/webots_ros2_control/environment/library_path.sh
[5.285s] -- Installing: /home/jinwoo/webots_ros2_ws/install/webots_ros2_control/share/webots_ros2_control/environment/library_path.dsv
[5.286s] -- Installing: /home/jinwoo/webots_ros2_ws/install/webots_ros2_control/share/ament_index/resource_index/package_run_dependencies/webots_ros2_control
[5.286s] -- Installing: /home/jinwoo/webots_ros2_ws/install/webots_ros2_control/share/ament_index/resource_index/parent_prefix_path/webots_ros2_control
[5.286s] -- Installing: /home/jinwoo/webots_ros2_ws/install/webots_ros2_control/share/webots_ros2_control/environment/ament_prefix_path.sh
[5.286s] -- Installing: /home/jinwoo/webots_ros2_ws/install/webots_ros2_control/share/webots_ros2_control/environment/ament_prefix_path.dsv
[5.286s] -- Installing: /home/jinwoo/webots_ros2_ws/install/webots_ros2_control/share/webots_ros2_control/environment/path.sh
[5.286s] -- Installing: /home/jinwoo/webots_ros2_ws/install/webots_ros2_control/share/webots_ros2_control/environment/path.dsv
[5.286s] -- Installing: /home/jinwoo/webots_ros2_ws/install/webots_ros2_control/share/webots_ros2_control/local_setup.bash
[5.286s] -- Installing: /home/jinwoo/webots_ros2_ws/install/webots_ros2_control/share/webots_ros2_control/local_setup.sh
[5.286s] -- Installing: /home/jinwoo/webots_ros2_ws/install/webots_ros2_control/share/webots_ros2_control/local_setup.zsh
[5.286s] -- Installing: /home/jinwoo/webots_ros2_ws/install/webots_ros2_control/share/webots_ros2_control/local_setup.dsv
[5.286s] -- Installing: /home/jinwoo/webots_ros2_ws/install/webots_ros2_control/share/webots_ros2_control/package.dsv
[5.286s] -- Installing: /home/jinwoo/webots_ros2_ws/install/webots_ros2_control/share/ament_index/resource_index/packages/webots_ros2_control
[5.287s] -- Installing: /home/jinwoo/webots_ros2_ws/install/webots_ros2_control/share/ament_index/resource_index/webots_ros2_driver__pluginlib__plugin/webots_ros2_control
[5.287s] -- Installing: /home/jinwoo/webots_ros2_ws/install/webots_ros2_control/share/ament_index/resource_index/webots_ros2_control__pluginlib__plugin/webots_ros2_control
[5.287s] -- Installing: /home/jinwoo/webots_ros2_ws/install/webots_ros2_control/share/webots_ros2_control/cmake/ament_cmake_export_include_directories-extras.cmake
[5.287s] -- Installing: /home/jinwoo/webots_ros2_ws/install/webots_ros2_control/share/webots_ros2_control/cmake/ament_cmake_export_dependencies-extras.cmake
[5.287s] -- Installing: /home/jinwoo/webots_ros2_ws/install/webots_ros2_control/share/webots_ros2_control/cmake/ament_cmake_export_libraries-extras.cmake
[5.287s] -- Installing: /home/jinwoo/webots_ros2_ws/install/webots_ros2_control/share/webots_ros2_control/cmake/webots_ros2_controlConfig.cmake
[5.287s] -- Installing: /home/jinwoo/webots_ros2_ws/install/webots_ros2_control/share/webots_ros2_control/cmake/webots_ros2_controlConfig-version.cmake
[5.287s] -- Installing: /home/jinwoo/webots_ros2_ws/install/webots_ros2_control/share/webots_ros2_control/package.xml
[5.289s] Invoked command in '/home/jinwoo/webots_ros2_ws/build/webots_ros2_control' returned '0': CMAKE_PREFIX_PATH=/home/jinwoo/webots_ros2_ws/install/webots_ros2_driver:/home/jinwoo/webots_ros2_ws/install/webots_ros2_msgs:/home/jinwoo/webots_ros2_ws/install/webots_ros2_control:/home/jinwoo/webots_ros2_ws/install/webots_ros2:/home/jinwoo/webots_ros2_ws/install/webots_ros2_turtlebot:/home/jinwoo/webots_ros2_ws/install/webots_ros2_tests:/home/jinwoo/webots_ros2_ws/install/bt_image_capture:/opt/ros/humble LD_LIBRARY_PATH=/home/jinwoo/webots_ros2_ws/install/webots_ros2_driver/lib:/home/jinwoo/webots_ros2_ws/install/webots_ros2_msgs/lib:/home/jinwoo/webots_ros2_ws/install/webots_ros2_control/lib:/opt/ros/humble/opt/rviz_ogre_vendor/lib:/opt/ros/humble/lib/x86_64-linux-gnu:/opt/ros/humble/lib /usr/bin/cmake --install /home/jinwoo/webots_ros2_ws/build/webots_ros2_control
