[0.010s] Invoking command in '/home/jinwoo/webots_ros2_ws/build/webots_ros2_control': CMAKE_PREFIX_PATH=/home/jinwoo/webots_ros2_ws/install/webots_ros2_driver:/home/jinwoo/webots_ros2_ws/install/webots_ros2_msgs:/home/jinwoo/webots_ros2_ws/install/webots_ros2_control:/home/jinwoo/webots_ros2_ws/install/webots_ros2:/home/jinwoo/webots_ros2_ws/install/webots_ros2_turtlebot:/home/jinwoo/webots_ros2_ws/install/webots_ros2_tests:/home/jinwoo/webots_ros2_ws/install/bt_image_capture:/opt/ros/humble LD_LIBRARY_PATH=/home/jinwoo/webots_ros2_ws/install/webots_ros2_driver/lib:/home/jinwoo/webots_ros2_ws/install/webots_ros2_msgs/lib:/home/jinwoo/webots_ros2_ws/install/webots_ros2_control/lib:/opt/ros/humble/opt/rviz_ogre_vendor/lib:/opt/ros/humble/lib/x86_64-linux-gnu:/opt/ros/humble/lib /usr/bin/cmake --build /home/jinwoo/webots_ros2_ws/build/webots_ros2_control -- -j18 -l18
[0.065s] [ 50%] [32m[1mLinking CXX shared library libwebots_ros2_control_system.so[0m
[0.065s] [ 50%] [32m[1mLinking CXX shared library libwebots_ros2_control.so[0m
[0.188s] [ 75%] Built target webots_ros2_control_system
[0.292s] [100%] Built target webots_ros2_control
[0.303s] Invoked command in '/home/jinwoo/webots_ros2_ws/build/webots_ros2_control' returned '0': CMAKE_PREFIX_PATH=/home/jinwoo/webots_ros2_ws/install/webots_ros2_driver:/home/jinwoo/webots_ros2_ws/install/webots_ros2_msgs:/home/jinwoo/webots_ros2_ws/install/webots_ros2_control:/home/jinwoo/webots_ros2_ws/install/webots_ros2:/home/jinwoo/webots_ros2_ws/install/webots_ros2_turtlebot:/home/jinwoo/webots_ros2_ws/install/webots_ros2_tests:/home/jinwoo/webots_ros2_ws/install/bt_image_capture:/opt/ros/humble LD_LIBRARY_PATH=/home/jinwoo/webots_ros2_ws/install/webots_ros2_driver/lib:/home/jinwoo/webots_ros2_ws/install/webots_ros2_msgs/lib:/home/jinwoo/webots_ros2_ws/install/webots_ros2_control/lib:/opt/ros/humble/opt/rviz_ogre_vendor/lib:/opt/ros/humble/lib/x86_64-linux-gnu:/opt/ros/humble/lib /usr/bin/cmake --build /home/jinwoo/webots_ros2_ws/build/webots_ros2_control -- -j18 -l18
[0.305s] Invoking command in '/home/jinwoo/webots_ros2_ws/build/webots_ros2_control': CMAKE_PREFIX_PATH=/home/jinwoo/webots_ros2_ws/install/webots_ros2_driver:/home/jinwoo/webots_ros2_ws/install/webots_ros2_msgs:/home/jinwoo/webots_ros2_ws/install/webots_ros2_control:/home/jinwoo/webots_ros2_ws/install/webots_ros2:/home/jinwoo/webots_ros2_ws/install/webots_ros2_turtlebot:/home/jinwoo/webots_ros2_ws/install/webots_ros2_tests:/home/jinwoo/webots_ros2_ws/install/bt_image_capture:/opt/ros/humble LD_LIBRARY_PATH=/home/jinwoo/webots_ros2_ws/install/webots_ros2_driver/lib:/home/jinwoo/webots_ros2_ws/install/webots_ros2_msgs/lib:/home/jinwoo/webots_ros2_ws/install/webots_ros2_control/lib:/opt/ros/humble/opt/rviz_ogre_vendor/lib:/opt/ros/humble/lib/x86_64-linux-gnu:/opt/ros/humble/lib /usr/bin/cmake --install /home/jinwoo/webots_ros2_ws/build/webots_ros2_control
[0.312s] -- Install configuration: ""
[0.312s] -- Up-to-date: /home/jinwoo/webots_ros2_ws/install/webots_ros2_control/share/webots_ros2_control/webots_ros2_control.xml
[0.312s] -- Up-to-date: /home/jinwoo/webots_ros2_ws/install/webots_ros2_control/share/webots_ros2_control/webots_ros2_control_system.xml
[0.312s] -- Installing: /home/jinwoo/webots_ros2_ws/install/webots_ros2_control/lib/libwebots_ros2_control.so
[0.314s] -- Set runtime path of "/home/jinwoo/webots_ros2_ws/install/webots_ros2_control/lib/libwebots_ros2_control.so" to ""
[0.314s] -- Installing: /home/jinwoo/webots_ros2_ws/install/webots_ros2_control/lib/libwebots_ros2_control_system.so
[0.315s] -- Set runtime path of "/home/jinwoo/webots_ros2_ws/install/webots_ros2_control/lib/libwebots_ros2_control_system.so" to ""
[0.315s] -- Up-to-date: /home/jinwoo/webots_ros2_ws/install/webots_ros2_control/include
[0.315s] -- Up-to-date: /home/jinwoo/webots_ros2_ws/install/webots_ros2_control/include/webots_ros2_control
[0.315s] -- Up-to-date: /home/jinwoo/webots_ros2_ws/install/webots_ros2_control/include/webots_ros2_control/Ros2ControlSystemInterface.hpp
[0.315s] -- Up-to-date: /home/jinwoo/webots_ros2_ws/install/webots_ros2_control/include/webots_ros2_control/Ros2Control.hpp
[0.315s] -- Up-to-date: /home/jinwoo/webots_ros2_ws/install/webots_ros2_control/include/webots_ros2_control/Ros2ControlSystem.hpp
[0.315s] -- Up-to-date: /home/jinwoo/webots_ros2_ws/install/webots_ros2_control/share/webots_ros2_control/environment/library_path.sh
[0.316s] -- Up-to-date: /home/jinwoo/webots_ros2_ws/install/webots_ros2_control/share/webots_ros2_control/environment/library_path.dsv
[0.316s] -- Up-to-date: /home/jinwoo/webots_ros2_ws/install/webots_ros2_control/share/ament_index/resource_index/package_run_dependencies/webots_ros2_control
[0.316s] -- Up-to-date: /home/jinwoo/webots_ros2_ws/install/webots_ros2_control/share/ament_index/resource_index/parent_prefix_path/webots_ros2_control
[0.316s] -- Up-to-date: /home/jinwoo/webots_ros2_ws/install/webots_ros2_control/share/webots_ros2_control/environment/ament_prefix_path.sh
[0.316s] -- Up-to-date: /home/jinwoo/webots_ros2_ws/install/webots_ros2_control/share/webots_ros2_control/environment/ament_prefix_path.dsv
[0.316s] -- Up-to-date: /home/jinwoo/webots_ros2_ws/install/webots_ros2_control/share/webots_ros2_control/environment/path.sh
[0.316s] -- Up-to-date: /home/jinwoo/webots_ros2_ws/install/webots_ros2_control/share/webots_ros2_control/environment/path.dsv
[0.316s] -- Up-to-date: /home/jinwoo/webots_ros2_ws/install/webots_ros2_control/share/webots_ros2_control/local_setup.bash
[0.316s] -- Up-to-date: /home/jinwoo/webots_ros2_ws/install/webots_ros2_control/share/webots_ros2_control/local_setup.sh
[0.316s] -- Up-to-date: /home/jinwoo/webots_ros2_ws/install/webots_ros2_control/share/webots_ros2_control/local_setup.zsh
[0.316s] -- Up-to-date: /home/jinwoo/webots_ros2_ws/install/webots_ros2_control/share/webots_ros2_control/local_setup.dsv
[0.316s] -- Installing: /home/jinwoo/webots_ros2_ws/install/webots_ros2_control/share/webots_ros2_control/package.dsv
[0.316s] -- Up-to-date: /home/jinwoo/webots_ros2_ws/install/webots_ros2_control/share/ament_index/resource_index/packages/webots_ros2_control
[0.316s] -- Up-to-date: /home/jinwoo/webots_ros2_ws/install/webots_ros2_control/share/ament_index/resource_index/webots_ros2_driver__pluginlib__plugin/webots_ros2_control
[0.316s] -- Up-to-date: /home/jinwoo/webots_ros2_ws/install/webots_ros2_control/share/ament_index/resource_index/webots_ros2_control__pluginlib__plugin/webots_ros2_control
[0.316s] -- Up-to-date: /home/jinwoo/webots_ros2_ws/install/webots_ros2_control/share/webots_ros2_control/cmake/ament_cmake_export_include_directories-extras.cmake
[0.316s] -- Up-to-date: /home/jinwoo/webots_ros2_ws/install/webots_ros2_control/share/webots_ros2_control/cmake/ament_cmake_export_dependencies-extras.cmake
[0.316s] -- Up-to-date: /home/jinwoo/webots_ros2_ws/install/webots_ros2_control/share/webots_ros2_control/cmake/ament_cmake_export_libraries-extras.cmake
[0.317s] -- Up-to-date: /home/jinwoo/webots_ros2_ws/install/webots_ros2_control/share/webots_ros2_control/cmake/webots_ros2_controlConfig.cmake
[0.317s] -- Up-to-date: /home/jinwoo/webots_ros2_ws/install/webots_ros2_control/share/webots_ros2_control/cmake/webots_ros2_controlConfig-version.cmake
[0.317s] -- Up-to-date: /home/jinwoo/webots_ros2_ws/install/webots_ros2_control/share/webots_ros2_control/package.xml
[0.318s] Invoked command in '/home/jinwoo/webots_ros2_ws/build/webots_ros2_control' returned '0': CMAKE_PREFIX_PATH=/home/jinwoo/webots_ros2_ws/install/webots_ros2_driver:/home/jinwoo/webots_ros2_ws/install/webots_ros2_msgs:/home/jinwoo/webots_ros2_ws/install/webots_ros2_control:/home/jinwoo/webots_ros2_ws/install/webots_ros2:/home/jinwoo/webots_ros2_ws/install/webots_ros2_turtlebot:/home/jinwoo/webots_ros2_ws/install/webots_ros2_tests:/home/jinwoo/webots_ros2_ws/install/bt_image_capture:/opt/ros/humble LD_LIBRARY_PATH=/home/jinwoo/webots_ros2_ws/install/webots_ros2_driver/lib:/home/jinwoo/webots_ros2_ws/install/webots_ros2_msgs/lib:/home/jinwoo/webots_ros2_ws/install/webots_ros2_control/lib:/opt/ros/humble/opt/rviz_ogre_vendor/lib:/opt/ros/humble/lib/x86_64-linux-gnu:/opt/ros/humble/lib /usr/bin/cmake --install /home/jinwoo/webots_ros2_ws/build/webots_ros2_control
