[0.402s] Invoking command in '/home/jinwoo/webots_ros2_ws/src/webots_ros2/webots_ros2_turtlebot': PYTHONPATH=/home/jinwoo/webots_ros2_ws/build/webots_ros2_turtlebot/prefix_override:/usr/lib/python3/dist-packages/colcon_core/task/python/colcon_distutils_commands:/home/jinwoo/webots_ros2_ws/install/webots_ros2_turtlebot/lib/python3.10/site-packages:${PYTHONPATH} /usr/bin/python3 -W ignore:setup.py install is deprecated -W ignore:easy_install command is deprecated setup.py egg_info --egg-base ../../../build/webots_ros2_turtlebot build --build-base /home/jinwoo/webots_ros2_ws/build/webots_ros2_turtlebot/build install --record /home/jinwoo/webots_ros2_ws/build/webots_ros2_turtlebot/install.log --single-version-externally-managed install_data
[0.545s] running egg_info
[0.546s] creating ../../../build/webots_ros2_turtlebot/webots_ros2_turtlebot.egg-info
[0.546s] writing ../../../build/webots_ros2_turtlebot/webots_ros2_turtlebot.egg-info/PKG-INFO
[0.546s] writing dependency_links to ../../../build/webots_ros2_turtlebot/webots_ros2_turtlebot.egg-info/dependency_links.txt
[0.546s] writing entry points to ../../../build/webots_ros2_turtlebot/webots_ros2_turtlebot.egg-info/entry_points.txt
[0.546s] writing requirements to ../../../build/webots_ros2_turtlebot/webots_ros2_turtlebot.egg-info/requires.txt
[0.546s] writing top-level names to ../../../build/webots_ros2_turtlebot/webots_ros2_turtlebot.egg-info/top_level.txt
[0.546s] writing manifest file '../../../build/webots_ros2_turtlebot/webots_ros2_turtlebot.egg-info/SOURCES.txt'
[0.547s] reading manifest file '../../../build/webots_ros2_turtlebot/webots_ros2_turtlebot.egg-info/SOURCES.txt'
[0.547s] writing manifest file '../../../build/webots_ros2_turtlebot/webots_ros2_turtlebot.egg-info/SOURCES.txt'
[0.547s] running build
[0.547s] running build_py
[0.547s] creating /home/jinwoo/webots_ros2_ws/build/webots_ros2_turtlebot/build
[0.547s] creating /home/jinwoo/webots_ros2_ws/build/webots_ros2_turtlebot/build/lib
[0.548s] creating /home/jinwoo/webots_ros2_ws/build/webots_ros2_turtlebot/build/lib/webots_ros2_turtlebot
[0.548s] copying webots_ros2_turtlebot/__init__.py -> /home/jinwoo/webots_ros2_ws/build/webots_ros2_turtlebot/build/lib/webots_ros2_turtlebot
[0.548s] copying webots_ros2_turtlebot/plugin_example.py -> /home/jinwoo/webots_ros2_ws/build/webots_ros2_turtlebot/build/lib/webots_ros2_turtlebot
[0.548s] running install
[0.548s] running install_lib
[0.548s] creating /home/jinwoo/webots_ros2_ws/install/webots_ros2_turtlebot/lib/python3.10/site-packages/webots_ros2_turtlebot
[0.548s] copying /home/jinwoo/webots_ros2_ws/build/webots_ros2_turtlebot/build/lib/webots_ros2_turtlebot/__init__.py -> /home/jinwoo/webots_ros2_ws/install/webots_ros2_turtlebot/lib/python3.10/site-packages/webots_ros2_turtlebot
[0.548s] copying /home/jinwoo/webots_ros2_ws/build/webots_ros2_turtlebot/build/lib/webots_ros2_turtlebot/plugin_example.py -> /home/jinwoo/webots_ros2_ws/install/webots_ros2_turtlebot/lib/python3.10/site-packages/webots_ros2_turtlebot
[0.548s] byte-compiling /home/jinwoo/webots_ros2_ws/install/webots_ros2_turtlebot/lib/python3.10/site-packages/webots_ros2_turtlebot/__init__.py to __init__.cpython-310.pyc
[0.548s] byte-compiling /home/jinwoo/webots_ros2_ws/install/webots_ros2_turtlebot/lib/python3.10/site-packages/webots_ros2_turtlebot/plugin_example.py to plugin_example.cpython-310.pyc
[0.549s] running install_data
[0.549s] creating /home/jinwoo/webots_ros2_ws/install/webots_ros2_turtlebot/share/ament_index
[0.549s] creating /home/jinwoo/webots_ros2_ws/install/webots_ros2_turtlebot/share/ament_index/resource_index
[0.549s] creating /home/jinwoo/webots_ros2_ws/install/webots_ros2_turtlebot/share/ament_index/resource_index/packages
[0.549s] copying resource/webots_ros2_turtlebot -> /home/jinwoo/webots_ros2_ws/install/webots_ros2_turtlebot/share/ament_index/resource_index/packages
[0.549s] creating /home/jinwoo/webots_ros2_ws/install/webots_ros2_turtlebot/share/webots_ros2_turtlebot/launch
[0.549s] copying launch/robot_launch.py -> /home/jinwoo/webots_ros2_ws/install/webots_ros2_turtlebot/share/webots_ros2_turtlebot/launch
[0.549s] creating /home/jinwoo/webots_ros2_ws/install/webots_ros2_turtlebot/share/webots_ros2_turtlebot/resource
[0.549s] copying resource/turtlebot3_burger_example_map.pgm -> /home/jinwoo/webots_ros2_ws/install/webots_ros2_turtlebot/share/webots_ros2_turtlebot/resource
[0.549s] copying resource/turtlebot3_burger_example_map.yaml -> /home/jinwoo/webots_ros2_ws/install/webots_ros2_turtlebot/share/webots_ros2_turtlebot/resource
[0.549s] copying resource/turtlebot_webots.urdf -> /home/jinwoo/webots_ros2_ws/install/webots_ros2_turtlebot/share/webots_ros2_turtlebot/resource
[0.549s] copying resource/ros2control.yml -> /home/jinwoo/webots_ros2_ws/install/webots_ros2_turtlebot/share/webots_ros2_turtlebot/resource
[0.549s] copying resource/nav2_params.yaml -> /home/jinwoo/webots_ros2_ws/install/webots_ros2_turtlebot/share/webots_ros2_turtlebot/resource
[0.549s] creating /home/jinwoo/webots_ros2_ws/install/webots_ros2_turtlebot/share/webots_ros2_turtlebot/worlds
[0.549s] copying worlds/turtlebot3_burger_example.wbt -> /home/jinwoo/webots_ros2_ws/install/webots_ros2_turtlebot/share/webots_ros2_turtlebot/worlds
[0.549s] copying worlds/.turtlebot3_burger_example.wbproj -> /home/jinwoo/webots_ros2_ws/install/webots_ros2_turtlebot/share/webots_ros2_turtlebot/worlds
[0.549s] copying package.xml -> /home/jinwoo/webots_ros2_ws/install/webots_ros2_turtlebot/share/webots_ros2_turtlebot
[0.550s] running install_egg_info
[0.550s] Copying ../../../build/webots_ros2_turtlebot/webots_ros2_turtlebot.egg-info to /home/jinwoo/webots_ros2_ws/install/webots_ros2_turtlebot/lib/python3.10/site-packages/webots_ros2_turtlebot-2025.0.1-py3.10.egg-info
[0.551s] running install_scripts
[0.563s] writing list of installed files to '/home/jinwoo/webots_ros2_ws/build/webots_ros2_turtlebot/install.log'
[0.579s] Invoked command in '/home/jinwoo/webots_ros2_ws/src/webots_ros2/webots_ros2_turtlebot' returned '0': PYTHONPATH=/home/jinwoo/webots_ros2_ws/build/webots_ros2_turtlebot/prefix_override:/usr/lib/python3/dist-packages/colcon_core/task/python/colcon_distutils_commands:/home/jinwoo/webots_ros2_ws/install/webots_ros2_turtlebot/lib/python3.10/site-packages:${PYTHONPATH} /usr/bin/python3 -W ignore:setup.py install is deprecated -W ignore:easy_install command is deprecated setup.py egg_info --egg-base ../../../build/webots_ros2_turtlebot build --build-base /home/jinwoo/webots_ros2_ws/build/webots_ros2_turtlebot/build install --record /home/jinwoo/webots_ros2_ws/build/webots_ros2_turtlebot/install.log --single-version-externally-managed install_data
