[0.389s] Invoking command in '/home/jinwoo/webots_ros2_ws/src/webots_ros2/webots_ros2_turtlebot': PYTHONPATH=/home/jinwoo/webots_ros2_ws/build/webots_ros2_turtlebot/prefix_override:/usr/lib/python3/dist-packages/colcon_core/task/python/colcon_distutils_commands:/home/jinwoo/webots_ros2_ws/install/webots_ros2_turtlebot/lib/python3.10/site-packages:${PYTHONPATH} /usr/bin/python3 -W ignore:setup.py install is deprecated -W ignore:easy_install command is deprecated setup.py egg_info --egg-base ../../../build/webots_ros2_turtlebot build --build-base /home/jinwoo/webots_ros2_ws/build/webots_ros2_turtlebot/build install --record /home/jinwoo/webots_ros2_ws/build/webots_ros2_turtlebot/install.log --single-version-externally-managed install_data
[0.528s] running egg_info
[0.528s] writing ../../../build/webots_ros2_turtlebot/webots_ros2_turtlebot.egg-info/PKG-INFO
[0.529s] writing dependency_links to ../../../build/webots_ros2_turtlebot/webots_ros2_turtlebot.egg-info/dependency_links.txt
[0.529s] writing entry points to ../../../build/webots_ros2_turtlebot/webots_ros2_turtlebot.egg-info/entry_points.txt
[0.529s] writing requirements to ../../../build/webots_ros2_turtlebot/webots_ros2_turtlebot.egg-info/requires.txt
[0.529s] writing top-level names to ../../../build/webots_ros2_turtlebot/webots_ros2_turtlebot.egg-info/top_level.txt
[0.530s] reading manifest file '../../../build/webots_ros2_turtlebot/webots_ros2_turtlebot.egg-info/SOURCES.txt'
[0.530s] writing manifest file '../../../build/webots_ros2_turtlebot/webots_ros2_turtlebot.egg-info/SOURCES.txt'
[0.530s] running build
[0.530s] running build_py
[0.530s] running install
[0.530s] running install_lib
[0.531s] running install_data
[0.531s] running install_egg_info
[0.532s] removing '/home/jinwoo/webots_ros2_ws/install/webots_ros2_turtlebot/lib/python3.10/site-packages/webots_ros2_turtlebot-2025.0.1-py3.10.egg-info' (and everything under it)
[0.532s] Copying ../../../build/webots_ros2_turtlebot/webots_ros2_turtlebot.egg-info to /home/jinwoo/webots_ros2_ws/install/webots_ros2_turtlebot/lib/python3.10/site-packages/webots_ros2_turtlebot-2025.0.1-py3.10.egg-info
[0.533s] running install_scripts
[0.545s] writing list of installed files to '/home/jinwoo/webots_ros2_ws/build/webots_ros2_turtlebot/install.log'
[0.561s] Invoked command in '/home/jinwoo/webots_ros2_ws/src/webots_ros2/webots_ros2_turtlebot' returned '0': PYTHONPATH=/home/jinwoo/webots_ros2_ws/build/webots_ros2_turtlebot/prefix_override:/usr/lib/python3/dist-packages/colcon_core/task/python/colcon_distutils_commands:/home/jinwoo/webots_ros2_ws/install/webots_ros2_turtlebot/lib/python3.10/site-packages:${PYTHONPATH} /usr/bin/python3 -W ignore:setup.py install is deprecated -W ignore:easy_install command is deprecated setup.py egg_info --egg-base ../../../build/webots_ros2_turtlebot build --build-base /home/jinwoo/webots_ros2_ws/build/webots_ros2_turtlebot/build install --record /home/jinwoo/webots_ros2_ws/build/webots_ros2_turtlebot/install.log --single-version-externally-managed install_data
