[0.387s] Invoking command in '/home/jinwoo/webots_ros2_ws/src/bt_image_capture': PYTHONPATH=/home/jinwoo/webots_ros2_ws/build/bt_image_capture/prefix_override:/usr/lib/python3/dist-packages/colcon_core/task/python/colcon_distutils_commands:/home/jinwoo/webots_ros2_ws/install/bt_image_capture/lib/python3.10/site-packages:${PYTHONPATH} /usr/bin/python3 -W ignore:setup.py install is deprecated -W ignore:easy_install command is deprecated setup.py egg_info --egg-base ../../build/bt_image_capture build --build-base /home/jinwoo/webots_ros2_ws/build/bt_image_capture/build install --record /home/jinwoo/webots_ros2_ws/build/bt_image_capture/install.log --single-version-externally-managed install_data
[0.531s] running egg_info
[0.531s] writing ../../build/bt_image_capture/bt_image_capture.egg-info/PKG-INFO
[0.531s] writing dependency_links to ../../build/bt_image_capture/bt_image_capture.egg-info/dependency_links.txt
[0.532s] writing entry points to ../../build/bt_image_capture/bt_image_capture.egg-info/entry_points.txt
[0.532s] writing requirements to ../../build/bt_image_capture/bt_image_capture.egg-info/requires.txt
[0.532s] writing top-level names to ../../build/bt_image_capture/bt_image_capture.egg-info/top_level.txt
[0.533s] reading manifest file '../../build/bt_image_capture/bt_image_capture.egg-info/SOURCES.txt'
[0.534s] writing manifest file '../../build/bt_image_capture/bt_image_capture.egg-info/SOURCES.txt'
[0.534s] running build
[0.534s] running build_py
[0.534s] running install
[0.534s] running install_lib
[0.535s] running install_data
[0.535s] running install_egg_info
[0.536s] removing '/home/jinwoo/webots_ros2_ws/install/bt_image_capture/lib/python3.10/site-packages/bt_image_capture-0.0.0-py3.10.egg-info' (and everything under it)
[0.536s] Copying ../../build/bt_image_capture/bt_image_capture.egg-info to /home/jinwoo/webots_ros2_ws/install/bt_image_capture/lib/python3.10/site-packages/bt_image_capture-0.0.0-py3.10.egg-info
[0.536s] running install_scripts
[0.549s] Installing bt_take_picture script to /home/jinwoo/webots_ros2_ws/install/bt_image_capture/lib/bt_image_capture
[0.549s] writing list of installed files to '/home/jinwoo/webots_ros2_ws/build/bt_image_capture/install.log'
[0.564s] Invoked command in '/home/jinwoo/webots_ros2_ws/src/bt_image_capture' returned '0': PYTHONPATH=/home/jinwoo/webots_ros2_ws/build/bt_image_capture/prefix_override:/usr/lib/python3/dist-packages/colcon_core/task/python/colcon_distutils_commands:/home/jinwoo/webots_ros2_ws/install/bt_image_capture/lib/python3.10/site-packages:${PYTHONPATH} /usr/bin/python3 -W ignore:setup.py install is deprecated -W ignore:easy_install command is deprecated setup.py egg_info --egg-base ../../build/bt_image_capture build --build-base /home/jinwoo/webots_ros2_ws/build/bt_image_capture/build install --record /home/jinwoo/webots_ros2_ws/build/bt_image_capture/install.log --single-version-externally-managed install_data
